#
# There is insufficient memory for the Java Runtime Environment to continue.
# Native memory allocation (malloc) failed to allocate 1174336 bytes for Chunk::new
# Possible reasons:
#   The system is out of physical RAM or swap space
#   The process is running with CompressedOops enabled, and the Java Heap may be blocking the growth of the native heap
# Possible solutions:
#   Reduce memory load on the system
#   Increase physical memory or swap space
#   Check if swap backing store is full
#   Decrease Java heap size (-Xmx/-Xms)
#   Decrease number of Java threads
#   Decrease Java thread stack sizes (-Xss)
#   Set larger code cache with -XX:ReservedCodeCacheSize=
#   JVM is running with Unscaled Compressed Oops mode in which the Java heap is
#     placed in the first 4GB address space. The Java Heap base address is the
#     maximum limit for the native heap growth. Please use -XX:HeapBaseMinAddress
#     to set the Java Heap base and to place the Java Heap above 4GB virtual address.
# This output file may be truncated or incomplete.
#
#  Out of Memory Error (./src/hotspot/share/memory/arena.cpp:197), pid=10540, tid=3380
#
# JRE version: OpenJDK Runtime Environment (11.0.8+10) (build 11.0.8+10-b944.6842174)
# Java VM: OpenJDK 64-Bit Server VM (11.0.8+10-b944.6842174, mixed mode, tiered, compressed oops, g1 gc, windows-amd64)
# No core dump will be written. Minidumps are not enabled by default on client versions of Windows
#

---------------  S U M M A R Y ------------

Command Line: --add-opens=java.base/java.util=ALL-UNNAMED --add-opens=java.base/java.lang=ALL-UNNAMED --add-opens=java.base/java.lang.invoke=ALL-UNNAMED --add-opens=java.prefs/java.util.prefs=ALL-UNNAMED -Xmx2048m -Dfile.encoding=UTF-8 -Duser.country=KR -Duser.language=ko -Duser.variant org.gradle.launcher.daemon.bootstrap.GradleDaemon 6.5

Host: AMD Ryzen 7 4800H with Radeon Graphics         , 16 cores, 15G,  Windows 10 , 64 bit Build 19041 (10.0.19041.1023)
Time: Thu Jul 29 06:03:02 2021 대한민국 표준시 elapsed time: 12 seconds (0d 0h 0m 12s)

---------------  T H R E A D  ---------------

Current thread (0x000001b6ffc49800):  JavaThread "C2 CompilerThread0" daemon [_thread_in_native, id=3380, stack(0x0000001874800000,0x0000001874900000)]


Current CompileTask:
C2:  12698 12145 %     4       org.gradle.internal.instantiation.generator.AbstractClassGenerator::inspectType @ 77 (560 bytes)

Stack: [0x0000001874800000,0x0000001874900000]
Native frames: (J=compiled Java code, j=interpreted, Vv=VM code, C=native code)
V  [jvm.dll+0x5de50a]
V  [jvm.dll+0x7122f5]
V  [jvm.dll+0x71384d]
V  [jvm.dll+0x713f03]
V  [jvm.dll+0x23e728]
V  [jvm.dll+0xb899c]
V  [jvm.dll+0xb8e9c]
V  [jvm.dll+0x2b20e4]
V  [jvm.dll+0x502098]
V  [jvm.dll+0x1ff393]
V  [jvm.dll+0x1f917c]
V  [jvm.dll+0x1f685f]
V  [jvm.dll+0x17f32c]
V  [jvm.dll+0x205047]
V  [jvm.dll+0x203891]
V  [jvm.dll+0x6dad3f]
V  [jvm.dll+0x6d3895]
V  [jvm.dll+0x5dd4a6]
C  [ucrtbase.dll+0x21bb2]
C  [KERNEL32.DLL+0x17034]
C  [ntdll.dll+0x52651]


---------------  P R O C E S S  ---------------

Threads class SMR info:
_java_thread_list=0x000001b68a0b2ac0, length=189, elements={
0x000001b6e4577000, 0x000001b6ffbcf800, 0x000001b6ffbd1000, 0x000001b6ffc46800,
0x000001b6ffc47800, 0x000001b6ffc49800, 0x000001b6ffc4f000, 0x000001b6ffc50000,
0x000001b6ffdd3000, 0x000001b6ffdd3800, 0x000001b6ffdd4800, 0x000001b6ffeb1000,
0x000001b6817a7800, 0x000001b68111f000, 0x000001b68201d800, 0x000001b681ff5000,
0x000001b6826c9000, 0x000001b682505000, 0x000001b68251e000, 0x000001b682520000,
0x000001b682519000, 0x000001b682563000, 0x000001b682764000, 0x000001b682763000,
0x000001b682764800, 0x000001b682765800, 0x000001b68275f800, 0x000001b682761800,
0x000001b682766800, 0x000001b682762000, 0x000001b682760800, 0x000001b684a1c800,
0x000001b684a1a800, 0x000001b684a1e800, 0x000001b684a1f800, 0x000001b684a1a000,
0x000001b684a1d000, 0x000001b684a1e000, 0x000001b684a20800, 0x000001b684a1b800,
0x000001b684a24800, 0x000001b684a27000, 0x000001b684a22000, 0x000001b684a21000,
0x000001b684a25800, 0x000001b684a23800, 0x000001b684a26000, 0x000001b684a27800,
0x000001b684a23000, 0x000001b6848fa000, 0x000001b6848f5000, 0x000001b6848f4000,
0x000001b6848f7800, 0x000001b6848f6000, 0x000001b6848f6800, 0x000001b6848f8800,
0x000001b6848fa800, 0x000001b6848fc800, 0x000001b6848fe000, 0x000001b6848fb800,
0x000001b6848fd000, 0x000001b6848ff000, 0x000001b6848f9000, 0x000001b684900800,
0x000001b684901800, 0x000001b6848ff800, 0x000001b684902000, 0x000001b684903000,
0x000001b6851de000, 0x000001b6851dc000, 0x000001b6851de800, 0x000001b6851d9800,
0x000001b6851db800, 0x000001b6851dd000, 0x000001b6851df800, 0x000001b6851e0800,
0x000001b6851da800, 0x000001b6851e1000, 0x000001b6851e5000, 0x000001b6851e6000,
0x000001b6851e7000, 0x000001b6851e2000, 0x000001b6851e4800, 0x000001b6851e7800,
0x000001b6851e2800, 0x000001b6851e8800, 0x000001b6851e3800, 0x000001b685404800,
0x000001b685403800, 0x000001b685405000, 0x000001b685408800, 0x000001b685406000,
0x000001b685407800, 0x000001b685407000, 0x000001b685402800, 0x000001b68540b800,
0x000001b68540c800, 0x000001b68540a000, 0x000001b685409000, 0x000001b685410800,
0x000001b68540d800, 0x000001b68540f000, 0x000001b685410000, 0x000001b68540e000,
0x000001b68540b000, 0x000001b685411800, 0x000001b685416000, 0x000001b685414800,
0x000001b685417000, 0x000001b685415000, 0x000001b685412800, 0x000001b685417800,
0x000001b685418800, 0x000001b685419000, 0x000001b685413800, 0x000001b68541a000,
0x000001b68541b800, 0x000001b68541c800, 0x000001b68541d800, 0x000001b68541f000,
0x000001b68541e000, 0x000001b685420000, 0x000001b685420800, 0x000001b68541b000,
0x000001b685421800, 0x000001b6852e5800, 0x000001b6852e6000, 0x000001b6852e4800,
0x000001b6852e7000, 0x000001b6852e1000, 0x000001b6852e2000, 0x000001b6852e8800,
0x000001b6852e7800, 0x000001b6852e3000, 0x000001b6852e9800, 0x000001b6852e3800,
0x000001b6852ed800, 0x000001b6852ee800, 0x000001b6852ef000, 0x000001b6852eb000,
0x000001b6852f0000, 0x000001b6852ea000, 0x000001b682af3000, 0x000001b6852ec800,
0x000001b6852ec000, 0x000001b688fb6000, 0x000001b688fb1000, 0x000001b688fb3000,
0x000001b688fb3800, 0x000001b688fb7800, 0x000001b688fb4800, 0x000001b688fb5800,
0x000001b688fb7000, 0x000001b688fb2000, 0x000001b688fbd800, 0x000001b688fbe000,
0x000001b688fbc000, 0x000001b688fb9800, 0x000001b688fba000, 0x000001b688fb8800,
0x000001b688fbf000, 0x000001b688fbc800, 0x000001b688fbb000, 0x000001b688fc0000,
0x000001b686fd1000, 0x000001b686fce800, 0x000001b686fd1800, 0x000001b686fd2800,
0x000001b686fd4000, 0x000001b686fcf000, 0x000001b686fd3800, 0x000001b686fd5000,
0x000001b686fd5800, 0x000001b686fd0000, 0x000001b686fda000, 0x000001b686fda800,
0x000001b686fdb800, 0x000001b686fd6800, 0x000001b686fdc800, 0x000001b686fdd000,
0x000001b686fd7800, 0x000001b686fd8000, 0x000001b686fd9000, 0x000001b689380800,
0x000001b68937c800, 0x000001b68937f000, 0x000001b68937d800, 0x000001b68937e000,
0x000001b68937f800
}

Java Threads: ( => current thread )
  0x000001b6e4577000 JavaThread "main" [_thread_blocked, id=9656, stack(0x0000001873d00000,0x0000001873e00000)]
  0x000001b6ffbcf800 JavaThread "Reference Handler" daemon [_thread_blocked, id=5868, stack(0x0000001874400000,0x0000001874500000)]
  0x000001b6ffbd1000 JavaThread "Finalizer" daemon [_thread_blocked, id=11240, stack(0x0000001874500000,0x0000001874600000)]
  0x000001b6ffc46800 JavaThread "Signal Dispatcher" daemon [_thread_blocked, id=872, stack(0x0000001874600000,0x0000001874700000)]
  0x000001b6ffc47800 JavaThread "Attach Listener" daemon [_thread_blocked, id=9896, stack(0x0000001874700000,0x0000001874800000)]
=>0x000001b6ffc49800 JavaThread "C2 CompilerThread0" daemon [_thread_in_native, id=3380, stack(0x0000001874800000,0x0000001874900000)]
  0x000001b6ffc4f000 JavaThread "C1 CompilerThread0" daemon [_thread_blocked, id=4152, stack(0x0000001874900000,0x0000001874a00000)]
  0x000001b6ffc50000 JavaThread "Sweeper thread" daemon [_thread_blocked, id=3648, stack(0x0000001874a00000,0x0000001874b00000)]
  0x000001b6ffdd3000 JavaThread "Common-Cleaner" daemon [_thread_blocked, id=5248, stack(0x0000001874b00000,0x0000001874c00000)]
  0x000001b6ffdd3800 JavaThread "C1 CompilerThread1" daemon [_thread_blocked, id=1184, stack(0x0000001874c00000,0x0000001874d00000)]
  0x000001b6ffdd4800 JavaThread "C1 CompilerThread2" daemon [_thread_blocked, id=2536, stack(0x0000001874d00000,0x0000001874e00000)]
  0x000001b6ffeb1000 JavaThread "Service Thread" daemon [_thread_blocked, id=10316, stack(0x0000001874e00000,0x0000001874f00000)]
  0x000001b6817a7800 JavaThread "Daemon health stats" [_thread_blocked, id=8948, stack(0x0000001875600000,0x0000001875700000)]
  0x000001b68111f000 JavaThread "Incoming local TCP Connector on port 53222" [_thread_in_native, id=9380, stack(0x0000001875800000,0x0000001875900000)]
  0x000001b68201d800 JavaThread "Daemon periodic checks" [_thread_blocked, id=1572, stack(0x0000001875900000,0x0000001875a00000)]
  0x000001b681ff5000 JavaThread "Daemon" [_thread_blocked, id=2216, stack(0x0000001875a00000,0x0000001875b00000)]
  0x000001b6826c9000 JavaThread "Handler for socket connection from /127.0.0.1:53222 to /127.0.0.1:53223" [_thread_in_native, id=6780, stack(0x0000001875b00000,0x0000001875c00000)]
  0x000001b682505000 JavaThread "Cancel handler" [_thread_blocked, id=5272, stack(0x0000001875c00000,0x0000001875d00000)]
  0x000001b68251e000 JavaThread "Daemon worker" [_thread_blocked, id=7412, stack(0x0000001875d00000,0x0000001875e00000)]
  0x000001b682520000 JavaThread "Asynchronous log dispatcher for DefaultDaemonConnection: socket connection from /127.0.0.1:53222 to /127.0.0.1:53223" [_thread_blocked, id=9396, stack(0x0000001875e00000,0x0000001875f00000)]
  0x000001b682519000 JavaThread "Stdin handler" [_thread_blocked, id=4376, stack(0x0000001875f00000,0x0000001876000000)]
  0x000001b682563000 JavaThread "Thread-8" [_thread_blocked, id=8488, stack(0x0000001876000000,0x0000001876100000)]
  0x000001b682764000 JavaThread "Cache worker for journal cache (C:\Users\SeongYun\.gradle\caches\journal-1)" [_thread_blocked, id=11164, stack(0x0000001876100000,0x0000001876200000)]
  0x000001b682763000 JavaThread "File lock request listener" [_thread_in_native, id=11084, stack(0x0000001876200000,0x0000001876300000)]
  0x000001b682764800 JavaThread "Cache worker for file hash cache (C:\Users\SeongYun\.gradle\caches\6.5\fileHashes)" [_thread_blocked, id=9040, stack(0x0000001876300000,0x0000001876400000)]
  0x000001b682765800 JavaThread "Cache worker for file hash cache (C:\Users\SeongYun\Desktop\github\Chameleon_Tollgate\Android\.gradle\6.5\fileHashes)" [_thread_blocked, id=4916, stack(0x0000001876d00000,0x0000001876e00000)]
  0x000001b68275f800 JavaThread "Cache worker for checksums cache (C:\Users\SeongYun\Desktop\github\Chameleon_Tollgate\Android\.gradle\checksums)" [_thread_blocked, id=5888, stack(0x0000001876e00000,0x0000001876f00000)]
  0x000001b682761800 JavaThread "Cache worker for cache directory md-supplier (C:\Users\SeongYun\.gradle\caches\6.5\md-supplier)" [_thread_blocked, id=5876, stack(0x0000001876f00000,0x0000001877000000)]
  0x000001b682766800 JavaThread "Cache worker for cache directory md-rule (C:\Users\SeongYun\.gradle\caches\6.5\md-rule)" [_thread_blocked, id=8396, stack(0x0000001877000000,0x0000001877100000)]
  0x000001b682762000 JavaThread "Cache worker for execution history cache (C:\Users\SeongYun\.gradle\caches\6.5\executionHistory)" [_thread_blocked, id=9080, stack(0x0000001877100000,0x0000001877200000)]
  0x000001b682760800 JavaThread "jar transforms" [_thread_blocked, id=5720, stack(0x0000001877200000,0x0000001877300000)]
  0x000001b684a1c800 JavaThread "Cache worker for file content cache (C:\Users\SeongYun\.gradle\caches\6.5\fileContent)" [_thread_blocked, id=7640, stack(0x0000001877300000,0x0000001877400000)]
  0x000001b684a1a800 JavaThread "Build operations" [_thread_blocked, id=5036, stack(0x0000001877400000,0x0000001877500000)]
  0x000001b684a1e800 JavaThread "Build operations Thread 2" [_thread_blocked, id=9184, stack(0x0000001877500000,0x0000001877600000)]
  0x000001b684a1f800 JavaThread "Build operations Thread 3" [_thread_blocked, id=9516, stack(0x0000001877600000,0x0000001877700000)]
  0x000001b684a1a000 JavaThread "Build operations Thread 4" [_thread_blocked, id=5016, stack(0x0000001877700000,0x0000001877800000)]
  0x000001b684a1d000 JavaThread "Build operations Thread 5" [_thread_blocked, id=4532, stack(0x0000001877800000,0x0000001877900000)]
  0x000001b684a1e000 JavaThread "Build operations Thread 6" [_thread_blocked, id=1352, stack(0x0000001877900000,0x0000001877a00000)]
  0x000001b684a20800 JavaThread "Build operations Thread 7" [_thread_blocked, id=11552, stack(0x0000001877a00000,0x0000001877b00000)]
  0x000001b684a1b800 JavaThread "Build operations Thread 8" [_thread_blocked, id=10088, stack(0x0000001877b00000,0x0000001877c00000)]
  0x000001b684a24800 JavaThread "Build operations Thread 9" [_thread_blocked, id=2664, stack(0x0000001877c00000,0x0000001877d00000)]
  0x000001b684a27000 JavaThread "Build operations Thread 10" [_thread_blocked, id=2440, stack(0x0000001877d00000,0x0000001877e00000)]
  0x000001b684a22000 JavaThread "Build operations Thread 11" [_thread_blocked, id=8884, stack(0x0000001877e00000,0x0000001877f00000)]
  0x000001b684a21000 JavaThread "Build operations Thread 12" [_thread_blocked, id=1188, stack(0x0000001877f00000,0x0000001878000000)]
  0x000001b684a25800 JavaThread "Build operations Thread 13" [_thread_blocked, id=11068, stack(0x0000001878000000,0x0000001878100000)]
  0x000001b684a23800 JavaThread "Build operations Thread 14" [_thread_blocked, id=5796, stack(0x0000001878100000,0x0000001878200000)]
  0x000001b684a26000 JavaThread "Build operations Thread 15" [_thread_blocked, id=6996, stack(0x0000001878200000,0x0000001878300000)]
  0x000001b684a27800 JavaThread "Build operations Thread 16" [_thread_blocked, id=1904, stack(0x0000001878300000,0x0000001878400000)]
  0x000001b684a23000 JavaThread "jar transforms Thread 2" [_thread_blocked, id=10668, stack(0x0000001878400000,0x0000001878500000)]
  0x000001b6848fa000 JavaThread "jar transforms Thread 3" [_thread_blocked, id=8260, stack(0x0000001878500000,0x0000001878600000)]
  0x000001b6848f5000 JavaThread "jar transforms Thread 4" [_thread_blocked, id=8348, stack(0x0000001878600000,0x0000001878700000)]
  0x000001b6848f4000 JavaThread "jar transforms Thread 5" [_thread_blocked, id=5832, stack(0x0000001878700000,0x0000001878800000)]
  0x000001b6848f7800 JavaThread "jar transforms Thread 6" [_thread_blocked, id=5316, stack(0x0000001878800000,0x0000001878900000)]
  0x000001b6848f6000 JavaThread "jar transforms Thread 7" [_thread_blocked, id=11316, stack(0x0000001878900000,0x0000001878a00000)]
  0x000001b6848f6800 JavaThread "jar transforms Thread 8" [_thread_blocked, id=11644, stack(0x0000001878a00000,0x0000001878b00000)]
  0x000001b6848f8800 JavaThread "jar transforms Thread 9" [_thread_blocked, id=4852, stack(0x0000001878b00000,0x0000001878c00000)]
  0x000001b6848fa800 JavaThread "jar transforms Thread 10" [_thread_blocked, id=5240, stack(0x0000001878c00000,0x0000001878d00000)]
  0x000001b6848fc800 JavaThread "jar transforms Thread 11" [_thread_blocked, id=8920, stack(0x0000001878d00000,0x0000001878e00000)]
  0x000001b6848fe000 JavaThread "jar transforms Thread 12" [_thread_blocked, id=500, stack(0x0000001878e00000,0x0000001878f00000)]
  0x000001b6848fb800 JavaThread "jar transforms Thread 13" [_thread_blocked, id=11852, stack(0x0000001878f00000,0x0000001879000000)]
  0x000001b6848fd000 JavaThread "jar transforms Thread 14" [_thread_blocked, id=12272, stack(0x0000001879000000,0x0000001879100000)]
  0x000001b6848ff000 JavaThread "jar transforms Thread 15" [_thread_blocked, id=6268, stack(0x0000001879100000,0x0000001879200000)]
  0x000001b6848f9000 JavaThread "jar transforms Thread 16" [_thread_blocked, id=852, stack(0x0000001879200000,0x0000001879300000)]
  0x000001b684900800 JavaThread "jar transforms Thread 17" [_thread_blocked, id=6716, stack(0x0000001879300000,0x0000001879400000)]
  0x000001b684901800 JavaThread "jar transforms Thread 18" [_thread_blocked, id=8144, stack(0x0000001879400000,0x0000001879500000)]
  0x000001b6848ff800 JavaThread "jar transforms Thread 19" [_thread_blocked, id=6376, stack(0x0000001879500000,0x0000001879600000)]
  0x000001b684902000 JavaThread "jar transforms Thread 20" [_thread_blocked, id=6936, stack(0x0000001879600000,0x0000001879700000)]
  0x000001b684903000 JavaThread "jar transforms Thread 21" [_thread_blocked, id=6492, stack(0x0000001879700000,0x0000001879800000)]
  0x000001b6851de000 JavaThread "jar transforms Thread 22" [_thread_blocked, id=5308, stack(0x0000001879800000,0x0000001879900000)]
  0x000001b6851dc000 JavaThread "jar transforms Thread 23" [_thread_blocked, id=6020, stack(0x0000001879900000,0x0000001879a00000)]
  0x000001b6851de800 JavaThread "jar transforms Thread 24" [_thread_blocked, id=4784, stack(0x0000001879a00000,0x0000001879b00000)]
  0x000001b6851d9800 JavaThread "jar transforms Thread 25" [_thread_blocked, id=6132, stack(0x0000001879b00000,0x0000001879c00000)]
  0x000001b6851db800 JavaThread "jar transforms Thread 26" [_thread_blocked, id=6316, stack(0x0000001879c00000,0x0000001879d00000)]
  0x000001b6851dd000 JavaThread "jar transforms Thread 27" [_thread_blocked, id=3288, stack(0x0000001879d00000,0x0000001879e00000)]
  0x000001b6851df800 JavaThread "jar transforms Thread 28" [_thread_blocked, id=11492, stack(0x0000001879e00000,0x0000001879f00000)]
  0x000001b6851e0800 JavaThread "jar transforms Thread 29" [_thread_blocked, id=6160, stack(0x0000001879f00000,0x000000187a000000)]
  0x000001b6851da800 JavaThread "jar transforms Thread 30" [_thread_blocked, id=11912, stack(0x000000187a000000,0x000000187a100000)]
  0x000001b6851e1000 JavaThread "jar transforms Thread 31" [_thread_blocked, id=2388, stack(0x000000187a100000,0x000000187a200000)]
  0x000001b6851e5000 JavaThread "jar transforms Thread 32" [_thread_blocked, id=5764, stack(0x000000187a200000,0x000000187a300000)]
  0x000001b6851e6000 JavaThread "jar transforms Thread 33" [_thread_blocked, id=7912, stack(0x000000187a300000,0x000000187a400000)]
  0x000001b6851e7000 JavaThread "jar transforms Thread 34" [_thread_blocked, id=3640, stack(0x000000187a400000,0x000000187a500000)]
  0x000001b6851e2000 JavaThread "jar transforms Thread 35" [_thread_blocked, id=3004, stack(0x000000187a500000,0x000000187a600000)]
  0x000001b6851e4800 JavaThread "jar transforms Thread 36" [_thread_blocked, id=844, stack(0x000000187a600000,0x000000187a700000)]
  0x000001b6851e7800 JavaThread "jar transforms Thread 37" [_thread_blocked, id=6684, stack(0x000000187a700000,0x000000187a800000)]
  0x000001b6851e2800 JavaThread "jar transforms Thread 38" [_thread_blocked, id=7448, stack(0x000000187a800000,0x000000187a900000)]
  0x000001b6851e8800 JavaThread "jar transforms Thread 39" [_thread_blocked, id=6744, stack(0x000000187a900000,0x000000187aa00000)]
  0x000001b6851e3800 JavaThread "jar transforms Thread 40" [_thread_blocked, id=6520, stack(0x000000187aa00000,0x000000187ab00000)]
  0x000001b685404800 JavaThread "jar transforms Thread 41" [_thread_blocked, id=11696, stack(0x000000187ab00000,0x000000187ac00000)]
  0x000001b685403800 JavaThread "jar transforms Thread 42" [_thread_blocked, id=2844, stack(0x000000187ac00000,0x000000187ad00000)]
  0x000001b685405000 JavaThread "jar transforms Thread 43" [_thread_blocked, id=11788, stack(0x000000187ad00000,0x000000187ae00000)]
  0x000001b685408800 JavaThread "jar transforms Thread 44" [_thread_blocked, id=12116, stack(0x000000187ae00000,0x000000187af00000)]
  0x000001b685406000 JavaThread "jar transforms Thread 45" [_thread_blocked, id=7232, stack(0x000000187af00000,0x000000187b000000)]
  0x000001b685407800 JavaThread "jar transforms Thread 46" [_thread_blocked, id=3904, stack(0x000000187b000000,0x000000187b100000)]
  0x000001b685407000 JavaThread "jar transforms Thread 47" [_thread_blocked, id=3848, stack(0x000000187b100000,0x000000187b200000)]
  0x000001b685402800 JavaThread "jar transforms Thread 48" [_thread_blocked, id=7012, stack(0x000000187b200000,0x000000187b300000)]
  0x000001b68540b800 JavaThread "jar transforms Thread 49" [_thread_blocked, id=5724, stack(0x000000187b300000,0x000000187b400000)]
  0x000001b68540c800 JavaThread "jar transforms Thread 50" [_thread_blocked, id=3440, stack(0x000000187b400000,0x000000187b500000)]
  0x000001b68540a000 JavaThread "jar transforms Thread 51" [_thread_blocked, id=4908, stack(0x000000187b500000,0x000000187b600000)]
  0x000001b685409000 JavaThread "jar transforms Thread 52" [_thread_blocked, id=1908, stack(0x000000187b600000,0x000000187b700000)]
  0x000001b685410800 JavaThread "jar transforms Thread 53" [_thread_blocked, id=4600, stack(0x000000187b700000,0x000000187b800000)]
  0x000001b68540d800 JavaThread "jar transforms Thread 54" [_thread_blocked, id=888, stack(0x000000187b800000,0x000000187b900000)]
  0x000001b68540f000 JavaThread "jar transforms Thread 55" [_thread_blocked, id=9296, stack(0x000000187b900000,0x000000187ba00000)]
  0x000001b685410000 JavaThread "jar transforms Thread 56" [_thread_blocked, id=7356, stack(0x000000187ba00000,0x000000187bb00000)]
  0x000001b68540e000 JavaThread "jar transforms Thread 57" [_thread_blocked, id=8088, stack(0x000000187bb00000,0x000000187bc00000)]
  0x000001b68540b000 JavaThread "jar transforms Thread 58" [_thread_blocked, id=6688, stack(0x000000187bc00000,0x000000187bd00000)]
  0x000001b685411800 JavaThread "jar transforms Thread 59" [_thread_blocked, id=11032, stack(0x000000187bd00000,0x000000187be00000)]
  0x000001b685416000 JavaThread "jar transforms Thread 60" [_thread_blocked, id=3336, stack(0x000000187be00000,0x000000187bf00000)]
  0x000001b685414800 JavaThread "jar transforms Thread 61" [_thread_blocked, id=3324, stack(0x000000187bf00000,0x000000187c000000)]
  0x000001b685417000 JavaThread "jar transforms Thread 62" [_thread_blocked, id=11920, stack(0x000000187c000000,0x000000187c100000)]
  0x000001b685415000 JavaThread "jar transforms Thread 63" [_thread_blocked, id=6524, stack(0x000000187c100000,0x000000187c200000)]
  0x000001b685412800 JavaThread "jar transforms Thread 64" [_thread_blocked, id=6068, stack(0x000000187c200000,0x000000187c300000)]
  0x000001b685417800 JavaThread "jar transforms Thread 65" [_thread_blocked, id=11932, stack(0x000000187c300000,0x000000187c400000)]
  0x000001b685418800 JavaThread "jar transforms Thread 66" [_thread_blocked, id=6136, stack(0x000000187c400000,0x000000187c500000)]
  0x000001b685419000 JavaThread "jar transforms Thread 67" [_thread_blocked, id=10060, stack(0x000000187c500000,0x000000187c600000)]
  0x000001b685413800 JavaThread "jar transforms Thread 68" [_thread_blocked, id=10408, stack(0x000000187c600000,0x000000187c700000)]
  0x000001b68541a000 JavaThread "jar transforms Thread 69" [_thread_blocked, id=1836, stack(0x000000187c700000,0x000000187c800000)]
  0x000001b68541b800 JavaThread "jar transforms Thread 70" [_thread_blocked, id=4900, stack(0x000000187c800000,0x000000187c900000)]
  0x000001b68541c800 JavaThread "jar transforms Thread 71" [_thread_blocked, id=9356, stack(0x000000187c900000,0x000000187ca00000)]
  0x000001b68541d800 JavaThread "jar transforms Thread 72" [_thread_blocked, id=7464, stack(0x000000187ca00000,0x000000187cb00000)]
  0x000001b68541f000 JavaThread "jar transforms Thread 73" [_thread_blocked, id=11848, stack(0x000000187cb00000,0x000000187cc00000)]
  0x000001b68541e000 JavaThread "jar transforms Thread 74" [_thread_blocked, id=4604, stack(0x000000187cc00000,0x000000187cd00000)]
  0x000001b685420000 JavaThread "jar transforms Thread 75" [_thread_blocked, id=8368, stack(0x000000187cd00000,0x000000187ce00000)]
  0x000001b685420800 JavaThread "jar transforms Thread 76" [_thread_blocked, id=4888, stack(0x000000187ce00000,0x000000187cf00000)]
  0x000001b68541b000 JavaThread "jar transforms Thread 77" [_thread_blocked, id=9564, stack(0x000000187cf00000,0x000000187d000000)]
  0x000001b685421800 JavaThread "jar transforms Thread 78" [_thread_blocked, id=7784, stack(0x000000187d000000,0x000000187d100000)]
  0x000001b6852e5800 JavaThread "jar transforms Thread 79" [_thread_blocked, id=5756, stack(0x000000187d100000,0x000000187d200000)]
  0x000001b6852e6000 JavaThread "jar transforms Thread 80" [_thread_blocked, id=11392, stack(0x000000187d200000,0x000000187d300000)]
  0x000001b6852e4800 JavaThread "jar transforms Thread 81" [_thread_blocked, id=3436, stack(0x000000187d300000,0x000000187d400000)]
  0x000001b6852e7000 JavaThread "jar transforms Thread 82" [_thread_blocked, id=7740, stack(0x000000187d400000,0x000000187d500000)]
  0x000001b6852e1000 JavaThread "jar transforms Thread 83" [_thread_blocked, id=3760, stack(0x000000187d500000,0x000000187d600000)]
  0x000001b6852e2000 JavaThread "jar transforms Thread 84" [_thread_blocked, id=3528, stack(0x000000187d600000,0x000000187d700000)]
  0x000001b6852e8800 JavaThread "jar transforms Thread 85" [_thread_blocked, id=2512, stack(0x000000187d700000,0x000000187d800000)]
  0x000001b6852e7800 JavaThread "jar transforms Thread 86" [_thread_blocked, id=6056, stack(0x000000187d800000,0x000000187d900000)]
  0x000001b6852e3000 JavaThread "jar transforms Thread 87" [_thread_blocked, id=11624, stack(0x000000187d900000,0x000000187da00000)]
  0x000001b6852e9800 JavaThread "jar transforms Thread 88" [_thread_blocked, id=8480, stack(0x000000187da00000,0x000000187db00000)]
  0x000001b6852e3800 JavaThread "jar transforms Thread 89" [_thread_blocked, id=5236, stack(0x000000187db00000,0x000000187dc00000)]
  0x000001b6852ed800 JavaThread "jar transforms Thread 90" [_thread_blocked, id=5696, stack(0x000000187dc00000,0x000000187dd00000)]
  0x000001b6852ee800 JavaThread "jar transforms Thread 91" [_thread_blocked, id=5284, stack(0x000000187dd00000,0x000000187de00000)]
  0x000001b6852ef000 JavaThread "jar transforms Thread 92" [_thread_blocked, id=2372, stack(0x000000187de00000,0x000000187df00000)]
  0x000001b6852eb000 JavaThread "jar transforms Thread 93" [_thread_blocked, id=920, stack(0x000000187df00000,0x000000187e000000)]
  0x000001b6852f0000 JavaThread "jar transforms Thread 94" [_thread_blocked, id=1052, stack(0x000000187e000000,0x000000187e100000)]
  0x000001b6852ea000 JavaThread "Cache worker for Build Output Cleanup Cache (C:\Users\SeongYun\Desktop\github\Chameleon_Tollgate\Android\.gradle\buildOutputCleanup)" [_thread_blocked, id=11504, stack(0x000000187e100000,0x000000187e200000)]
  0x000001b682af3000 JavaThread "C2 CompilerThread1" daemon [_thread_in_native, id=6568, stack(0x000000187e300000,0x000000187e400000)]
  0x000001b6852ec800 JavaThread "Memory manager" [_thread_blocked, id=6448, stack(0x000000187e400000,0x000000187e500000)]
  0x000001b6852ec000 JavaThread "Cache worker for file content cache (C:\Users\SeongYun\Desktop\github\Chameleon_Tollgate\Android\.gradle\6.5\fileContent)" [_thread_blocked, id=8852, stack(0x000000187e500000,0x000000187e600000)]
  0x000001b688fb6000 JavaThread "Execution worker for ':'" [_thread_blocked, id=11556, stack(0x000000187e600000,0x000000187e700000)]
  0x000001b688fb1000 JavaThread "Execution worker for ':' Thread 2" [_thread_in_vm, id=520, stack(0x000000187e700000,0x000000187e800000)]
  0x000001b688fb3000 JavaThread "Execution worker for ':' Thread 3" [_thread_blocked, id=5380, stack(0x000000187e800000,0x000000187e900000)]
  0x000001b688fb3800 JavaThread "Execution worker for ':' Thread 4" [_thread_blocked, id=12096, stack(0x000000187e900000,0x000000187ea00000)]
  0x000001b688fb7800 JavaThread "Execution worker for ':' Thread 5" [_thread_blocked, id=1580, stack(0x000000187ea00000,0x000000187eb00000)]
  0x000001b688fb4800 JavaThread "Execution worker for ':' Thread 6" [_thread_blocked, id=3700, stack(0x000000187eb00000,0x000000187ec00000)]
  0x000001b688fb5800 JavaThread "Execution worker for ':' Thread 7" [_thread_blocked, id=2180, stack(0x000000187ec00000,0x000000187ed00000)]
  0x000001b688fb7000 JavaThread "Execution worker for ':' Thread 8" [_thread_blocked, id=5968, stack(0x000000187ed00000,0x000000187ee00000)]
  0x000001b688fb2000 JavaThread "Execution worker for ':' Thread 9" [_thread_blocked, id=6748, stack(0x000000187ee00000,0x000000187ef00000)]
  0x000001b688fbd800 JavaThread "Execution worker for ':' Thread 10" [_thread_blocked, id=9660, stack(0x000000187ef00000,0x000000187f000000)]
  0x000001b688fbe000 JavaThread "Execution worker for ':' Thread 11" [_thread_blocked, id=11664, stack(0x000000187f000000,0x000000187f100000)]
  0x000001b688fbc000 JavaThread "Execution worker for ':' Thread 12" [_thread_blocked, id=12216, stack(0x000000187f100000,0x000000187f200000)]
  0x000001b688fb9800 JavaThread "Execution worker for ':' Thread 13" [_thread_blocked, id=3572, stack(0x000000187f200000,0x000000187f300000)]
  0x000001b688fba000 JavaThread "Execution worker for ':' Thread 14" [_thread_blocked, id=8356, stack(0x000000187f300000,0x000000187f400000)]
  0x000001b688fb8800 JavaThread "Execution worker for ':' Thread 15" [_thread_blocked, id=1432, stack(0x000000187f400000,0x000000187f500000)]
  0x000001b688fbf000 JavaThread "Cache worker for execution history cache (C:\Users\SeongYun\Desktop\github\Chameleon_Tollgate\Android\.gradle\6.5\executionHistory)" [_thread_blocked, id=4064, stack(0x000000187f500000,0x000000187f600000)]
  0x000001b688fbc800 JavaThread "WorkerExecutor Queue" [_thread_blocked, id=6512, stack(0x000000187f600000,0x000000187f700000)]
  0x000001b688fbb000 JavaThread "WorkerExecutor Queue Thread 2" [_thread_blocked, id=2060, stack(0x000000187f700000,0x000000187f800000)]
  0x000001b688fc0000 JavaThread "WorkerExecutor Queue Thread 3" [_thread_blocked, id=11580, stack(0x000000187f800000,0x000000187f900000)]
  0x000001b686fd1000 JavaThread "WorkerExecutor Queue Thread 4" [_thread_blocked, id=5844, stack(0x000000187f900000,0x000000187fa00000)]
  0x000001b686fce800 JavaThread "WorkerExecutor Queue Thread 5" [_thread_blocked, id=7156, stack(0x000000187fa00000,0x000000187fb00000)]
  0x000001b686fd1800 JavaThread "WorkerExecutor Queue Thread 6" [_thread_blocked, id=6508, stack(0x000000187fb00000,0x000000187fc00000)]
  0x000001b686fd2800 JavaThread "pool-2-thread-1" [_thread_blocked, id=4340, stack(0x000000187fc00000,0x000000187fd00000)]
  0x000001b686fd4000 JavaThread "WorkerExecutor Queue Thread 7" [_thread_blocked, id=4344, stack(0x000000187fd00000,0x000000187fe00000)]
  0x000001b686fcf000 JavaThread "WorkerExecutor Queue Thread 8" [_thread_blocked, id=2524, stack(0x000000187fe00000,0x000000187ff00000)]
  0x000001b686fd3800 JavaThread "stderr" [_thread_in_native, id=6844, stack(0x000000187ff00000,0x0000001880000000)]
  0x000001b686fd5000 JavaThread "stderr" [_thread_in_native, id=3392, stack(0x0000001800000000,0x0000001800100000)]
  0x000001b686fd5800 JavaThread "stdout" [_thread_in_native, id=9196, stack(0x0000001800100000,0x0000001800200000)]
  0x000001b686fd0000 JavaThread "stdout" [_thread_in_native, id=11200, stack(0x0000001800200000,0x0000001800300000)]
  0x000001b686fda000 JavaThread "stderr" [_thread_in_native, id=7884, stack(0x0000001800300000,0x0000001800400000)]
  0x000001b686fda800 JavaThread "stdout" [_thread_in_native, id=1700, stack(0x0000001800400000,0x0000001800500000)]
  0x000001b686fdb800 JavaThread "stderr" [_thread_in_native, id=1284, stack(0x0000001800500000,0x0000001800600000)]
  0x000001b686fd6800 JavaThread "stdout" [_thread_in_native, id=11560, stack(0x0000001800600000,0x0000001800700000)]
  0x000001b686fdc800 JavaThread "stderr" [_thread_in_native, id=1780, stack(0x0000001800700000,0x0000001800800000)]
  0x000001b686fdd000 JavaThread "stdout" [_thread_in_native, id=5780, stack(0x0000001800800000,0x0000001800900000)]
  0x000001b686fd7800 JavaThread "stderr" [_thread_in_native, id=6652, stack(0x0000001800900000,0x0000001800a00000)]
  0x000001b686fd8000 JavaThread "stdout" [_thread_in_native, id=10512, stack(0x0000001800a00000,0x0000001800b00000)]
  0x000001b686fd9000 JavaThread "stderr" [_thread_in_native, id=9072, stack(0x0000001800b00000,0x0000001800c00000)]
  0x000001b689380800 JavaThread "stdout" [_thread_in_native, id=2564, stack(0x0000001800c00000,0x0000001800d00000)]
  0x000001b68937c800 JavaThread "stderr" [_thread_in_native, id=4144, stack(0x0000001800d00000,0x0000001800e00000)]
  0x000001b68937f000 JavaThread "stdout" [_thread_in_native, id=5152, stack(0x0000001800e00000,0x0000001800f00000)]
  0x000001b68937d800 JavaThread "Exec process" [_thread_blocked, id=3316, stack(0x0000001800f00000,0x0000001801000000)]
  0x000001b68937e000 JavaThread "Exec process Thread 2" [_thread_blocked, id=4052, stack(0x0000001801000000,0x0000001801100000)]
  0x000001b68937f800 JavaThread "Exec process Thread 3" [_thread_blocked, id=7948, stack(0x0000001801100000,0x0000001801200000)]

Other Threads:
  0x000001b6ffbca000 VMThread "VM Thread" [stack: 0x0000001874300000,0x0000001874400000] [id=1136]
  0x000001b6ffe48000 WatcherThread [stack: 0x0000001874f00000,0x0000001875000000] [id=6896]
  0x000001b6e4590800 GCTaskThread "GC Thread#0" [stack: 0x0000001873e00000,0x0000001873f00000] [id=7472]
  0x000001b681015800 GCTaskThread "GC Thread#1" [stack: 0x0000001875100000,0x0000001875200000] [id=12140]
  0x000001b681018000 GCTaskThread "GC Thread#2" [stack: 0x0000001875200000,0x0000001875300000] [id=8752]
  0x000001b6810b8000 GCTaskThread "GC Thread#3" [stack: 0x0000001875300000,0x0000001875400000] [id=12056]
  0x000001b6810b9000 GCTaskThread "GC Thread#4" [stack: 0x0000001875400000,0x0000001875500000] [id=5112]
  0x000001b6810b9800 GCTaskThread "GC Thread#5" [stack: 0x0000001875500000,0x0000001875600000] [id=10388]
  0x000001b68282a000 GCTaskThread "GC Thread#6" [stack: 0x0000001876400000,0x0000001876500000] [id=9640]
  0x000001b68282a800 GCTaskThread "GC Thread#7" [stack: 0x0000001876500000,0x0000001876600000] [id=12156]
  0x000001b68282b000 GCTaskThread "GC Thread#8" [stack: 0x0000001876600000,0x0000001876700000] [id=7052]
  0x000001b68282c800 GCTaskThread "GC Thread#9" [stack: 0x0000001876700000,0x0000001876800000] [id=1704]
  0x000001b68282d000 GCTaskThread "GC Thread#10" [stack: 0x0000001876800000,0x0000001876900000] [id=2740]
  0x000001b68282e000 GCTaskThread "GC Thread#11" [stack: 0x0000001876900000,0x0000001876a00000] [id=7032]
  0x000001b682843000 GCTaskThread "GC Thread#12" [stack: 0x0000001876a00000,0x0000001876b00000] [id=312]
  0x000001b6e45c0800 ConcurrentGCThread "G1 Main Marker" [stack: 0x0000001873f00000,0x0000001874000000] [id=4268]
  0x000001b6e45c3800 ConcurrentGCThread "G1 Conc#0" [stack: 0x0000001874000000,0x0000001874100000] [id=5820]
  0x000001b681104800 ConcurrentGCThread "G1 Conc#1" [stack: 0x0000001876b00000,0x0000001876c00000] [id=1652]
  0x000001b681101800 ConcurrentGCThread "G1 Conc#2" [stack: 0x0000001876c00000,0x0000001876d00000] [id=5352]
  0x000001b6e465e000 ConcurrentGCThread "G1 Refine#0" [stack: 0x0000001874100000,0x0000001874200000] [id=588]
  0x000001b6829da800 ConcurrentGCThread "G1 Refine#1" [stack: 0x000000187e200000,0x000000187e300000] [id=2504]
  0x000001b6ffa19800 ConcurrentGCThread "G1 Young RemSet Sampling" [stack: 0x0000001874200000,0x0000001874300000] [id=6024]

Threads with active compile tasks:
C2 CompilerThread0  12718 12145 %     4       org.gradle.internal.instantiation.generator.AbstractClassGenerator::inspectType @ 77 (560 bytes)
C1 CompilerThread0  12718 12225       3       java.lang.StackTraceElement::dropClassLoaderName (16 bytes)
C1 CompilerThread1  12719 12224       3       java.lang.StackTraceElement::toString (322 bytes)
C1 CompilerThread2  12719 12226       3       java.lang.StackTraceElement::isNativeMethod (15 bytes)
C2 CompilerThread1  12719 12118   !   4       java.lang.reflect.Field::declaredAnnotations (82 bytes)

VM state:not at safepoint (normal execution)

VM Mutex/Monitor currently owned by a thread: None

Heap address: 0x0000000080000000, size: 2048 MB, Compressed Oops mode: 32-bit
Narrow klass base: 0x0000000000000000, Narrow klass shift: 3
Compressed class space size: 1073741824 Address: 0x0000000100000000

Heap:
 garbage-first heap   total 260096K, used 160768K [0x0000000080000000, 0x0000000100000000)
  region size 1024K, 83 young (84992K), 14 survivors (14336K)
 Metaspace       used 82299K, capacity 84427K, committed 84732K, reserved 1122304K
  class space    used 10583K, capacity 11325K, committed 11392K, reserved 1048576K
Heap Regions: E=young(eden), S=young(survivor), O=old, HS=humongous(starts), HC=humongous(continues), CS=collection set, F=free, A=archive, TAMS=top-at-mark-start (previous, next)
|   0|0x0000000080000000, 0x0000000080100000, 0x0000000080100000|100%| O|  |TAMS 0x0000000080100000, 0x0000000080000000| Untracked 
|   1|0x0000000080100000, 0x0000000080200000, 0x0000000080200000|100%| O|  |TAMS 0x0000000080200000, 0x0000000080100000| Untracked 
|   2|0x0000000080200000, 0x0000000080300000, 0x0000000080300000|100%| O|  |TAMS 0x0000000080300000, 0x0000000080200000| Untracked 
|   3|0x0000000080300000, 0x0000000080400000, 0x0000000080400000|100%|HS|  |TAMS 0x0000000080400000, 0x0000000080300000| Complete 
|   4|0x0000000080400000, 0x0000000080500000, 0x0000000080500000|100%|HC|  |TAMS 0x0000000080500000, 0x0000000080400000| Complete 
|   5|0x0000000080500000, 0x0000000080600000, 0x0000000080600000|100%|HC|  |TAMS 0x0000000080600000, 0x0000000080500000| Complete 
|   6|0x0000000080600000, 0x0000000080700000, 0x0000000080700000|100%| O|  |TAMS 0x0000000080700000, 0x0000000080600000| Untracked 
|   7|0x0000000080700000, 0x0000000080800000, 0x0000000080800000|100%| O|  |TAMS 0x0000000080800000, 0x0000000080700000| Untracked 
|   8|0x0000000080800000, 0x0000000080900000, 0x0000000080900000|100%| O|  |TAMS 0x0000000080900000, 0x0000000080800000| Untracked 
|   9|0x0000000080900000, 0x0000000080a00000, 0x0000000080a00000|100%| O|  |TAMS 0x0000000080a00000, 0x0000000080900000| Untracked 
|  10|0x0000000080a00000, 0x0000000080b00000, 0x0000000080b00000|100%| O|  |TAMS 0x0000000080b00000, 0x0000000080a00000| Untracked 
|  11|0x0000000080b00000, 0x0000000080c00000, 0x0000000080c00000|100%| O|  |TAMS 0x0000000080c00000, 0x0000000080b00000| Untracked 
|  12|0x0000000080c00000, 0x0000000080d00000, 0x0000000080d00000|100%| O|  |TAMS 0x0000000080d00000, 0x0000000080c00000| Untracked 
|  13|0x0000000080d00000, 0x0000000080e00000, 0x0000000080e00000|100%| O|  |TAMS 0x0000000080e00000, 0x0000000080d00000| Untracked 
|  14|0x0000000080e00000, 0x0000000080f00000, 0x0000000080f00000|100%| O|  |TAMS 0x0000000080f00000, 0x0000000080e00000| Untracked 
|  15|0x0000000080f00000, 0x0000000081000000, 0x0000000081000000|100%| O|  |TAMS 0x0000000081000000, 0x0000000080f00000| Untracked 
|  16|0x0000000081000000, 0x0000000081100000, 0x0000000081100000|100%|HS|  |TAMS 0x0000000081100000, 0x0000000081000000| Complete 
|  17|0x0000000081100000, 0x0000000081200000, 0x0000000081200000|100%|HS|  |TAMS 0x0000000081200000, 0x0000000081100000| Complete 
|  18|0x0000000081200000, 0x0000000081300000, 0x0000000081300000|100%|HC|  |TAMS 0x0000000081300000, 0x0000000081200000| Complete 
|  19|0x0000000081300000, 0x0000000081400000, 0x0000000081400000|100%| O|  |TAMS 0x0000000081400000, 0x0000000081300000| Untracked 
|  20|0x0000000081400000, 0x0000000081500000, 0x0000000081500000|100%| O|  |TAMS 0x0000000081500000, 0x0000000081400000| Untracked 
|  21|0x0000000081500000, 0x0000000081600000, 0x0000000081600000|100%| O|  |TAMS 0x0000000081600000, 0x0000000081500000| Untracked 
|  22|0x0000000081600000, 0x0000000081700000, 0x0000000081700000|100%| O|  |TAMS 0x0000000081700000, 0x0000000081600000| Untracked 
|  23|0x0000000081700000, 0x0000000081800000, 0x0000000081800000|100%| O|  |TAMS 0x0000000081800000, 0x0000000081700000| Untracked 
|  24|0x0000000081800000, 0x0000000081900000, 0x0000000081900000|100%| O|  |TAMS 0x0000000081900000, 0x0000000081800000| Untracked 
|  25|0x0000000081900000, 0x0000000081a00000, 0x0000000081a00000|100%| O|  |TAMS 0x0000000081a00000, 0x0000000081900000| Untracked 
|  26|0x0000000081a00000, 0x0000000081b00000, 0x0000000081b00000|100%| O|  |TAMS 0x0000000081b00000, 0x0000000081a00000| Untracked 
|  27|0x0000000081b00000, 0x0000000081c00000, 0x0000000081c00000|100%| O|  |TAMS 0x0000000081c00000, 0x0000000081b00000| Untracked 
|  28|0x0000000081c00000, 0x0000000081d00000, 0x0000000081d00000|100%| O|  |TAMS 0x0000000081d00000, 0x0000000081c00000| Untracked 
|  29|0x0000000081d00000, 0x0000000081e00000, 0x0000000081e00000|100%| O|  |TAMS 0x0000000081e00000, 0x0000000081d00000| Untracked 
|  30|0x0000000081e00000, 0x0000000081f00000, 0x0000000081f00000|100%| O|  |TAMS 0x0000000081f00000, 0x0000000081e00000| Untracked 
|  31|0x0000000081f00000, 0x0000000082000000, 0x0000000082000000|100%| O|  |TAMS 0x0000000082000000, 0x0000000081f00000| Untracked 
|  32|0x0000000082000000, 0x0000000082100000, 0x0000000082100000|100%| O|  |TAMS 0x0000000082100000, 0x0000000082000000| Untracked 
|  33|0x0000000082100000, 0x0000000082200000, 0x0000000082200000|100%| O|  |TAMS 0x0000000082200000, 0x0000000082100000| Untracked 
|  34|0x0000000082200000, 0x0000000082300000, 0x0000000082300000|100%| O|  |TAMS 0x0000000082300000, 0x0000000082200000| Untracked 
|  35|0x0000000082300000, 0x0000000082400000, 0x0000000082400000|100%| O|  |TAMS 0x0000000082400000, 0x0000000082300000| Untracked 
|  36|0x0000000082400000, 0x0000000082500000, 0x0000000082500000|100%| O|  |TAMS 0x0000000082500000, 0x0000000082400000| Untracked 
|  37|0x0000000082500000, 0x0000000082600000, 0x0000000082600000|100%| O|  |TAMS 0x0000000082600000, 0x0000000082500000| Untracked 
|  38|0x0000000082600000, 0x0000000082700000, 0x0000000082700000|100%| O|  |TAMS 0x00000000826d6600, 0x0000000082600000| Untracked 
|  39|0x0000000082700000, 0x0000000082800000, 0x0000000082800000|100%| O|  |TAMS 0x0000000082700000, 0x0000000082700000| Untracked 
|  40|0x0000000082800000, 0x0000000082900000, 0x0000000082900000|100%| O|  |TAMS 0x0000000082800000, 0x0000000082800000| Untracked 
|  41|0x0000000082900000, 0x0000000082a00000, 0x0000000082a00000|100%| O|  |TAMS 0x0000000082900000, 0x0000000082900000| Untracked 
|  42|0x0000000082a00000, 0x0000000082b00000, 0x0000000082b00000|100%| O|  |TAMS 0x0000000082a00000, 0x0000000082a00000| Untracked 
|  43|0x0000000082b00000, 0x0000000082c00000, 0x0000000082c00000|100%| O|  |TAMS 0x0000000082b00000, 0x0000000082b00000| Untracked 
|  44|0x0000000082c00000, 0x0000000082d00000, 0x0000000082d00000|100%| O|  |TAMS 0x0000000082c00000, 0x0000000082c00000| Untracked 
|  45|0x0000000082d00000, 0x0000000082e00000, 0x0000000082e00000|100%| O|  |TAMS 0x0000000082d00000, 0x0000000082d00000| Untracked 
|  46|0x0000000082e00000, 0x0000000082f00000, 0x0000000082f00000|100%| O|  |TAMS 0x0000000082e00000, 0x0000000082e00000| Untracked 
|  47|0x0000000082f00000, 0x0000000083000000, 0x0000000083000000|100%| O|  |TAMS 0x0000000082f00000, 0x0000000082f00000| Untracked 
|  48|0x0000000083000000, 0x0000000083100000, 0x0000000083100000|100%| O|  |TAMS 0x0000000083000000, 0x0000000083000000| Untracked 
|  49|0x0000000083100000, 0x0000000083200000, 0x0000000083200000|100%| O|  |TAMS 0x0000000083100000, 0x0000000083100000| Untracked 
|  50|0x0000000083200000, 0x0000000083300000, 0x0000000083300000|100%| O|  |TAMS 0x0000000083200000, 0x0000000083200000| Untracked 
|  51|0x0000000083300000, 0x0000000083400000, 0x0000000083400000|100%| O|  |TAMS 0x0000000083300000, 0x0000000083300000| Untracked 
|  52|0x0000000083400000, 0x0000000083500000, 0x0000000083500000|100%| O|  |TAMS 0x0000000083400000, 0x0000000083400000| Untracked 
|  53|0x0000000083500000, 0x0000000083600000, 0x0000000083600000|100%| O|  |TAMS 0x0000000083500000, 0x0000000083500000| Untracked 
|  54|0x0000000083600000, 0x0000000083700000, 0x0000000083700000|100%| O|  |TAMS 0x0000000083600000, 0x0000000083600000| Untracked 
|  55|0x0000000083700000, 0x0000000083800000, 0x0000000083800000|100%| O|  |TAMS 0x0000000083700000, 0x0000000083700000| Untracked 
|  56|0x0000000083800000, 0x0000000083900000, 0x0000000083900000|100%| O|  |TAMS 0x0000000083800000, 0x0000000083800000| Untracked 
|  57|0x0000000083900000, 0x0000000083a00000, 0x0000000083a00000|100%| O|  |TAMS 0x0000000083900000, 0x0000000083900000| Untracked 
|  58|0x0000000083a00000, 0x0000000083b00000, 0x0000000083b00000|100%| O|  |TAMS 0x0000000083a00000, 0x0000000083a00000| Untracked 
|  59|0x0000000083b00000, 0x0000000083c00000, 0x0000000083c00000|100%| O|  |TAMS 0x0000000083b00000, 0x0000000083b00000| Untracked 
|  60|0x0000000083c00000, 0x0000000083d00000, 0x0000000083d00000|100%| O|  |TAMS 0x0000000083c00000, 0x0000000083c00000| Untracked 
|  61|0x0000000083d00000, 0x0000000083e00000, 0x0000000083e00000|100%| O|  |TAMS 0x0000000083d00000, 0x0000000083d00000| Untracked 
|  62|0x0000000083e00000, 0x0000000083f00000, 0x0000000083f00000|100%| O|  |TAMS 0x0000000083e00000, 0x0000000083e00000| Untracked 
|  63|0x0000000083f00000, 0x0000000084000000, 0x0000000084000000|100%| O|  |TAMS 0x0000000083f00000, 0x0000000083f00000| Untracked 
|  64|0x0000000084000000, 0x0000000084000000, 0x0000000084100000|  0%| F|  |TAMS 0x0000000084000000, 0x0000000084000000| Untracked 
|  65|0x0000000084100000, 0x0000000084100000, 0x0000000084200000|  0%| F|  |TAMS 0x0000000084100000, 0x0000000084100000| Untracked 
|  66|0x0000000084200000, 0x0000000084300000, 0x0000000084300000|100%|HS|  |TAMS 0x0000000084200000, 0x0000000084200000| Complete 
|  67|0x0000000084300000, 0x0000000084300000, 0x0000000084400000|  0%| F|  |TAMS 0x0000000084300000, 0x0000000084300000| Untracked 
|  68|0x0000000084400000, 0x0000000084400000, 0x0000000084500000|  0%| F|  |TAMS 0x0000000084400000, 0x0000000084400000| Untracked 
|  69|0x0000000084500000, 0x0000000084500000, 0x0000000084600000|  0%| F|  |TAMS 0x0000000084500000, 0x0000000084500000| Untracked 
|  70|0x0000000084600000, 0x0000000084600000, 0x0000000084700000|  0%| F|  |TAMS 0x0000000084600000, 0x0000000084600000| Untracked 
|  71|0x0000000084700000, 0x0000000084700000, 0x0000000084800000|  0%| F|  |TAMS 0x0000000084700000, 0x0000000084700000| Untracked 
|  72|0x0000000084800000, 0x0000000084800000, 0x0000000084900000|  0%| F|  |TAMS 0x0000000084800000, 0x0000000084800000| Untracked 
|  73|0x0000000084900000, 0x0000000084900000, 0x0000000084a00000|  0%| F|  |TAMS 0x0000000084900000, 0x0000000084900000| Untracked 
|  74|0x0000000084a00000, 0x0000000084a00000, 0x0000000084b00000|  0%| F|  |TAMS 0x0000000084a00000, 0x0000000084a00000| Untracked 
|  75|0x0000000084b00000, 0x0000000084b00000, 0x0000000084c00000|  0%| F|  |TAMS 0x0000000084b00000, 0x0000000084b00000| Untracked 
|  76|0x0000000084c00000, 0x0000000084c00000, 0x0000000084d00000|  0%| F|  |TAMS 0x0000000084c00000, 0x0000000084c00000| Untracked 
|  77|0x0000000084d00000, 0x0000000084d00000, 0x0000000084e00000|  0%| F|  |TAMS 0x0000000084d00000, 0x0000000084d00000| Untracked 
|  78|0x0000000084e00000, 0x0000000084e00000, 0x0000000084f00000|  0%| F|  |TAMS 0x0000000084e00000, 0x0000000084e00000| Untracked 
|  79|0x0000000084f00000, 0x0000000084f00000, 0x0000000085000000|  0%| F|  |TAMS 0x0000000084f00000, 0x0000000084f00000| Untracked 
|  80|0x0000000085000000, 0x0000000085000000, 0x0000000085100000|  0%| F|  |TAMS 0x0000000085000000, 0x0000000085000000| Untracked 
|  81|0x0000000085100000, 0x0000000085100000, 0x0000000085200000|  0%| F|  |TAMS 0x0000000085100000, 0x0000000085100000| Untracked 
|  82|0x0000000085200000, 0x0000000085200000, 0x0000000085300000|  0%| F|  |TAMS 0x0000000085200000, 0x0000000085200000| Untracked 
|  83|0x0000000085300000, 0x0000000085300000, 0x0000000085400000|  0%| F|  |TAMS 0x0000000085300000, 0x0000000085300000| Untracked 
|  84|0x0000000085400000, 0x0000000085400000, 0x0000000085500000|  0%| F|  |TAMS 0x0000000085400000, 0x0000000085400000| Untracked 
|  85|0x0000000085500000, 0x0000000085500000, 0x0000000085600000|  0%| F|  |TAMS 0x0000000085500000, 0x0000000085500000| Untracked 
|  86|0x0000000085600000, 0x0000000085600000, 0x0000000085700000|  0%| F|  |TAMS 0x0000000085600000, 0x0000000085600000| Untracked 
|  87|0x0000000085700000, 0x0000000085800000, 0x0000000085800000|100%| O|  |TAMS 0x0000000085700000, 0x0000000085700000| Untracked 
|  88|0x0000000085800000, 0x0000000085900000, 0x0000000085900000|100%| O|  |TAMS 0x0000000085800000, 0x0000000085800000| Untracked 
|  89|0x0000000085900000, 0x0000000085a00000, 0x0000000085a00000|100%| O|  |TAMS 0x0000000085900000, 0x0000000085900000| Untracked 
|  90|0x0000000085a00000, 0x0000000085b00000, 0x0000000085b00000|100%| O|  |TAMS 0x0000000085a00000, 0x0000000085a00000| Untracked 
|  91|0x0000000085b00000, 0x0000000085c00000, 0x0000000085c00000|100%| O|  |TAMS 0x0000000085b00000, 0x0000000085b00000| Untracked 
|  92|0x0000000085c00000, 0x0000000085d00000, 0x0000000085d00000|100%| O|  |TAMS 0x0000000085c00000, 0x0000000085c00000| Untracked 
|  93|0x0000000085d00000, 0x0000000085e00000, 0x0000000085e00000|100%| O|  |TAMS 0x0000000085d00000, 0x0000000085d00000| Untracked 
|  94|0x0000000085e00000, 0x0000000085f00000, 0x0000000085f00000|100%| O|  |TAMS 0x0000000085e00000, 0x0000000085e00000| Untracked 
|  95|0x0000000085f00000, 0x0000000086000000, 0x0000000086000000|100%| O|  |TAMS 0x0000000085f00000, 0x0000000085f00000| Untracked 
|  96|0x0000000086000000, 0x0000000086100000, 0x0000000086100000|100%| O|  |TAMS 0x0000000086000000, 0x0000000086000000| Untracked 
|  97|0x0000000086100000, 0x0000000086200000, 0x0000000086200000|100%| O|  |TAMS 0x0000000086100000, 0x0000000086100000| Untracked 
|  98|0x0000000086200000, 0x0000000086200000, 0x0000000086300000|  0%| F|  |TAMS 0x0000000086200000, 0x0000000086200000| Untracked 
|  99|0x0000000086300000, 0x0000000086300000, 0x0000000086400000|  0%| F|  |TAMS 0x0000000086300000, 0x0000000086300000| Untracked 
| 100|0x0000000086400000, 0x0000000086400000, 0x0000000086500000|  0%| F|  |TAMS 0x0000000086400000, 0x0000000086400000| Untracked 
| 101|0x0000000086500000, 0x0000000086500000, 0x0000000086600000|  0%| F|  |TAMS 0x0000000086500000, 0x0000000086500000| Untracked 
| 102|0x0000000086600000, 0x0000000086600000, 0x0000000086700000|  0%| F|  |TAMS 0x0000000086600000, 0x0000000086600000| Untracked 
| 103|0x0000000086700000, 0x0000000086700000, 0x0000000086800000|  0%| F|  |TAMS 0x0000000086700000, 0x0000000086700000| Untracked 
| 104|0x0000000086800000, 0x0000000086800000, 0x0000000086900000|  0%| F|  |TAMS 0x0000000086800000, 0x0000000086800000| Untracked 
| 105|0x0000000086900000, 0x0000000086900000, 0x0000000086a00000|  0%| F|  |TAMS 0x0000000086900000, 0x0000000086900000| Untracked 
| 106|0x0000000086a00000, 0x0000000086a00000, 0x0000000086b00000|  0%| F|  |TAMS 0x0000000086a00000, 0x0000000086a00000| Untracked 
| 107|0x0000000086b00000, 0x0000000086b00000, 0x0000000086c00000|  0%| F|  |TAMS 0x0000000086b00000, 0x0000000086b00000| Untracked 
| 108|0x0000000086c00000, 0x0000000086c00000, 0x0000000086d00000|  0%| F|  |TAMS 0x0000000086c00000, 0x0000000086c00000| Untracked 
| 109|0x0000000086d00000, 0x0000000086d00000, 0x0000000086e00000|  0%| F|  |TAMS 0x0000000086d00000, 0x0000000086d00000| Untracked 
| 110|0x0000000086e00000, 0x0000000086e00000, 0x0000000086f00000|  0%| F|  |TAMS 0x0000000086e00000, 0x0000000086e00000| Untracked 
| 111|0x0000000086f00000, 0x0000000086f00000, 0x0000000087000000|  0%| F|  |TAMS 0x0000000086f00000, 0x0000000086f00000| Untracked 
| 112|0x0000000087000000, 0x0000000087000000, 0x0000000087100000|  0%| F|  |TAMS 0x0000000087000000, 0x0000000087000000| Untracked 
| 113|0x0000000087100000, 0x0000000087100000, 0x0000000087200000|  0%| F|  |TAMS 0x0000000087100000, 0x0000000087100000| Untracked 
| 114|0x0000000087200000, 0x0000000087200000, 0x0000000087300000|  0%| F|  |TAMS 0x0000000087200000, 0x0000000087200000| Untracked 
| 115|0x0000000087300000, 0x0000000087300000, 0x0000000087400000|  0%| F|  |TAMS 0x0000000087300000, 0x0000000087300000| Untracked 
| 116|0x0000000087400000, 0x0000000087400000, 0x0000000087500000|  0%| F|  |TAMS 0x0000000087400000, 0x0000000087400000| Untracked 
| 117|0x0000000087500000, 0x0000000087500000, 0x0000000087600000|  0%| F|  |TAMS 0x0000000087500000, 0x0000000087500000| Untracked 
| 118|0x0000000087600000, 0x0000000087600000, 0x0000000087700000|  0%| F|  |TAMS 0x0000000087600000, 0x0000000087600000| Untracked 
| 119|0x0000000087700000, 0x0000000087700000, 0x0000000087800000|  0%| F|  |TAMS 0x0000000087700000, 0x0000000087700000| Untracked 
| 120|0x0000000087800000, 0x0000000087800000, 0x0000000087900000|  0%| F|  |TAMS 0x0000000087800000, 0x0000000087800000| Untracked 
| 121|0x0000000087900000, 0x0000000087900000, 0x0000000087a00000|  0%| F|  |TAMS 0x0000000087900000, 0x0000000087900000| Untracked 
| 122|0x0000000087a00000, 0x0000000087a00000, 0x0000000087b00000|  0%| F|  |TAMS 0x0000000087a00000, 0x0000000087a00000| Untracked 
| 123|0x0000000087b00000, 0x0000000087b00000, 0x0000000087c00000|  0%| F|  |TAMS 0x0000000087b00000, 0x0000000087b00000| Untracked 
| 124|0x0000000087c00000, 0x0000000087c00000, 0x0000000087d00000|  0%| F|  |TAMS 0x0000000087c00000, 0x0000000087c00000| Untracked 
| 125|0x0000000087d00000, 0x0000000087d00000, 0x0000000087e00000|  0%| F|  |TAMS 0x0000000087d00000, 0x0000000087d00000| Untracked 
| 126|0x0000000087e00000, 0x0000000087e00000, 0x0000000087f00000|  0%| F|  |TAMS 0x0000000087e00000, 0x0000000087e00000| Untracked 
| 127|0x0000000087f00000, 0x0000000087f00000, 0x0000000088000000|  0%| F|  |TAMS 0x0000000087f00000, 0x0000000087f00000| Untracked 
| 128|0x0000000088000000, 0x0000000088000000, 0x0000000088100000|  0%| F|  |TAMS 0x0000000088000000, 0x0000000088000000| Untracked 
| 129|0x0000000088100000, 0x0000000088100000, 0x0000000088200000|  0%| F|  |TAMS 0x0000000088100000, 0x0000000088100000| Untracked 
| 130|0x0000000088200000, 0x0000000088200000, 0x0000000088300000|  0%| F|  |TAMS 0x0000000088200000, 0x0000000088200000| Untracked 
| 131|0x0000000088300000, 0x0000000088300000, 0x0000000088400000|  0%| F|  |TAMS 0x0000000088300000, 0x0000000088300000| Untracked 
| 132|0x0000000088400000, 0x0000000088500000, 0x0000000088500000|100%| S|CS|TAMS 0x0000000088400000, 0x0000000088400000| Complete 
| 133|0x0000000088500000, 0x0000000088600000, 0x0000000088600000|100%| S|CS|TAMS 0x0000000088500000, 0x0000000088500000| Complete 
| 134|0x0000000088600000, 0x0000000088700000, 0x0000000088700000|100%| S|CS|TAMS 0x0000000088600000, 0x0000000088600000| Complete 
| 135|0x0000000088700000, 0x0000000088800000, 0x0000000088800000|100%| S|CS|TAMS 0x0000000088700000, 0x0000000088700000| Complete 
| 136|0x0000000088800000, 0x0000000088800000, 0x0000000088900000|  0%| F|  |TAMS 0x0000000088800000, 0x0000000088800000| Untracked 
| 137|0x0000000088900000, 0x0000000088900000, 0x0000000088a00000|  0%| F|  |TAMS 0x0000000088900000, 0x0000000088900000| Untracked 
| 138|0x0000000088a00000, 0x0000000088a00000, 0x0000000088b00000|  0%| F|  |TAMS 0x0000000088a00000, 0x0000000088a00000| Untracked 
| 139|0x0000000088b00000, 0x0000000088c00000, 0x0000000088c00000|100%| S|CS|TAMS 0x0000000088b00000, 0x0000000088b00000| Complete 
| 140|0x0000000088c00000, 0x0000000088d00000, 0x0000000088d00000|100%| S|CS|TAMS 0x0000000088c00000, 0x0000000088c00000| Complete 
| 141|0x0000000088d00000, 0x0000000088e00000, 0x0000000088e00000|100%| S|CS|TAMS 0x0000000088d00000, 0x0000000088d00000| Complete 
| 142|0x0000000088e00000, 0x0000000088f00000, 0x0000000088f00000|100%| S|CS|TAMS 0x0000000088e00000, 0x0000000088e00000| Complete 
| 143|0x0000000088f00000, 0x0000000088f00000, 0x0000000089000000|  0%| F|  |TAMS 0x0000000088f00000, 0x0000000088f00000| Untracked 
| 144|0x0000000089000000, 0x0000000089000000, 0x0000000089100000|  0%| F|  |TAMS 0x0000000089000000, 0x0000000089000000| Untracked 
| 145|0x0000000089100000, 0x0000000089100000, 0x0000000089200000|  0%| F|  |TAMS 0x0000000089100000, 0x0000000089100000| Untracked 
| 146|0x0000000089200000, 0x0000000089200000, 0x0000000089300000|  0%| F|  |TAMS 0x0000000089200000, 0x0000000089200000| Untracked 
| 147|0x0000000089300000, 0x0000000089300000, 0x0000000089400000|  0%| F|  |TAMS 0x0000000089300000, 0x0000000089300000| Untracked 
| 148|0x0000000089400000, 0x0000000089400000, 0x0000000089500000|  0%| F|  |TAMS 0x0000000089400000, 0x0000000089400000| Untracked 
| 149|0x0000000089500000, 0x0000000089500000, 0x0000000089600000|  0%| F|  |TAMS 0x0000000089500000, 0x0000000089500000| Untracked 
| 150|0x0000000089600000, 0x0000000089700000, 0x0000000089700000|100%| S|CS|TAMS 0x0000000089600000, 0x0000000089600000| Complete 
| 151|0x0000000089700000, 0x0000000089800000, 0x0000000089800000|100%| S|CS|TAMS 0x0000000089700000, 0x0000000089700000| Complete 
| 152|0x0000000089800000, 0x0000000089900000, 0x0000000089900000|100%| S|CS|TAMS 0x0000000089800000, 0x0000000089800000| Complete 
| 153|0x0000000089900000, 0x0000000089a00000, 0x0000000089a00000|100%| S|CS|TAMS 0x0000000089900000, 0x0000000089900000| Complete 
| 154|0x0000000089a00000, 0x0000000089b00000, 0x0000000089b00000|100%| S|CS|TAMS 0x0000000089a00000, 0x0000000089a00000| Complete 
| 155|0x0000000089b00000, 0x0000000089c00000, 0x0000000089c00000|100%| S|CS|TAMS 0x0000000089b00000, 0x0000000089b00000| Complete 
| 156|0x0000000089c00000, 0x0000000089c00000, 0x0000000089d00000|  0%| F|  |TAMS 0x0000000089c00000, 0x0000000089c00000| Untracked 
| 157|0x0000000089d00000, 0x0000000089d00000, 0x0000000089e00000|  0%| F|  |TAMS 0x0000000089d00000, 0x0000000089d00000| Untracked 
| 158|0x0000000089e00000, 0x0000000089e00000, 0x0000000089f00000|  0%| F|  |TAMS 0x0000000089e00000, 0x0000000089e00000| Untracked 
| 159|0x0000000089f00000, 0x0000000089f00000, 0x000000008a000000|  0%| F|  |TAMS 0x0000000089f00000, 0x0000000089f00000| Untracked 
| 160|0x000000008a000000, 0x000000008a000000, 0x000000008a100000|  0%| F|  |TAMS 0x000000008a000000, 0x000000008a000000| Untracked 
| 161|0x000000008a100000, 0x000000008a100000, 0x000000008a200000|  0%| F|  |TAMS 0x000000008a100000, 0x000000008a100000| Untracked 
| 162|0x000000008a200000, 0x000000008a200000, 0x000000008a300000|  0%| F|  |TAMS 0x000000008a200000, 0x000000008a200000| Untracked 
| 163|0x000000008a300000, 0x000000008a300000, 0x000000008a400000|  0%| F|  |TAMS 0x000000008a300000, 0x000000008a300000| Untracked 
| 164|0x000000008a400000, 0x000000008a400000, 0x000000008a500000|  0%| F|  |TAMS 0x000000008a400000, 0x000000008a400000| Untracked 
| 165|0x000000008a500000, 0x000000008a500000, 0x000000008a600000|  0%| F|  |TAMS 0x000000008a500000, 0x000000008a500000| Untracked 
| 166|0x000000008a600000, 0x000000008a600000, 0x000000008a700000|  0%| F|  |TAMS 0x000000008a600000, 0x000000008a600000| Untracked 
| 167|0x000000008a700000, 0x000000008a700000, 0x000000008a800000|  0%| F|  |TAMS 0x000000008a700000, 0x000000008a700000| Untracked 
| 168|0x000000008a800000, 0x000000008a800000, 0x000000008a900000|  0%| F|  |TAMS 0x000000008a800000, 0x000000008a800000| Untracked 
| 169|0x000000008a900000, 0x000000008a900000, 0x000000008aa00000|  0%| F|  |TAMS 0x000000008a900000, 0x000000008a900000| Untracked 
| 170|0x000000008aa00000, 0x000000008aa00000, 0x000000008ab00000|  0%| F|  |TAMS 0x000000008aa00000, 0x000000008aa00000| Untracked 
| 171|0x000000008ab00000, 0x000000008ab00000, 0x000000008ac00000|  0%| F|  |TAMS 0x000000008ab00000, 0x000000008ab00000| Untracked 
| 172|0x000000008ac00000, 0x000000008ac00000, 0x000000008ad00000|  0%| F|  |TAMS 0x000000008ac00000, 0x000000008ac00000| Untracked 
| 173|0x000000008ad00000, 0x000000008ad00000, 0x000000008ae00000|  0%| F|  |TAMS 0x000000008ad00000, 0x000000008ad00000| Untracked 
| 174|0x000000008ae00000, 0x000000008ae00000, 0x000000008af00000|  0%| F|  |TAMS 0x000000008ae00000, 0x000000008ae00000| Untracked 
| 175|0x000000008af00000, 0x000000008af00000, 0x000000008b000000|  0%| F|  |TAMS 0x000000008af00000, 0x000000008af00000| Untracked 
| 176|0x000000008b000000, 0x000000008b000000, 0x000000008b100000|  0%| F|  |TAMS 0x000000008b000000, 0x000000008b000000| Untracked 
| 177|0x000000008b100000, 0x000000008b100000, 0x000000008b200000|  0%| F|  |TAMS 0x000000008b100000, 0x000000008b100000| Untracked 
| 178|0x000000008b200000, 0x000000008b200000, 0x000000008b300000|  0%| F|  |TAMS 0x000000008b200000, 0x000000008b200000| Untracked 
| 179|0x000000008b300000, 0x000000008b300000, 0x000000008b400000|  0%| F|  |TAMS 0x000000008b300000, 0x000000008b300000| Untracked 
| 180|0x000000008b400000, 0x000000008b400000, 0x000000008b500000|  0%| F|  |TAMS 0x000000008b400000, 0x000000008b400000| Untracked 
| 181|0x000000008b500000, 0x000000008b500000, 0x000000008b600000|  0%| F|  |TAMS 0x000000008b500000, 0x000000008b500000| Untracked 
| 182|0x000000008b600000, 0x000000008b600000, 0x000000008b700000|  0%| F|  |TAMS 0x000000008b600000, 0x000000008b600000| Untracked 
| 183|0x000000008b700000, 0x000000008b700000, 0x000000008b800000|  0%| F|  |TAMS 0x000000008b700000, 0x000000008b700000| Untracked 
| 184|0x000000008b800000, 0x000000008b800000, 0x000000008b900000|  0%| F|  |TAMS 0x000000008b800000, 0x000000008b800000| Untracked 
| 185|0x000000008b900000, 0x000000008b9c6d60, 0x000000008ba00000| 77%| E|  |TAMS 0x000000008b900000, 0x000000008b900000| Complete 
| 186|0x000000008ba00000, 0x000000008bb00000, 0x000000008bb00000|100%| E|  |TAMS 0x000000008ba00000, 0x000000008ba00000| Complete 
| 187|0x000000008bb00000, 0x000000008bc00000, 0x000000008bc00000|100%| E|CS|TAMS 0x000000008bb00000, 0x000000008bb00000| Complete 
| 188|0x000000008bc00000, 0x000000008bd00000, 0x000000008bd00000|100%| E|CS|TAMS 0x000000008bc00000, 0x000000008bc00000| Complete 
| 189|0x000000008bd00000, 0x000000008be00000, 0x000000008be00000|100%| E|CS|TAMS 0x000000008bd00000, 0x000000008bd00000| Complete 
| 190|0x000000008be00000, 0x000000008bf00000, 0x000000008bf00000|100%| E|CS|TAMS 0x000000008be00000, 0x000000008be00000| Complete 
| 191|0x000000008bf00000, 0x000000008c000000, 0x000000008c000000|100%| E|CS|TAMS 0x000000008bf00000, 0x000000008bf00000| Complete 
| 192|0x000000008c000000, 0x000000008c100000, 0x000000008c100000|100%| E|CS|TAMS 0x000000008c000000, 0x000000008c000000| Complete 
| 193|0x000000008c100000, 0x000000008c200000, 0x000000008c200000|100%| E|CS|TAMS 0x000000008c100000, 0x000000008c100000| Complete 
| 194|0x000000008c200000, 0x000000008c300000, 0x000000008c300000|100%| E|CS|TAMS 0x000000008c200000, 0x000000008c200000| Complete 
| 195|0x000000008c300000, 0x000000008c400000, 0x000000008c400000|100%| E|CS|TAMS 0x000000008c300000, 0x000000008c300000| Complete 
| 196|0x000000008c400000, 0x000000008c500000, 0x000000008c500000|100%| E|CS|TAMS 0x000000008c400000, 0x000000008c400000| Complete 
| 197|0x000000008c500000, 0x000000008c600000, 0x000000008c600000|100%| E|CS|TAMS 0x000000008c500000, 0x000000008c500000| Complete 
| 198|0x000000008c600000, 0x000000008c700000, 0x000000008c700000|100%| E|CS|TAMS 0x000000008c600000, 0x000000008c600000| Complete 
| 199|0x000000008c700000, 0x000000008c800000, 0x000000008c800000|100%| E|CS|TAMS 0x000000008c700000, 0x000000008c700000| Complete 
| 200|0x000000008c800000, 0x000000008c900000, 0x000000008c900000|100%| E|CS|TAMS 0x000000008c800000, 0x000000008c800000| Complete 
| 201|0x000000008c900000, 0x000000008ca00000, 0x000000008ca00000|100%| E|CS|TAMS 0x000000008c900000, 0x000000008c900000| Complete 
| 202|0x000000008ca00000, 0x000000008cb00000, 0x000000008cb00000|100%| E|CS|TAMS 0x000000008ca00000, 0x000000008ca00000| Complete 
| 203|0x000000008cb00000, 0x000000008cc00000, 0x000000008cc00000|100%| E|CS|TAMS 0x000000008cb00000, 0x000000008cb00000| Complete 
| 204|0x000000008cc00000, 0x000000008cd00000, 0x000000008cd00000|100%| E|CS|TAMS 0x000000008cc00000, 0x000000008cc00000| Complete 
| 205|0x000000008cd00000, 0x000000008ce00000, 0x000000008ce00000|100%| E|CS|TAMS 0x000000008cd00000, 0x000000008cd00000| Complete 
| 206|0x000000008ce00000, 0x000000008cf00000, 0x000000008cf00000|100%| E|CS|TAMS 0x000000008ce00000, 0x000000008ce00000| Complete 
| 207|0x000000008cf00000, 0x000000008d000000, 0x000000008d000000|100%| E|CS|TAMS 0x000000008cf00000, 0x000000008cf00000| Complete 
| 208|0x000000008d000000, 0x000000008d100000, 0x000000008d100000|100%| E|CS|TAMS 0x000000008d000000, 0x000000008d000000| Complete 
| 209|0x000000008d100000, 0x000000008d200000, 0x000000008d200000|100%| E|CS|TAMS 0x000000008d100000, 0x000000008d100000| Complete 
| 210|0x000000008d200000, 0x000000008d300000, 0x000000008d300000|100%| E|CS|TAMS 0x000000008d200000, 0x000000008d200000| Complete 
| 211|0x000000008d300000, 0x000000008d400000, 0x000000008d400000|100%| E|CS|TAMS 0x000000008d300000, 0x000000008d300000| Complete 
| 212|0x000000008d400000, 0x000000008d500000, 0x000000008d500000|100%| E|CS|TAMS 0x000000008d400000, 0x000000008d400000| Complete 
| 213|0x000000008d500000, 0x000000008d600000, 0x000000008d600000|100%| E|CS|TAMS 0x000000008d500000, 0x000000008d500000| Complete 
| 214|0x000000008d600000, 0x000000008d700000, 0x000000008d700000|100%| E|CS|TAMS 0x000000008d600000, 0x000000008d600000| Complete 
| 215|0x000000008d700000, 0x000000008d800000, 0x000000008d800000|100%| E|CS|TAMS 0x000000008d700000, 0x000000008d700000| Complete 
| 216|0x000000008d800000, 0x000000008d900000, 0x000000008d900000|100%| E|CS|TAMS 0x000000008d800000, 0x000000008d800000| Complete 
| 217|0x000000008d900000, 0x000000008da00000, 0x000000008da00000|100%| E|CS|TAMS 0x000000008d900000, 0x000000008d900000| Complete 
| 218|0x000000008da00000, 0x000000008db00000, 0x000000008db00000|100%| E|CS|TAMS 0x000000008da00000, 0x000000008da00000| Complete 
| 219|0x000000008db00000, 0x000000008dc00000, 0x000000008dc00000|100%| E|CS|TAMS 0x000000008db00000, 0x000000008db00000| Complete 
| 220|0x000000008dc00000, 0x000000008dd00000, 0x000000008dd00000|100%| E|CS|TAMS 0x000000008dc00000, 0x000000008dc00000| Complete 
| 221|0x000000008dd00000, 0x000000008de00000, 0x000000008de00000|100%| E|CS|TAMS 0x000000008dd00000, 0x000000008dd00000| Complete 
| 222|0x000000008de00000, 0x000000008df00000, 0x000000008df00000|100%| E|CS|TAMS 0x000000008de00000, 0x000000008de00000| Complete 
| 223|0x000000008df00000, 0x000000008e000000, 0x000000008e000000|100%| E|CS|TAMS 0x000000008df00000, 0x000000008df00000| Complete 
| 224|0x000000008e000000, 0x000000008e100000, 0x000000008e100000|100%| E|CS|TAMS 0x000000008e000000, 0x000000008e000000| Complete 
| 225|0x000000008e100000, 0x000000008e200000, 0x000000008e200000|100%| E|CS|TAMS 0x000000008e100000, 0x000000008e100000| Complete 
| 226|0x000000008e200000, 0x000000008e300000, 0x000000008e300000|100%| E|CS|TAMS 0x000000008e200000, 0x000000008e200000| Complete 
| 227|0x000000008e300000, 0x000000008e400000, 0x000000008e400000|100%| E|CS|TAMS 0x000000008e300000, 0x000000008e300000| Complete 
| 228|0x000000008e400000, 0x000000008e500000, 0x000000008e500000|100%| E|CS|TAMS 0x000000008e400000, 0x000000008e400000| Complete 
| 229|0x000000008e500000, 0x000000008e600000, 0x000000008e600000|100%| E|CS|TAMS 0x000000008e500000, 0x000000008e500000| Complete 
| 230|0x000000008e600000, 0x000000008e700000, 0x000000008e700000|100%| E|CS|TAMS 0x000000008e600000, 0x000000008e600000| Complete 
| 231|0x000000008e700000, 0x000000008e800000, 0x000000008e800000|100%| E|CS|TAMS 0x000000008e700000, 0x000000008e700000| Complete 
| 232|0x000000008e800000, 0x000000008e900000, 0x000000008e900000|100%| E|CS|TAMS 0x000000008e800000, 0x000000008e800000| Complete 
| 233|0x000000008e900000, 0x000000008ea00000, 0x000000008ea00000|100%| E|CS|TAMS 0x000000008e900000, 0x000000008e900000| Complete 
| 234|0x000000008ea00000, 0x000000008eb00000, 0x000000008eb00000|100%| E|CS|TAMS 0x000000008ea00000, 0x000000008ea00000| Complete 
| 235|0x000000008eb00000, 0x000000008ec00000, 0x000000008ec00000|100%| E|CS|TAMS 0x000000008eb00000, 0x000000008eb00000| Complete 
| 236|0x000000008ec00000, 0x000000008ed00000, 0x000000008ed00000|100%| E|CS|TAMS 0x000000008ec00000, 0x000000008ec00000| Complete 
| 237|0x000000008ed00000, 0x000000008ee00000, 0x000000008ee00000|100%| E|CS|TAMS 0x000000008ed00000, 0x000000008ed00000| Complete 
| 238|0x000000008ee00000, 0x000000008ef00000, 0x000000008ef00000|100%| E|CS|TAMS 0x000000008ee00000, 0x000000008ee00000| Complete 
| 239|0x000000008ef00000, 0x000000008f000000, 0x000000008f000000|100%| E|CS|TAMS 0x000000008ef00000, 0x000000008ef00000| Complete 
| 240|0x000000008f000000, 0x000000008f100000, 0x000000008f100000|100%| E|CS|TAMS 0x000000008f000000, 0x000000008f000000| Complete 
| 241|0x000000008f100000, 0x000000008f200000, 0x000000008f200000|100%| E|CS|TAMS 0x000000008f100000, 0x000000008f100000| Complete 
| 242|0x000000008f200000, 0x000000008f300000, 0x000000008f300000|100%| E|CS|TAMS 0x000000008f200000, 0x000000008f200000| Complete 
| 243|0x000000008f300000, 0x000000008f400000, 0x000000008f400000|100%| E|CS|TAMS 0x000000008f300000, 0x000000008f300000| Complete 
| 244|0x000000008f400000, 0x000000008f500000, 0x000000008f500000|100%| E|CS|TAMS 0x000000008f400000, 0x000000008f400000| Complete 
| 245|0x000000008f500000, 0x000000008f600000, 0x000000008f600000|100%| E|CS|TAMS 0x000000008f500000, 0x000000008f500000| Complete 
| 246|0x000000008f600000, 0x000000008f700000, 0x000000008f700000|100%| E|CS|TAMS 0x000000008f600000, 0x000000008f600000| Complete 
| 247|0x000000008f700000, 0x000000008f800000, 0x000000008f800000|100%| E|CS|TAMS 0x000000008f700000, 0x000000008f700000| Complete 
| 248|0x000000008f800000, 0x000000008f900000, 0x000000008f900000|100%| E|CS|TAMS 0x000000008f800000, 0x000000008f800000| Complete 
| 249|0x000000008f900000, 0x000000008fa00000, 0x000000008fa00000|100%| E|CS|TAMS 0x000000008f900000, 0x000000008f900000| Complete 
| 250|0x000000008fa00000, 0x000000008fb00000, 0x000000008fb00000|100%| E|CS|TAMS 0x000000008fa00000, 0x000000008fa00000| Complete 
| 251|0x000000008fb00000, 0x000000008fc00000, 0x000000008fc00000|100%| E|CS|TAMS 0x000000008fb00000, 0x000000008fb00000| Complete 
| 252|0x000000008fc00000, 0x000000008fd00000, 0x000000008fd00000|100%| E|CS|TAMS 0x000000008fc00000, 0x000000008fc00000| Complete 
| 253|0x000000008fd00000, 0x000000008fe00000, 0x000000008fe00000|100%| E|CS|TAMS 0x000000008fd00000, 0x000000008fd00000| Complete 

Card table byte_map: [0x000001b6f82d0000,0x000001b6f86d0000] _byte_map_base: 0x000001b6f7ed0000

Marking Bits (Prev, Next): (CMBitMap*) 0x000001b6e45b7978, (CMBitMap*) 0x000001b6e45b79b0
 Prev Bits: [0x000001b6f8ad0000, 0x000001b6faad0000)
 Next Bits: [0x000001b6faad0000, 0x000001b6fcad0000)

Polling page: 0x000001b6e2da0000

Metaspace:

Usage:
  Non-class:     71.41 MB capacity,    70.05 MB ( 98%) used,     1.14 MB (  2%) free+waste,   219.19 KB ( <1%) overhead. 
      Class:     11.06 MB capacity,    10.34 MB ( 93%) used,   643.08 KB (  6%) free+waste,   100.44 KB ( <1%) overhead. 
       Both:     82.47 MB capacity,    80.39 MB ( 97%) used,     1.77 MB (  2%) free+waste,   319.63 KB ( <1%) overhead. 

Virtual space:
  Non-class space:       72.00 MB reserved,      71.62 MB (>99%) committed 
      Class space:        1.00 GB reserved,      11.13 MB (  1%) committed 
             Both:        1.07 GB reserved,      82.75 MB (  8%) committed 

Chunk freelists:
   Non-Class:  29.00 KB
       Class:  0 bytes
        Both:  29.00 KB

MaxMetaspaceSize: 17179869184.00 GB
CompressedClassSpaceSize: 1.00 GB

CodeHeap 'non-profiled nmethods': size=119168Kb used=6191Kb max_used=6191Kb free=112976Kb
 bounds [0x000001b6efab0000, 0x000001b6f00c0000, 0x000001b6f6f10000]
CodeHeap 'profiled nmethods': size=119168Kb used=25718Kb max_used=25718Kb free=93449Kb
 bounds [0x000001b6e8650000, 0x000001b6e9f80000, 0x000001b6efab0000]
CodeHeap 'non-nmethods': size=7424Kb used=3388Kb max_used=3443Kb free=4035Kb
 bounds [0x000001b6e7f10000, 0x000001b6e8280000, 0x000001b6e8650000]
 total_blobs=12498 nmethods=11640 adapters=767
 compilation: enabled
              stopped_count=0, restarted_count=0
 full_count=0

Compilation events (20 events):
Event: 12.661 Thread 0x000001b6ffc4f000 12201       3       com.google.gson.internal.Excluder::excludeClassChecks (67 bytes)
Event: 12.662 Thread 0x000001b6ffc4f000 nmethod 12201 0x000001b6e9f5c910 code [0x000001b6e9f5cd60, 0x000001b6e9f5eae8]
Event: 12.662 Thread 0x000001b6ffdd4800 12202       3       java.io.FileOutputStream::<init> (7 bytes)
Event: 12.662 Thread 0x000001b6ffdd4800 nmethod 12202 0x000001b6e9f5f310 code [0x000001b6e9f5f4c0, 0x000001b6e9f5f5e8]
Event: 12.669 Thread 0x000001b6ffc4f000 12203       3       java.lang.ProcessEnvironment$CheckedEntrySet$1::hasNext (10 bytes)
Event: 12.669 Thread 0x000001b6ffdd3800 12204       3       java.lang.ProcessEnvironment$CheckedEntrySet$1::next (5 bytes)
Event: 12.669 Thread 0x000001b6ffdd4800 12205       3       java.lang.ProcessEnvironment$CheckedEntrySet$1::next (20 bytes)
Event: 12.670 Thread 0x000001b6ffc4f000 nmethod 12203 0x000001b6e9f5f690 code [0x000001b6e9f5f840, 0x000001b6e9f5fa08]
Event: 12.670 Thread 0x000001b6ffdd4800 nmethod 12205 0x000001b6e9f5fb10 code [0x000001b6e9f5fd00, 0x000001b6e9f60148]
Event: 12.670 Thread 0x000001b6ffdd3800 nmethod 12204 0x000001b6e9f60290 code [0x000001b6e9f60480, 0x000001b6e9f60928]
Event: 12.670 Thread 0x000001b6ffc4f000 12206       3       java.lang.ProcessEnvironment$CheckedEntry::<init> (10 bytes)
Event: 12.670 Thread 0x000001b6ffdd4800 12207       3       java.lang.ProcessEnvironment$CheckedEntry::getValue (5 bytes)
Event: 12.670 Thread 0x000001b6ffdd3800 12208       3       java.lang.ProcessEnvironment$CheckedEntry::getValue (13 bytes)
Event: 12.670 Thread 0x000001b6ffc4f000 nmethod 12206 0x000001b6e9f60a90 code [0x000001b6e9f60c40, 0x000001b6e9f60df8]
Event: 12.670 Thread 0x000001b6ffc4f000 12209       3       java.lang.ProcessEnvironment$EntryComparator::compare (13 bytes)
Event: 12.670 Thread 0x000001b6ffdd3800 nmethod 12208 0x000001b6e9f60e90 code [0x000001b6e9f61060, 0x000001b6e9f61308]
Event: 12.670 Thread 0x000001b6ffdd3800 12210       3       java.lang.ProcessEnvironment$EntryComparator::compare (25 bytes)
Event: 12.670 Thread 0x000001b6ffdd4800 nmethod 12207 0x000001b6e9f61410 code [0x000001b6e9f615e0, 0x000001b6e9f618e8]
Event: 12.670 Thread 0x000001b6ffdd3800 nmethod 12210 0x000001b6e9f61a10 code [0x000001b6e9f61c00, 0x000001b6e9f620a8]
Event: 12.670 Thread 0x000001b6ffc4f000 nmethod 12209 0x000001b6e9f62210 code [0x000001b6e9f62420, 0x000001b6e9f62b28]

GC Heap History (20 events):
Event: 2.379 GC heap before
{Heap before GC invocations=3 (full 0):
 garbage-first heap   total 260096K, used 53466K [0x0000000080000000, 0x0000000100000000)
  region size 1024K, 47 young (48128K), 10 survivors (10240K)
 Metaspace       used 25260K, capacity 25908K, committed 26160K, reserved 1073152K
  class space    used 3182K, capacity 3359K, committed 3456K, reserved 1048576K
}
Event: 2.384 GC heap after
{Heap after GC invocations=4 (full 0):
 garbage-first heap   total 260096K, used 17685K [0x0000000080000000, 0x0000000100000000)
  region size 1024K, 2 young (2048K), 2 survivors (2048K)
 Metaspace       used 25260K, capacity 25908K, committed 26160K, reserved 1073152K
  class space    used 3182K, capacity 3359K, committed 3456K, reserved 1048576K
}
Event: 3.015 GC heap before
{Heap before GC invocations=4 (full 0):
 garbage-first heap   total 260096K, used 75029K [0x0000000080000000, 0x0000000100000000)
  region size 1024K, 59 young (60416K), 2 survivors (2048K)
 Metaspace       used 34953K, capacity 35693K, committed 35888K, reserved 1081344K
  class space    used 4453K, capacity 4707K, committed 4736K, reserved 1048576K
}
Event: 3.021 GC heap after
{Heap after GC invocations=5 (full 0):
 garbage-first heap   total 260096K, used 20877K [0x0000000080000000, 0x0000000100000000)
  region size 1024K, 6 young (6144K), 6 survivors (6144K)
 Metaspace       used 34953K, capacity 35693K, committed 35888K, reserved 1081344K
  class space    used 4453K, capacity 4707K, committed 4736K, reserved 1048576K
}
Event: 3.875 GC heap before
{Heap before GC invocations=6 (full 0):
 garbage-first heap   total 260096K, used 116109K [0x0000000080000000, 0x0000000100000000)
  region size 1024K, 96 young (98304K), 6 survivors (6144K)
 Metaspace       used 43084K, capacity 44064K, committed 44208K, reserved 1087488K
  class space    used 5505K, capacity 5826K, committed 5888K, reserved 1048576K
}
Event: 3.881 GC heap after
{Heap after GC invocations=7 (full 0):
 garbage-first heap   total 260096K, used 25258K [0x0000000080000000, 0x0000000100000000)
  region size 1024K, 10 young (10240K), 10 survivors (10240K)
 Metaspace       used 43084K, capacity 44064K, committed 44208K, reserved 1087488K
  class space    used 5505K, capacity 5826K, committed 5888K, reserved 1048576K
}
Event: 5.274 GC heap before
{Heap before GC invocations=7 (full 0):
 garbage-first heap   total 260096K, used 173738K [0x0000000080000000, 0x0000000100000000)
  region size 1024K, 152 young (155648K), 10 survivors (10240K)
 Metaspace       used 56702K, capacity 58048K, committed 58288K, reserved 1099776K
  class space    used 7176K, capacity 7626K, committed 7680K, reserved 1048576K
}
Event: 5.284 GC heap after
{Heap after GC invocations=8 (full 0):
 garbage-first heap   total 260096K, used 40044K [0x0000000080000000, 0x0000000100000000)
  region size 1024K, 19 young (19456K), 19 survivors (19456K)
 Metaspace       used 56702K, capacity 58048K, committed 58288K, reserved 1099776K
  class space    used 7176K, capacity 7626K, committed 7680K, reserved 1048576K
}
Event: 5.413 GC heap before
{Heap before GC invocations=8 (full 0):
 garbage-first heap   total 260096K, used 49260K [0x0000000080000000, 0x0000000100000000)
  region size 1024K, 29 young (29696K), 19 survivors (19456K)
 Metaspace       used 58511K, capacity 59928K, committed 60028K, reserved 1101824K
  class space    used 7366K, capacity 7871K, committed 7936K, reserved 1048576K
}
Event: 5.434 GC heap after
{Heap after GC invocations=9 (full 0):
 garbage-first heap   total 260096K, used 42465K [0x0000000080000000, 0x0000000100000000)
  region size 1024K, 3 young (3072K), 3 survivors (3072K)
 Metaspace       used 58511K, capacity 59928K, committed 60028K, reserved 1101824K
  class space    used 7366K, capacity 7871K, committed 7936K, reserved 1048576K
}
Event: 6.488 GC heap before
{Heap before GC invocations=10 (full 0):
 garbage-first heap   total 260096K, used 130529K [0x0000000080000000, 0x0000000100000000)
  region size 1024K, 89 young (91136K), 3 survivors (3072K)
 Metaspace       used 65676K, capacity 67303K, committed 67580K, reserved 1107968K
  class space    used 8441K, capacity 9026K, committed 9088K, reserved 1048576K
}
Event: 6.496 GC heap after
{Heap after GC invocations=11 (full 0):
 garbage-first heap   total 260096K, used 48020K [0x0000000080000000, 0x0000000100000000)
  region size 1024K, 9 young (9216K), 9 survivors (9216K)
 Metaspace       used 65676K, capacity 67303K, committed 67580K, reserved 1107968K
  class space    used 8441K, capacity 9026K, committed 9088K, reserved 1048576K
}
Event: 7.388 GC heap before
{Heap before GC invocations=12 (full 0):
 garbage-first heap   total 260096K, used 143252K [0x0000000080000000, 0x0000000100000000)
  region size 1024K, 102 young (104448K), 9 survivors (9216K)
 Metaspace       used 72215K, capacity 73982K, committed 74236K, reserved 1114112K
  class space    used 9461K, capacity 10099K, committed 10112K, reserved 1048576K
}
Event: 7.395 GC heap after
{Heap after GC invocations=13 (full 0):
 garbage-first heap   total 260096K, used 56276K [0x0000000080000000, 0x0000000100000000)
  region size 1024K, 9 young (9216K), 9 survivors (9216K)
 Metaspace       used 72215K, capacity 73982K, committed 74236K, reserved 1114112K
  class space    used 9461K, capacity 10099K, committed 10112K, reserved 1048576K
}
Event: 8.486 GC heap before
{Heap before GC invocations=13 (full 0):
 garbage-first heap   total 260096K, used 154580K [0x0000000080000000, 0x0000000100000000)
  region size 1024K, 106 young (108544K), 9 survivors (9216K)
 Metaspace       used 77612K, capacity 79655K, committed 79868K, reserved 1118208K
  class space    used 10150K, capacity 10819K, committed 10880K, reserved 1048576K
}
Event: 8.493 GC heap after
{Heap after GC invocations=14 (full 0):
 garbage-first heap   total 260096K, used 65324K [0x0000000080000000, 0x0000000100000000)
  region size 1024K, 9 young (9216K), 9 survivors (9216K)
 Metaspace       used 77612K, capacity 79655K, committed 79868K, reserved 1118208K
  class space    used 10150K, capacity 10819K, committed 10880K, reserved 1048576K
}
Event: 10.309 GC heap before
{Heap before GC invocations=14 (full 0):
 garbage-first heap   total 260096K, used 165676K [0x0000000080000000, 0x0000000100000000)
  region size 1024K, 108 young (110592K), 9 survivors (9216K)
 Metaspace       used 79383K, capacity 81477K, committed 81532K, reserved 1120256K
  class space    used 10290K, capacity 11006K, committed 11008K, reserved 1048576K
}
Event: 10.316 GC heap after
{Heap after GC invocations=15 (full 0):
 garbage-first heap   total 260096K, used 75141K [0x0000000080000000, 0x0000000100000000)
  region size 1024K, 10 young (10240K), 10 survivors (10240K)
 Metaspace       used 79383K, capacity 81477K, committed 81532K, reserved 1120256K
  class space    used 10290K, capacity 11006K, committed 11008K, reserved 1048576K
}
Event: 11.770 GC heap before
{Heap before GC invocations=15 (full 0):
 garbage-first heap   total 260096K, used 198021K [0x0000000080000000, 0x0000000100000000)
  region size 1024K, 108 young (110592K), 10 survivors (10240K)
 Metaspace       used 80248K, capacity 82458K, committed 82684K, reserved 1120256K
  class space    used 10374K, capacity 11125K, committed 11136K, reserved 1048576K
}
Event: 11.778 GC heap after
{Heap after GC invocations=16 (full 0):
 garbage-first heap   total 260096K, used 92160K [0x0000000080000000, 0x0000000100000000)
  region size 1024K, 14 young (14336K), 14 survivors (14336K)
 Metaspace       used 80248K, capacity 82458K, committed 82684K, reserved 1120256K
  class space    used 10374K, capacity 11125K, committed 11136K, reserved 1048576K
}

Deoptimization events (20 events):
Event: 12.401 Thread 0x000001b688fb1000 Uncommon trap: trap_request=0xffffffde fr.pc=0x000001b6efff3f50 relative=0x0000000000000110
Event: 12.401 Thread 0x000001b688fb1000 Uncommon trap: reason=class_check action=maybe_recompile pc=0x000001b6efff3f50 method=com.google.common.collect.AbstractMapBasedMultimap$WrappedCollection.refreshIfEmpty()V @ 40 c2
Event: 12.401 Thread 0x000001b688fb1000 DEOPT PACKING pc=0x000001b6efff3f50 sp=0x000000187e7fbaf0
Event: 12.401 Thread 0x000001b688fb1000 DEOPT UNPACKING pc=0x000001b6e7f374af sp=0x000000187e7fb9d0 mode 2
Event: 12.439 Thread 0x000001b688fb1000 DEOPT PACKING pc=0x000001b6e8886611 sp=0x000000187e7f9040
Event: 12.439 Thread 0x000001b688fb1000 DEOPT UNPACKING pc=0x000001b6e7f372ce sp=0x000000187e7f8518 mode 0
Event: 12.443 Thread 0x000001b688fb1000 Uncommon trap: trap_request=0xffffff4d fr.pc=0x000001b6f0076c20 relative=0x0000000000001a00
Event: 12.443 Thread 0x000001b688fb1000 Uncommon trap: reason=unstable_if action=reinterpret pc=0x000001b6f0076c20 method=com.google.gson.stream.JsonWriter.string(Ljava/lang/String;)V @ 143 c2
Event: 12.443 Thread 0x000001b688fb1000 DEOPT PACKING pc=0x000001b6f0076c20 sp=0x000000187e7fa8f0
Event: 12.443 Thread 0x000001b688fb1000 DEOPT UNPACKING pc=0x000001b6e7f374af sp=0x000000187e7fa8f8 mode 2
Event: 12.521 Thread 0x000001b688fb1000 Uncommon trap: trap_request=0xffffff4d fr.pc=0x000001b6efeb8c28 relative=0x0000000000000848
Event: 12.521 Thread 0x000001b688fb1000 Uncommon trap: reason=unstable_if action=reinterpret pc=0x000001b6efeb8c28 method=org.apache.commons.io.FilenameUtils.doNormalize(Ljava/lang/String;CZ)Ljava/lang/String; @ 219 c2
Event: 12.521 Thread 0x000001b688fb1000 DEOPT PACKING pc=0x000001b6efeb8c28 sp=0x000000187e7fa9b0
Event: 12.521 Thread 0x000001b688fb1000 DEOPT UNPACKING pc=0x000001b6e7f374af sp=0x000000187e7fa958 mode 2
Event: 12.597 Thread 0x000001b688fb1000 DEOPT PACKING pc=0x000001b6e9f42b85 sp=0x000000187e7fd810
Event: 12.597 Thread 0x000001b688fb1000 DEOPT UNPACKING pc=0x000001b6e7f372ce sp=0x000000187e7fcd58 mode 0
Event: 12.607 Thread 0x000001b688fb1000 DEOPT PACKING pc=0x000001b6e9f42bdd sp=0x000000187e7fcd30
Event: 12.607 Thread 0x000001b688fb1000 DEOPT UNPACKING pc=0x000001b6e7f372ce sp=0x000000187e7fc278 mode 0
Event: 12.641 Thread 0x000001b688fb1000 DEOPT PACKING pc=0x000001b6e94e0c31 sp=0x000000187e7fa350
Event: 12.641 Thread 0x000001b688fb1000 DEOPT UNPACKING pc=0x000001b6e7f372ce sp=0x000000187e7f9888 mode 0

Classes redefined (0 events):
No events

Internal exceptions (20 events):
Event: 11.671 Thread 0x000001b688fb3800 Implicit null exception at 0x000001b6f0002589 to 0x000001b6f000822c
Event: 11.671 Thread 0x000001b688fb3800 Implicit null exception at 0x000001b6f0002589 to 0x000001b6f000822c
Event: 11.694 Thread 0x000001b688fb3800 Implicit null exception at 0x000001b6f0002589 to 0x000001b6f000822c
Event: 11.757 Thread 0x000001b688fb3800 Exception <a 'java/lang/NoSuchMethodError'{0x0000000089d97538}: <clinit>> (0x0000000089d97538) thrown at [./src/hotspot/share/prims/jni.cpp, line 1362]
Event: 11.757 Thread 0x000001b688fb3800 Exception <a 'java/lang/NoSuchMethodError'{0x0000000089da75e8}: <clinit>> (0x0000000089da75e8) thrown at [./src/hotspot/share/prims/jni.cpp, line 1362]
Event: 11.758 Thread 0x000001b688fb3800 Exception <a 'java/lang/NoSuchMethodError'{0x0000000089db70d0}: <clinit>> (0x0000000089db70d0) thrown at [./src/hotspot/share/prims/jni.cpp, line 1362]
Event: 11.759 Thread 0x000001b688fb3800 Exception <a 'java/lang/NoSuchMethodError'{0x0000000089dc9418}: <clinit>> (0x0000000089dc9418) thrown at [./src/hotspot/share/prims/jni.cpp, line 1362]
Event: 11.763 Thread 0x000001b688fb3800 Exception <a 'java/lang/NoSuchMethodError'{0x0000000089c2cb18}: <clinit>> (0x0000000089c2cb18) thrown at [./src/hotspot/share/prims/jni.cpp, line 1362]
Event: 11.827 Thread 0x000001b688fb1000 Exception <a 'java/lang/NoSuchMethodError'{0x000000008eece0e8}: <clinit>> (0x000000008eece0e8) thrown at [./src/hotspot/share/prims/jni.cpp, line 1362]
Event: 11.836 Thread 0x000001b688fc0000 Exception <a 'java/lang/NoSuchMethodError'{0x000000008f566b88}: 'void java.lang.invoke.DirectMethodHandle$Holder.invokeStatic(java.lang.Object, long)'> (0x000000008f566b88) thrown at [./src/hotspot/share/interpreter/linkResolver.cpp, line 773]
Event: 11.837 Thread 0x000001b688fc0000 Exception <a 'java/lang/NoSuchMethodError'{0x000000008f56bda0}: 'java.lang.Object java.lang.invoke.DirectMethodHandle$Holder.invokeStatic(java.lang.Object, long)'> (0x000000008f56bda0) thrown at [./src/hotspot/share/interpreter/linkResolver.cpp, line 773]
Event: 11.839 Thread 0x000001b688fc0000 Exception <a 'java/lang/NoSuchMethodError'{0x000000008ec07470}: 'java.lang.Object java.lang.invoke.DirectMethodHandle$Holder.invokeStaticInit(java.lang.Object, java.lang.Object, long, java.lang.Object)'> (0x000000008ec07470) thrown at [./src/hotspot/share/interpreter/linkResolver.cpp, line 773]
Event: 11.839 Thread 0x000001b688fc0000 Exception <a 'java/lang/NoSuchMethodError'{0x000000008ec0d360}: 'java.lang.Object java.lang.invoke.DirectMethodHandle$Holder.invokeStatic(java.lang.Object, java.lang.Object, long)'> (0x000000008ec0d360) thrown at [./src/hotspot/share/interpreter/linkResolver.cpp, line 773]
Event: 11.839 Thread 0x000001b688fc0000 Exception <a 'java/lang/NoSuchMethodError'{0x000000008ec1c388}: 'java.lang.Object java.lang.invoke.Invokers$Holder.linkToTargetMethod(java.lang.Object, long, java.lang.Object)'> (0x000000008ec1c388) thrown at [./src/hotspot/share/interpreter/linkResolver.cpp, line 773]
Event: 11.941 Thread 0x000001b688fb1000 Exception <a 'java/lang/NoSuchMethodError'{0x000000008e02f540}: 'void java.lang.invoke.DirectMethodHandle$Holder.invokeStatic(java.lang.Object, java.lang.Object, java.lang.Object, java.lang.Object, int, java.lang.Object)'> (0x000000008e02f540) thrown at [./src/hotspot/share/interpreter/linkResolver.cpp, line 773]
Event: 12.195 Thread 0x000001b688fb1000 Exception <a 'sun/nio/fs/WindowsException'{0x000000008d7da5b0}> (0x000000008d7da5b0) thrown at [./src/hotspot/share/prims/jni.cpp, line 615]
Event: 12.195 Thread 0x000001b688fb1000 Exception <a 'sun/nio/fs/WindowsException'{0x000000008d7daf98}> (0x000000008d7daf98) thrown at [./src/hotspot/share/prims/jni.cpp, line 615]
Event: 12.195 Thread 0x000001b688fb1000 Exception <a 'java/lang/NoSuchMethodError'{0x000000008d7dd2f0}: 'int java.lang.invoke.DirectMethodHandle$Holder.invokeSpecial(java.lang.Object, java.lang.Object, java.lang.Object, java.lang.Object, java.lang.Object)'> (0x000000008d7dd2f0) thrown at [./src/hotspot/share/interpreter/linkResolver.cpp, line 773]
Event: 12.198 Thread 0x000001b688fb1000 Exception <a 'sun/nio/fs/WindowsException'{0x000000008d609b28}> (0x000000008d609b28) thrown at [./src/hotspot/share/prims/jni.cpp, line 615]
Event: 12.198 Thread 0x000001b688fb1000 Exception <a 'sun/nio/fs/WindowsException'{0x000000008d60a538}> (0x000000008d60a538) thrown at [./src/hotspot/share/prims/jni.cpp, line 615]

Events (20 events):
Event: 12.613 loading class com/google/common/base/Present
Event: 12.613 loading class com/google/common/base/Present done
Event: 12.614 loading class com/google/common/io/Files$FilePredicate
Event: 12.614 loading class com/google/common/io/Files$FilePredicate done
Event: 12.614 loading class com/google/common/io/Files$FilePredicate$1
Event: 12.614 loading class com/google/common/io/Files$FilePredicate$1 done
Event: 12.614 loading class com/google/common/io/Files$FilePredicate$2
Event: 12.614 loading class com/google/common/io/Files$FilePredicate$2 done
Event: 12.614 loading class com/google/common/collect/Iterables$4
Event: 12.614 loading class com/google/common/collect/Iterables$4 done
Event: 12.615 loading class com/google/common/base/Absent
Event: 12.615 loading class com/google/common/base/Absent done
Event: 12.615 loading class com/google/common/graph/Traverser$TreeTraverser$DepthFirstPreOrderIterator
Event: 12.615 loading class com/google/common/graph/Traverser$TreeTraverser$DepthFirstPreOrderIterator done
Event: 12.616 loading class com/google/common/collect/AbstractIterator$State
Event: 12.616 loading class com/google/common/collect/AbstractIterator$State done
Event: 12.616 loading class com/google/common/collect/AbstractIterator$1
Event: 12.616 loading class com/google/common/collect/AbstractIterator$1 done
Event: 12.617 loading class com/android/build/gradle/internal/cxx/stripping/SymbolStripExecutableFinderKt
Event: 12.617 loading class com/android/build/gradle/internal/cxx/stripping/SymbolStripExecutableFinderKt done


Dynamic libraries:
0x00007ff723f20000 - 0x00007ff723f2a000 	D:\Android\Android Studio\jre\bin\java.exe
0x00007ffb0ec10000 - 0x00007ffb0ee05000 	C:\Windows\SYSTEM32\ntdll.dll
0x00007ffb0cfd0000 - 0x00007ffb0d08d000 	C:\Windows\System32\KERNEL32.DLL
0x00007ffb0c460000 - 0x00007ffb0c729000 	C:\Windows\System32\KERNELBASE.dll
0x00007ffb0ca40000 - 0x00007ffb0cb40000 	C:\Windows\System32\ucrtbase.dll
0x00007ffaf42d0000 - 0x00007ffaf42e9000 	D:\Android\Android Studio\jre\bin\jli.dll
0x00007ffaf8990000 - 0x00007ffaf89a7000 	D:\Android\Android Studio\jre\bin\VCRUNTIME140.dll
0x00007ffb0d090000 - 0x00007ffb0d230000 	C:\Windows\System32\USER32.dll
0x00007ffb0c7c0000 - 0x00007ffb0c7e2000 	C:\Windows\System32\win32u.dll
0x00007ffb0eba0000 - 0x00007ffb0ebca000 	C:\Windows\System32\GDI32.dll
0x00007ffb0c350000 - 0x00007ffb0c45b000 	C:\Windows\System32\gdi32full.dll
0x00007ffb0c840000 - 0x00007ffb0c8dd000 	C:\Windows\System32\msvcp_win.dll
0x00007ffaf92d0000 - 0x00007ffaf956a000 	C:\Windows\WinSxS\amd64_microsoft.windows.common-controls_6595b64144ccf1df_6.0.19041.1110_none_60b5254171f9507e\COMCTL32.dll
0x00007ffb0dd60000 - 0x00007ffb0ddfe000 	C:\Windows\System32\msvcrt.dll
0x00007ffb0e010000 - 0x00007ffb0e040000 	C:\Windows\System32\IMM32.DLL
0x00007ffac7e70000 - 0x00007ffac7f0d000 	D:\Android\Android Studio\jre\bin\msvcp140.dll
0x00007ffacdb30000 - 0x00007fface5ec000 	D:\Android\Android Studio\jre\bin\server\jvm.dll
0x00007ffb0cdf0000 - 0x00007ffb0ce9c000 	C:\Windows\System32\ADVAPI32.dll
0x00007ffb0cc80000 - 0x00007ffb0cd1b000 	C:\Windows\System32\sechost.dll
0x00007ffb0cea0000 - 0x00007ffb0cfca000 	C:\Windows\System32\RPCRT4.dll
0x00007ffb0e1c0000 - 0x00007ffb0e1c8000 	C:\Windows\System32\PSAPI.DLL
0x00007ffafc2d0000 - 0x00007ffafc2f7000 	C:\Windows\SYSTEM32\WINMM.dll
0x00007ffb04f60000 - 0x00007ffb04f6a000 	C:\Windows\SYSTEM32\VERSION.dll
0x00007ffaf5390000 - 0x00007ffaf5399000 	C:\Windows\SYSTEM32\WSOCK32.dll
0x00007ffb0de00000 - 0x00007ffb0de6b000 	C:\Windows\System32\ws2_32.DLL
0x00007ffb0ac10000 - 0x00007ffb0ac22000 	C:\Windows\SYSTEM32\kernel.appcore.dll
0x00007ffaf3f10000 - 0x00007ffaf3f21000 	D:\Android\Android Studio\jre\bin\verify.dll
0x00007ffb0aa00000 - 0x00007ffb0abe4000 	C:\Windows\SYSTEM32\DBGHELP.DLL
0x00007ffaf5670000 - 0x00007ffaf569c000 	C:\Windows\SYSTEM32\dbgcore.DLL
0x00007ffb0c730000 - 0x00007ffb0c7b3000 	C:\Windows\System32\bcryptPrimitives.dll
0x00007ffaecf70000 - 0x00007ffaecf99000 	D:\Android\Android Studio\jre\bin\java.dll
0x00007ffaf5380000 - 0x00007ffaf538b000 	D:\Android\Android Studio\jre\bin\jimage.dll
0x00007ffaee4a0000 - 0x00007ffaee4b8000 	D:\Android\Android Studio\jre\bin\zip.dll
0x00007ffb0d290000 - 0x00007ffb0d9cf000 	C:\Windows\System32\SHELL32.dll
0x00007ffb0a190000 - 0x00007ffb0a921000 	C:\Windows\SYSTEM32\windows.storage.dll
0x00007ffb0e840000 - 0x00007ffb0eb95000 	C:\Windows\System32\combase.dll
0x00007ffb0bdc0000 - 0x00007ffb0bdec000 	C:\Windows\SYSTEM32\Wldp.dll
0x00007ffb0e1d0000 - 0x00007ffb0e27e000 	C:\Windows\System32\SHCORE.dll
0x00007ffb0d230000 - 0x00007ffb0d285000 	C:\Windows\System32\shlwapi.dll
0x00007ffb0c290000 - 0x00007ffb0c2af000 	C:\Windows\SYSTEM32\profapi.dll
0x00007ffaee200000 - 0x00007ffaee21a000 	D:\Android\Android Studio\jre\bin\net.dll
0x00007ffafbf80000 - 0x00007ffafc08a000 	C:\Windows\SYSTEM32\WINHTTP.dll
0x00007ffb0bb20000 - 0x00007ffb0bb8a000 	C:\Windows\system32\mswsock.dll
0x00007ffadc300000 - 0x00007ffadc314000 	D:\Android\Android Studio\jre\bin\nio.dll
0x00007ffaecbc0000 - 0x00007ffaecbe7000 	C:\Users\SeongYun\.gradle\native\f6784746aeab05261644944871eae4fe03e0ef1612fff0a4a95f87b438bc6780\windows-amd64\native-platform.dll
0x00007ffaf3480000 - 0x00007ffaf348a000 	D:\Android\Android Studio\jre\bin\management.dll
0x00007ffaed8e0000 - 0x00007ffaed8ec000 	D:\Android\Android Studio\jre\bin\management_ext.dll
0x00007ffb0bd00000 - 0x00007ffb0bd18000 	C:\Windows\SYSTEM32\CRYPTSP.dll
0x00007ffb0b450000 - 0x00007ffb0b484000 	C:\Windows\system32\rsaenh.dll
0x00007ffb0cba0000 - 0x00007ffb0cbc7000 	C:\Windows\System32\bcrypt.dll
0x00007ffb0c210000 - 0x00007ffb0c23e000 	C:\Windows\SYSTEM32\USERENV.dll
0x00007ffb0bd20000 - 0x00007ffb0bd2c000 	C:\Windows\SYSTEM32\CRYPTBASE.dll
0x00007ffb0b7c0000 - 0x00007ffb0b7fb000 	C:\Windows\SYSTEM32\IPHLPAPI.DLL
0x00007ffb0e340000 - 0x00007ffb0e348000 	C:\Windows\System32\NSI.dll
0x00007ffb03e40000 - 0x00007ffb03e57000 	C:\Windows\SYSTEM32\dhcpcsvc6.DLL
0x00007ffb04f70000 - 0x00007ffb04f8d000 	C:\Windows\SYSTEM32\dhcpcsvc.DLL
0x00007ffb0b800000 - 0x00007ffb0b8cc000 	C:\Windows\SYSTEM32\DNSAPI.dll
0x00007ffb051b0000 - 0x00007ffb051bb000 	C:\Windows\SYSTEM32\WINNSI.DLL

dbghelp: loaded successfully - version: 4.0.5 - missing functions: none
symbol engine: initialized successfully - sym options: 0x614 - pdb path: .;D:\Android\Android Studio\jre\bin;C:\Windows\SYSTEM32;C:\Windows\WinSxS\amd64_microsoft.windows.common-controls_6595b64144ccf1df_6.0.19041.1110_none_60b5254171f9507e;D:\Android\Android Studio\jre\bin\server;C:\Users\SeongYun\.gradle\native\f6784746aeab05261644944871eae4fe03e0ef1612fff0a4a95f87b438bc6780\windows-amd64

VM Arguments:
jvm_args: --add-opens=java.base/java.util=ALL-UNNAMED --add-opens=java.base/java.lang=ALL-UNNAMED --add-opens=java.base/java.lang.invoke=ALL-UNNAMED --add-opens=java.prefs/java.util.prefs=ALL-UNNAMED -Xmx2048m -Dfile.encoding=UTF-8 -Duser.country=KR -Duser.language=ko -Duser.variant 
java_command: org.gradle.launcher.daemon.bootstrap.GradleDaemon 6.5
java_class_path (initial): C:\Users\SeongYun\.gradle\wrapper\dists\gradle-6.5-bin\6nifqtx7604sqp1q6g8wikw7p\gradle-6.5\lib\gradle-launcher-6.5.jar
Launcher Type: SUN_STANDARD

[Global flags]
     intx CICompilerCount                          = 12                                        {product} {ergonomic}
     uint ConcGCThreads                            = 3                                         {product} {ergonomic}
     uint G1ConcRefinementThreads                  = 13                                        {product} {ergonomic}
   size_t G1HeapRegionSize                         = 1048576                                   {product} {ergonomic}
    uintx GCDrainStackTargetSize                   = 64                                        {product} {ergonomic}
   size_t InitialHeapSize                          = 266338304                                 {product} {ergonomic}
   size_t MarkStackSize                            = 4194304                                   {product} {ergonomic}
   size_t MaxHeapSize                              = 2147483648                                {product} {command line}
   size_t MaxNewSize                               = 1287651328                                {product} {ergonomic}
   size_t MinHeapDeltaBytes                        = 1048576                                   {product} {ergonomic}
    uintx NonNMethodCodeHeapSize                   = 7594288                                {pd product} {ergonomic}
    uintx NonProfiledCodeHeapSize                  = 122031976                              {pd product} {ergonomic}
    uintx ProfiledCodeHeapSize                     = 122031976                              {pd product} {ergonomic}
    uintx ReservedCodeCacheSize                    = 251658240                              {pd product} {ergonomic}
     bool SegmentedCodeCache                       = true                                      {product} {ergonomic}
     bool UseCompressedClassPointers               = true                                 {lp64_product} {ergonomic}
     bool UseCompressedOops                        = true                                 {lp64_product} {ergonomic}
     bool UseG1GC                                  = true                                      {product} {ergonomic}
     bool UseLargePagesIndividualAllocation        = false                                  {pd product} {ergonomic}

Logging:
Log output configuration:
 #0: stdout all=warning uptime,level,tags
 #1: stderr all=off uptime,level,tags

Environment Variables:
PATH=C:\Program Files\Common Files\Oracle\Java\javapath;C:\Windows\system32;C:\Windows;C:\Windows\System32\Wbem;C:\Windows\System32\WindowsPowerShell\v1.0\;C:\Windows\System32\OpenSSH\;D:\Git\cmd;C:\Program Files\dotnet\;C:\Users\SeongYun\AppData\Local\Programs\Python\Python39\Scripts\;C:\Users\SeongYun\AppData\Local\Programs\Python\Python39\;C:\Users\SeongYun\AppData\Local\Microsoft\WindowsApps;C:\Program Files\Bandizip\;C:\Users\SeongYun\.dotnet\tools
USERNAME=SeongYun
OS=Windows_NT
PROCESSOR_IDENTIFIER=AMD64 Family 23 Model 96 Stepping 1, AuthenticAMD



---------------  S Y S T E M  ---------------

OS: Windows 10 , 64 bit Build 19041 (10.0.19041.1023)
OS uptime: 0 days 6:27 hours

CPU:total 16 (initial active 16) (16 cores per cpu, 2 threads per core) family 23 model 96 stepping 1, cmov, cx8, fxsr, mmx, sse, sse2, sse3, ssse3, sse4.1, sse4.2, popcnt, avx, avx2, aes, clmul, mmxext, 3dnowpref, lzcnt, sse4a, ht, tsc, tscinvbit, tscinv, bmi1, bmi2, adx, sha, fma

Memory: 4k page, system-wide physical 16253M (308M free)
TotalPageFile size 46696M (AvailPageFile size 13M)
current process WorkingSet (physical memory assigned to process): 508M, peak: 508M
current process commit charge ("private bytes"): 563M, peak: 565M

vm_info: OpenJDK 64-Bit Server VM (11.0.8+10-b944.6842174) for windows-amd64 JRE (11.0.8+10-b944.6842174), built on Sep 19 2020 01:11:42 by "builder" with MS VC++ 14.0 (VS2015)

END.
