#
# There is insufficient memory for the Java Runtime Environment to continue.
# Native memory allocation (malloc) failed to allocate 840336 bytes for Chunk::new
# Possible reasons:
#   The system is out of physical RAM or swap space
#   The process is running with CompressedOops enabled, and the Java Heap may be blocking the growth of the native heap
# Possible solutions:
#   Reduce memory load on the system
#   Increase physical memory or swap space
#   Check if swap backing store is full
#   Decrease Java heap size (-Xmx/-Xms)
#   Decrease number of Java threads
#   Decrease Java thread stack sizes (-Xss)
#   Set larger code cache with -XX:ReservedCodeCacheSize=
#   JVM is running with Unscaled Compressed Oops mode in which the Java heap is
#     placed in the first 4GB address space. The Java Heap base address is the
#     maximum limit for the native heap growth. Please use -XX:HeapBaseMinAddress
#     to set the Java Heap base and to place the Java Heap above 4GB virtual address.
# This output file may be truncated or incomplete.
#
#  Out of Memory Error (./src/hotspot/share/memory/arena.cpp:197), pid=9348, tid=1700
#
# JRE version: OpenJDK Runtime Environment (11.0.8+10) (build 11.0.8+10-b944.6842174)
# Java VM: OpenJDK 64-Bit Server VM (11.0.8+10-b944.6842174, mixed mode, tiered, compressed oops, g1 gc, windows-amd64)
# No core dump will be written. Minidumps are not enabled by default on client versions of Windows
#

---------------  S U M M A R Y ------------

Command Line: --add-opens=java.base/java.util=ALL-UNNAMED --add-opens=java.base/java.lang=ALL-UNNAMED --add-opens=java.base/java.lang.invoke=ALL-UNNAMED --add-opens=java.prefs/java.util.prefs=ALL-UNNAMED -Xmx2048m -Dfile.encoding=UTF-8 -Duser.country=KR -Duser.language=ko -Duser.variant org.gradle.launcher.daemon.bootstrap.GradleDaemon 6.5

Host: AMD Ryzen 7 4800H with Radeon Graphics         , 16 cores, 15G,  Windows 10 , 64 bit Build 19041 (10.0.19041.1023)
Time: Thu Jul 29 06:02:42 2021 대한민국 표준시 elapsed time: 170 seconds (0d 0h 2m 50s)

---------------  T H R E A D  ---------------

Current thread (0x00000281d5d2a000):  JavaThread "C2 CompilerThread0" daemon [_thread_in_native, id=1700, stack(0x000000be40a00000,0x000000be40b00000)]


Current CompileTask:
C2: 170064 16875       4       java.lang.reflect.AccessibleObject::checkAccess (40 bytes)

Stack: [0x000000be40a00000,0x000000be40b00000]
Native frames: (J=compiled Java code, j=interpreted, Vv=VM code, C=native code)
V  [jvm.dll+0x5de50a]
V  [jvm.dll+0x7122f5]
V  [jvm.dll+0x71384d]
V  [jvm.dll+0x713f03]
V  [jvm.dll+0x23e728]
V  [jvm.dll+0xb899c]
V  [jvm.dll+0xb8e9c]
V  [jvm.dll+0x35020b]
V  [jvm.dll+0x193cbc]
V  [jvm.dll+0x1f780e]
V  [jvm.dll+0x1f68d4]
V  [jvm.dll+0x17f32c]
V  [jvm.dll+0x205047]
V  [jvm.dll+0x203891]
V  [jvm.dll+0x6dad3f]
V  [jvm.dll+0x6d3895]
V  [jvm.dll+0x5dd4a6]
C  [ucrtbase.dll+0x21bb2]
C  [KERNEL32.DLL+0x17034]
C  [ntdll.dll+0x52651]


---------------  P R O C E S S  ---------------

Threads class SMR info:
_java_thread_list=0x00000281dceba100, length=165, elements={
0x00000281b8648000, 0x00000281d5cb1800, 0x00000281d5cbb000, 0x00000281d5d26800,
0x00000281d5d28000, 0x00000281d5d2a000, 0x00000281d5d37800, 0x00000281d5d44800,
0x00000281d5eb3800, 0x00000281d5f96800, 0x00000281d6ffb000, 0x00000281d74f3800,
0x00000281d7cea800, 0x00000281d7e20000, 0x00000281d789a800, 0x00000281d7faf000,
0x00000281d7fac800, 0x00000281d7faa000, 0x00000281d7fb0800, 0x00000281d7fab000,
0x00000281db5eb800, 0x00000281d885e800, 0x00000281d8862000, 0x00000281d885d000,
0x00000281d885f800, 0x00000281d8860800, 0x00000281d885c800, 0x00000281d8861000,
0x00000281d8863000, 0x00000281d885e000, 0x00000281d8864800, 0x00000281d8868800,
0x00000281d8863800, 0x00000281d8866000, 0x00000281d8867000, 0x00000281d8869800,
0x00000281d886a000, 0x00000281d8867800, 0x00000281d886b000, 0x00000281d8865800,
0x00000281d8417000, 0x00000281d8418000, 0x00000281d8418800, 0x00000281d8416800,
0x00000281d8415800, 0x00000281d8419800, 0x00000281d841a800, 0x00000281d8414800,
0x00000281d841e800, 0x00000281d841f800, 0x00000281d841c000, 0x00000281d8421000,
0x00000281d8420000, 0x00000281d841b000, 0x00000281d8421800, 0x00000281d8422800,
0x00000281d841d000, 0x00000281d8423800, 0x00000281d841d800, 0x00000281dc267800,
0x00000281dc26a800, 0x00000281dc269000, 0x00000281dc269800, 0x00000281dc26d000,
0x00000281dc26e000, 0x00000281dc26c000, 0x00000281dc26b800, 0x00000281dc268000,
0x00000281da4c2800, 0x00000281da4bc800, 0x00000281da4c0800, 0x00000281da4bd800,
0x00000281da4c3000, 0x00000281da4c1800, 0x00000281da4c4000, 0x00000281da4be000,
0x00000281da4c0000, 0x00000281da4c5000, 0x00000281da4bf000, 0x00000281da4c8000,
0x00000281da4c5800, 0x00000281da4c9000, 0x00000281da4c7000, 0x00000281da4c9800,
0x00000281da4ca800, 0x00000281da4c6800, 0x00000281da4cb800, 0x00000281d6a73800,
0x00000281d6a77800, 0x00000281d6a74800, 0x00000281d6a7a000, 0x00000281d6a7b000,
0x00000281d6a76800, 0x00000281d6a78800, 0x00000281d6a79000, 0x00000281d6a76000,
0x00000281d6a75000, 0x00000281d6a7f800, 0x00000281d6a7d800, 0x00000281d6a81800,
0x00000281d6a80800, 0x00000281d6a7e000, 0x00000281d6a7b800, 0x00000281d6a82000,
0x00000281d6a7f000, 0x00000281d6a7c800, 0x00000281d8764800, 0x00000281d8763000,
0x00000281d875f000, 0x00000281d8761800, 0x00000281d875f800, 0x00000281d8764000,
0x00000281d8765800, 0x00000281d8766800, 0x00000281d8767000, 0x00000281dc252800,
0x00000281dc253800, 0x00000281dc24e800, 0x00000281dc249000, 0x00000281dc249800,
0x00000281dc24a800, 0x00000281dc24b800, 0x00000281dc245800, 0x00000281dc24c000,
0x00000281dc246800, 0x00000281dc24d000, 0x00000281dc247000, 0x00000281dc24e000,
0x00000281dc248000, 0x00000281dc252000, 0x00000281dc254800, 0x00000281dc24f800,
0x00000281dc250000, 0x00000281dc251000, 0x00000281db7cb800, 0x00000281db7cc000,
0x00000281db7cd000, 0x00000281db7ce000, 0x00000281db7c8000, 0x00000281db7ce800,
0x00000281db7c9000, 0x00000281db7c9800, 0x00000281db7ca800, 0x00000281db7d5000,
0x00000281db7cf800, 0x00000281db7d6000, 0x00000281db7d4800, 0x00000281db7d0800,
0x00000281db7d3800, 0x00000281db7d1000, 0x00000281db7d2000, 0x00000281db5e8800,
0x00000281db5ea000, 0x00000281db5ec800, 0x00000281db5ee000, 0x00000281db5ef000,
0x00000281db5e9000, 0x00000281db5f2000, 0x00000281db5f3800, 0x00000281db5f0800,
0x00000281db5f4800, 0x00000281db5f5800, 0x00000281db5f3000, 0x00000281db5ef800,
0x00000281db5f6000
}

Java Threads: ( => current thread )
  0x00000281b8648000 JavaThread "main" [_thread_blocked, id=1908, stack(0x000000be3ff00000,0x000000be40000000)]
  0x00000281d5cb1800 JavaThread "Reference Handler" daemon [_thread_blocked, id=2388, stack(0x000000be40600000,0x000000be40700000)]
  0x00000281d5cbb000 JavaThread "Finalizer" daemon [_thread_blocked, id=5764, stack(0x000000be40700000,0x000000be40800000)]
  0x00000281d5d26800 JavaThread "Signal Dispatcher" daemon [_thread_blocked, id=7912, stack(0x000000be40800000,0x000000be40900000)]
  0x00000281d5d28000 JavaThread "Attach Listener" daemon [_thread_blocked, id=3640, stack(0x000000be40900000,0x000000be40a00000)]
=>0x00000281d5d2a000 JavaThread "C2 CompilerThread0" daemon [_thread_in_native, id=1700, stack(0x000000be40a00000,0x000000be40b00000)]
  0x00000281d5d37800 JavaThread "C1 CompilerThread0" daemon [_thread_blocked, id=3004, stack(0x000000be40b00000,0x000000be40c00000)]
  0x00000281d5d44800 JavaThread "Sweeper thread" daemon [_thread_blocked, id=844, stack(0x000000be40c00000,0x000000be40d00000)]
  0x00000281d5eb3800 JavaThread "Common-Cleaner" daemon [_thread_blocked, id=6684, stack(0x000000be40d00000,0x000000be40e00000)]
  0x00000281d5f96800 JavaThread "Service Thread" daemon [_thread_blocked, id=7448, stack(0x000000be40f00000,0x000000be41000000)]
  0x00000281d6ffb000 JavaThread "Daemon health stats" [_thread_blocked, id=3440, stack(0x000000be41900000,0x000000be41a00000)]
  0x00000281d74f3800 JavaThread "Incoming local TCP Connector on port 50237" [_thread_in_native, id=10616, stack(0x000000be41b00000,0x000000be41c00000)]
  0x00000281d7cea800 JavaThread "Daemon periodic checks" [_thread_blocked, id=888, stack(0x000000be41c00000,0x000000be41d00000)]
  0x00000281d7e20000 JavaThread "Daemon" [_thread_blocked, id=7740, stack(0x000000be41d00000,0x000000be41e00000)]
  0x00000281d789a800 JavaThread "Daemon worker" [_thread_blocked, id=9296, stack(0x000000be42100000,0x000000be42200000)]
  0x00000281d7faf000 JavaThread "Cache worker for journal cache (C:\Users\SeongYun\.gradle\caches\journal-1)" [_thread_blocked, id=6688, stack(0x000000be42500000,0x000000be42600000)]
  0x00000281d7fac800 JavaThread "File lock request listener" [_thread_in_native, id=3336, stack(0x000000be42600000,0x000000be42700000)]
  0x00000281d7faa000 JavaThread "Cache worker for file hash cache (C:\Users\SeongYun\.gradle\caches\6.5\fileHashes)" [_thread_blocked, id=3324, stack(0x000000be42700000,0x000000be42800000)]
  0x00000281d7fb0800 JavaThread "Cache worker for execution history cache (C:\Users\SeongYun\.gradle\caches\6.5\executionHistory)" [_thread_blocked, id=7464, stack(0x000000be43600000,0x000000be43700000)]
  0x00000281d7fab000 JavaThread "jar transforms" [_thread_blocked, id=11848, stack(0x000000be43700000,0x000000be43800000)]
  0x00000281db5eb800 JavaThread "Cache worker for file content cache (C:\Users\SeongYun\.gradle\caches\6.5\fileContent)" [_thread_blocked, id=4604, stack(0x000000be43800000,0x000000be43900000)]
  0x00000281d885e800 JavaThread "jar transforms Thread 2" [_thread_blocked, id=3760, stack(0x000000be44800000,0x000000be44900000)]
  0x00000281d8862000 JavaThread "jar transforms Thread 3" [_thread_blocked, id=3528, stack(0x000000be44900000,0x000000be44a00000)]
  0x00000281d885d000 JavaThread "jar transforms Thread 4" [_thread_blocked, id=2512, stack(0x000000be44a00000,0x000000be44b00000)]
  0x00000281d885f800 JavaThread "jar transforms Thread 5" [_thread_blocked, id=6056, stack(0x000000be44b00000,0x000000be44c00000)]
  0x00000281d8860800 JavaThread "jar transforms Thread 6" [_thread_blocked, id=11624, stack(0x000000be44c00000,0x000000be44d00000)]
  0x00000281d885c800 JavaThread "jar transforms Thread 7" [_thread_blocked, id=8480, stack(0x000000be44d00000,0x000000be44e00000)]
  0x00000281d8861000 JavaThread "jar transforms Thread 8" [_thread_blocked, id=5236, stack(0x000000be44e00000,0x000000be44f00000)]
  0x00000281d8863000 JavaThread "jar transforms Thread 9" [_thread_blocked, id=5696, stack(0x000000be44f00000,0x000000be45000000)]
  0x00000281d885e000 JavaThread "jar transforms Thread 10" [_thread_blocked, id=5284, stack(0x000000be45000000,0x000000be45100000)]
  0x00000281d8864800 JavaThread "jar transforms Thread 11" [_thread_blocked, id=2372, stack(0x000000be45100000,0x000000be45200000)]
  0x00000281d8868800 JavaThread "jar transforms Thread 12" [_thread_blocked, id=920, stack(0x000000be45200000,0x000000be45300000)]
  0x00000281d8863800 JavaThread "jar transforms Thread 13" [_thread_blocked, id=1052, stack(0x000000be45300000,0x000000be45400000)]
  0x00000281d8866000 JavaThread "jar transforms Thread 14" [_thread_blocked, id=11504, stack(0x000000be45400000,0x000000be45500000)]
  0x00000281d8867000 JavaThread "jar transforms Thread 15" [_thread_blocked, id=2732, stack(0x000000be45500000,0x000000be45600000)]
  0x00000281d8869800 JavaThread "jar transforms Thread 16" [_thread_blocked, id=3652, stack(0x000000be45600000,0x000000be45700000)]
  0x00000281d886a000 JavaThread "jar transforms Thread 17" [_thread_blocked, id=10440, stack(0x000000be45700000,0x000000be45800000)]
  0x00000281d8867800 JavaThread "jar transforms Thread 18" [_thread_blocked, id=7360, stack(0x000000be45800000,0x000000be45900000)]
  0x00000281d886b000 JavaThread "jar transforms Thread 19" [_thread_blocked, id=6472, stack(0x000000be45900000,0x000000be45a00000)]
  0x00000281d8865800 JavaThread "jar transforms Thread 20" [_thread_blocked, id=7700, stack(0x000000be45a00000,0x000000be45b00000)]
  0x00000281d8417000 JavaThread "jar transforms Thread 21" [_thread_blocked, id=10136, stack(0x000000be45b00000,0x000000be45c00000)]
  0x00000281d8418000 JavaThread "jar transforms Thread 22" [_thread_blocked, id=11668, stack(0x000000be45c00000,0x000000be45d00000)]
  0x00000281d8418800 JavaThread "jar transforms Thread 23" [_thread_blocked, id=6148, stack(0x000000be45d00000,0x000000be45e00000)]
  0x00000281d8416800 JavaThread "jar transforms Thread 24" [_thread_blocked, id=11972, stack(0x000000be45e00000,0x000000be45f00000)]
  0x00000281d8415800 JavaThread "jar transforms Thread 25" [_thread_blocked, id=11976, stack(0x000000be45f00000,0x000000be46000000)]
  0x00000281d8419800 JavaThread "jar transforms Thread 26" [_thread_blocked, id=7648, stack(0x000000be46000000,0x000000be46100000)]
  0x00000281d841a800 JavaThread "jar transforms Thread 27" [_thread_blocked, id=2504, stack(0x000000be46100000,0x000000be46200000)]
  0x00000281d8414800 JavaThread "jar transforms Thread 28" [_thread_blocked, id=7216, stack(0x000000be46200000,0x000000be46300000)]
  0x00000281d841e800 JavaThread "jar transforms Thread 29" [_thread_blocked, id=1752, stack(0x000000be46300000,0x000000be46400000)]
  0x00000281d841f800 JavaThread "jar transforms Thread 30" [_thread_blocked, id=5148, stack(0x000000be46400000,0x000000be46500000)]
  0x00000281d841c000 JavaThread "jar transforms Thread 31" [_thread_blocked, id=584, stack(0x000000be46500000,0x000000be46600000)]
  0x00000281d8421000 JavaThread "jar transforms Thread 32" [_thread_blocked, id=11128, stack(0x000000be46600000,0x000000be46700000)]
  0x00000281d8420000 JavaThread "jar transforms Thread 33" [_thread_blocked, id=5388, stack(0x000000be46700000,0x000000be46800000)]
  0x00000281d841b000 JavaThread "jar transforms Thread 34" [_thread_blocked, id=10452, stack(0x000000be46800000,0x000000be46900000)]
  0x00000281d8421800 JavaThread "jar transforms Thread 35" [_thread_blocked, id=12236, stack(0x000000be46900000,0x000000be46a00000)]
  0x00000281d8422800 JavaThread "jar transforms Thread 36" [_thread_blocked, id=6796, stack(0x000000be46a00000,0x000000be46b00000)]
  0x00000281d841d000 JavaThread "jar transforms Thread 37" [_thread_blocked, id=6568, stack(0x000000be46b00000,0x000000be46c00000)]
  0x00000281d8423800 JavaThread "jar transforms Thread 38" [_thread_blocked, id=6448, stack(0x000000be46c00000,0x000000be46d00000)]
  0x00000281d841d800 JavaThread "jar transforms Thread 39" [_thread_blocked, id=8852, stack(0x000000be46d00000,0x000000be46e00000)]
  0x00000281dc267800 JavaThread "jar transforms Thread 40" [_thread_blocked, id=9928, stack(0x000000be46e00000,0x000000be46f00000)]
  0x00000281dc26a800 JavaThread "jar transforms Thread 41" [_thread_blocked, id=6588, stack(0x000000be46f00000,0x000000be47000000)]
  0x00000281dc269000 JavaThread "jar transforms Thread 42" [_thread_blocked, id=2368, stack(0x000000be47000000,0x000000be47100000)]
  0x00000281dc269800 JavaThread "jar transforms Thread 43" [_thread_blocked, id=916, stack(0x000000be47100000,0x000000be47200000)]
  0x00000281dc26d000 JavaThread "jar transforms Thread 44" [_thread_blocked, id=9940, stack(0x000000be47200000,0x000000be47300000)]
  0x00000281dc26e000 JavaThread "jar transforms Thread 45" [_thread_blocked, id=6292, stack(0x000000be47300000,0x000000be47400000)]
  0x00000281dc26c000 JavaThread "jar transforms Thread 46" [_thread_blocked, id=3580, stack(0x000000be47400000,0x000000be47500000)]
  0x00000281dc26b800 JavaThread "jar transforms Thread 47" [_thread_blocked, id=11448, stack(0x000000be47500000,0x000000be47600000)]
  0x00000281dc268000 JavaThread "jar transforms Thread 48" [_thread_blocked, id=11296, stack(0x000000be47600000,0x000000be47700000)]
  0x00000281da4c2800 JavaThread "jar transforms Thread 49" [_thread_blocked, id=8916, stack(0x000000be47700000,0x000000be47800000)]
  0x00000281da4bc800 JavaThread "jar transforms Thread 50" [_thread_blocked, id=6476, stack(0x000000be47800000,0x000000be47900000)]
  0x00000281da4c0800 JavaThread "jar transforms Thread 51" [_thread_blocked, id=11540, stack(0x000000be47900000,0x000000be47a00000)]
  0x00000281da4bd800 JavaThread "jar transforms Thread 52" [_thread_blocked, id=11740, stack(0x000000be47a00000,0x000000be47b00000)]
  0x00000281da4c3000 JavaThread "jar transforms Thread 53" [_thread_blocked, id=4776, stack(0x000000be47b00000,0x000000be47c00000)]
  0x00000281da4c1800 JavaThread "jar transforms Thread 54" [_thread_blocked, id=4476, stack(0x000000be47c00000,0x000000be47d00000)]
  0x00000281da4c4000 JavaThread "jar transforms Thread 55" [_thread_blocked, id=7000, stack(0x000000be47d00000,0x000000be47e00000)]
  0x00000281da4be000 JavaThread "jar transforms Thread 56" [_thread_blocked, id=2836, stack(0x000000be47e00000,0x000000be47f00000)]
  0x00000281da4c0000 JavaThread "jar transforms Thread 57" [_thread_blocked, id=11556, stack(0x000000be47f00000,0x000000be48000000)]
  0x00000281da4c5000 JavaThread "jar transforms Thread 58" [_thread_blocked, id=520, stack(0x000000be48000000,0x000000be48100000)]
  0x00000281da4bf000 JavaThread "jar transforms Thread 59" [_thread_blocked, id=5380, stack(0x000000be48100000,0x000000be48200000)]
  0x00000281da4c8000 JavaThread "jar transforms Thread 60" [_thread_blocked, id=12096, stack(0x000000be48200000,0x000000be48300000)]
  0x00000281da4c5800 JavaThread "jar transforms Thread 61" [_thread_blocked, id=1580, stack(0x000000be48300000,0x000000be48400000)]
  0x00000281da4c9000 JavaThread "jar transforms Thread 62" [_thread_blocked, id=3700, stack(0x000000be48400000,0x000000be48500000)]
  0x00000281da4c7000 JavaThread "jar transforms Thread 63" [_thread_blocked, id=2180, stack(0x000000be48500000,0x000000be48600000)]
  0x00000281da4c9800 JavaThread "jar transforms Thread 64" [_thread_blocked, id=5968, stack(0x000000be48600000,0x000000be48700000)]
  0x00000281da4ca800 JavaThread "jar transforms Thread 65" [_thread_blocked, id=6748, stack(0x000000be48700000,0x000000be48800000)]
  0x00000281da4c6800 JavaThread "jar transforms Thread 66" [_thread_blocked, id=9660, stack(0x000000be48800000,0x000000be48900000)]
  0x00000281da4cb800 JavaThread "jar transforms Thread 67" [_thread_blocked, id=11664, stack(0x000000be48900000,0x000000be48a00000)]
  0x00000281d6a73800 JavaThread "jar transforms Thread 68" [_thread_blocked, id=12216, stack(0x000000be48a00000,0x000000be48b00000)]
  0x00000281d6a77800 JavaThread "jar transforms Thread 69" [_thread_blocked, id=3572, stack(0x000000be48b00000,0x000000be48c00000)]
  0x00000281d6a74800 JavaThread "jar transforms Thread 70" [_thread_blocked, id=8356, stack(0x000000be48c00000,0x000000be48d00000)]
  0x00000281d6a7a000 JavaThread "jar transforms Thread 71" [_thread_blocked, id=1432, stack(0x000000be48d00000,0x000000be48e00000)]
  0x00000281d6a7b000 JavaThread "jar transforms Thread 72" [_thread_blocked, id=4064, stack(0x000000be48e00000,0x000000be48f00000)]
  0x00000281d6a76800 JavaThread "jar transforms Thread 73" [_thread_blocked, id=8332, stack(0x000000be48f00000,0x000000be49000000)]
  0x00000281d6a78800 JavaThread "jar transforms Thread 74" [_thread_blocked, id=3520, stack(0x000000be49000000,0x000000be49100000)]
  0x00000281d6a79000 JavaThread "jar transforms Thread 75" [_thread_blocked, id=868, stack(0x000000be49100000,0x000000be49200000)]
  0x00000281d6a76000 JavaThread "jar transforms Thread 76" [_thread_blocked, id=2064, stack(0x000000be49200000,0x000000be49300000)]
  0x00000281d6a75000 JavaThread "jar transforms Thread 77" [_thread_blocked, id=3284, stack(0x000000be49300000,0x000000be49400000)]
  0x00000281d6a7f800 JavaThread "jar transforms Thread 78" [_thread_blocked, id=11380, stack(0x000000be49400000,0x000000be49500000)]
  0x00000281d6a7d800 JavaThread "jar transforms Thread 79" [_thread_blocked, id=1152, stack(0x000000be49500000,0x000000be49600000)]
  0x00000281d6a81800 JavaThread "jar transforms Thread 80" [_thread_blocked, id=5216, stack(0x000000be49600000,0x000000be49700000)]
  0x00000281d6a80800 JavaThread "jar transforms Thread 81" [_thread_blocked, id=10516, stack(0x000000be49700000,0x000000be49800000)]
  0x00000281d6a7e000 JavaThread "jar transforms Thread 82" [_thread_blocked, id=11660, stack(0x000000be49800000,0x000000be49900000)]
  0x00000281d6a7b800 JavaThread "jar transforms Thread 83" [_thread_blocked, id=10536, stack(0x000000be49900000,0x000000be49a00000)]
  0x00000281d6a82000 JavaThread "jar transforms Thread 84" [_thread_blocked, id=1736, stack(0x000000be49a00000,0x000000be49b00000)]
  0x00000281d6a7f000 JavaThread "jar transforms Thread 85" [_thread_blocked, id=328, stack(0x000000be49b00000,0x000000be49c00000)]
  0x00000281d6a7c800 JavaThread "jar transforms Thread 86" [_thread_blocked, id=10116, stack(0x000000be49c00000,0x000000be49d00000)]
  0x00000281d8764800 JavaThread "jar transforms Thread 87" [_thread_blocked, id=11484, stack(0x000000be49d00000,0x000000be49e00000)]
  0x00000281d8763000 JavaThread "jar transforms Thread 88" [_thread_blocked, id=5848, stack(0x000000be49e00000,0x000000be49f00000)]
  0x00000281d875f000 JavaThread "jar transforms Thread 89" [_thread_blocked, id=6924, stack(0x000000be49f00000,0x000000be4a000000)]
  0x00000281d8761800 JavaThread "jar transforms Thread 90" [_thread_blocked, id=11320, stack(0x000000be4a000000,0x000000be4a100000)]
  0x00000281d875f800 JavaThread "jar transforms Thread 91" [_thread_blocked, id=2252, stack(0x000000be4a100000,0x000000be4a200000)]
  0x00000281d8764000 JavaThread "jar transforms Thread 92" [_thread_blocked, id=3032, stack(0x000000be4a200000,0x000000be4a300000)]
  0x00000281d8765800 JavaThread "jar transforms Thread 93" [_thread_blocked, id=1620, stack(0x000000be4a300000,0x000000be4a400000)]
  0x00000281d8766800 JavaThread "jar transforms Thread 94" [_thread_blocked, id=8172, stack(0x000000be4a400000,0x000000be4a500000)]
  0x00000281d8767000 JavaThread "Memory manager" [_thread_blocked, id=8060, stack(0x000000be4a600000,0x000000be4a700000)]
  0x00000281dc252800 JavaThread "Exec process" [_thread_in_native, id=12032, stack(0x000000be4c000000,0x000000be4c100000)]
  0x00000281dc253800 JavaThread "Exec process Thread 2" [_thread_in_native, id=11464, stack(0x000000be4c100000,0x000000be4c200000)]
  0x00000281dc24e800 JavaThread "Exec process Thread 3" [_thread_in_native, id=6632, stack(0x000000be4c200000,0x000000be4c300000)]
  0x00000281dc249000 JavaThread "Handler for socket connection from /127.0.0.1:50237 to /127.0.0.1:53205" [_thread_in_native, id=11672, stack(0x000000be3fc00000,0x000000be3fd00000)]
  0x00000281dc249800 JavaThread "Cancel handler" [_thread_blocked, id=8664, stack(0x000000be3fd00000,0x000000be3fe00000)]
  0x00000281dc24a800 JavaThread "Asynchronous log dispatcher for DefaultDaemonConnection: socket connection from /127.0.0.1:50237 to /127.0.0.1:53205" [_thread_blocked, id=11768, stack(0x000000be3fe00000,0x000000be3ff00000)]
  0x00000281dc24b800 JavaThread "Stdin handler" [_thread_blocked, id=796, stack(0x000000be40e00000,0x000000be40f00000)]
  0x00000281dc245800 JavaThread "Thread-312" [_thread_blocked, id=6512, stack(0x000000be41100000,0x000000be41200000)]
  0x00000281dc24c000 JavaThread "Cache worker for file hash cache (C:\Users\SeongYun\Desktop\github\Chameleon_Tollgate\Android\.gradle\6.5\fileHashes)" [_thread_blocked, id=2060, stack(0x000000be41700000,0x000000be41800000)]
  0x00000281dc246800 JavaThread "Cache worker for checksums cache (C:\Users\SeongYun\Desktop\github\Chameleon_Tollgate\Android\.gradle\checksums)" [_thread_blocked, id=9868, stack(0x000000be41a00000,0x000000be41b00000)]
  0x00000281dc24d000 JavaThread "Cache worker for cache directory md-supplier (C:\Users\SeongYun\.gradle\caches\6.5\md-supplier)" [_thread_blocked, id=4888, stack(0x000000be41e00000,0x000000be41f00000)]
  0x00000281dc247000 JavaThread "Cache worker for cache directory md-rule (C:\Users\SeongYun\.gradle\caches\6.5\md-rule)" [_thread_blocked, id=3436, stack(0x000000be41f00000,0x000000be42000000)]
  0x00000281dc24e000 JavaThread "Build operations" [_thread_blocked, id=7356, stack(0x000000be42000000,0x000000be42100000)]
  0x00000281dc248000 JavaThread "Build operations Thread 2" [_thread_blocked, id=8088, stack(0x000000be42200000,0x000000be42300000)]
  0x00000281dc252000 JavaThread "Build operations Thread 3" [_thread_blocked, id=11392, stack(0x000000be42300000,0x000000be42400000)]
  0x00000281dc254800 JavaThread "Build operations Thread 4" [_thread_blocked, id=11636, stack(0x000000be42400000,0x000000be42500000)]
  0x00000281dc24f800 JavaThread "Build operations Thread 5" [_thread_blocked, id=6508, stack(0x000000be43200000,0x000000be43300000)]
  0x00000281dc250000 JavaThread "Build operations Thread 6" [_thread_blocked, id=4340, stack(0x000000be43300000,0x000000be43400000)]
  0x00000281dc251000 JavaThread "Build operations Thread 7" [_thread_blocked, id=4344, stack(0x000000be43400000,0x000000be43500000)]
  0x00000281db7cb800 JavaThread "Build operations Thread 8" [_thread_blocked, id=2524, stack(0x000000be43500000,0x000000be43600000)]
  0x00000281db7cc000 JavaThread "Build operations Thread 9" [_thread_blocked, id=6860, stack(0x000000be43900000,0x000000be43a00000)]
  0x00000281db7cd000 JavaThread "Build operations Thread 10" [_thread_blocked, id=3608, stack(0x000000be43a00000,0x000000be43b00000)]
  0x00000281db7ce000 JavaThread "Build operations Thread 11" [_thread_blocked, id=8952, stack(0x000000be43b00000,0x000000be43c00000)]
  0x00000281db7c8000 JavaThread "Build operations Thread 12" [_thread_blocked, id=180, stack(0x000000be43c00000,0x000000be43d00000)]
  0x00000281db7ce800 JavaThread "Build operations Thread 13" [_thread_blocked, id=2568, stack(0x000000be43d00000,0x000000be43e00000)]
  0x00000281db7c9000 JavaThread "Build operations Thread 14" [_thread_blocked, id=9464, stack(0x000000be43e00000,0x000000be43f00000)]
  0x00000281db7c9800 JavaThread "Build operations Thread 15" [_thread_blocked, id=7036, stack(0x000000be43f00000,0x000000be44000000)]
  0x00000281db7ca800 JavaThread "Build operations Thread 16" [_thread_blocked, id=4712, stack(0x000000be44000000,0x000000be44100000)]
  0x00000281db7d5000 JavaThread "Cache worker for Build Output Cleanup Cache (C:\Users\SeongYun\Desktop\github\Chameleon_Tollgate\Android\.gradle\buildOutputCleanup)" [_thread_blocked, id=3536, stack(0x000000be44100000,0x000000be44200000)]
  0x00000281db7cf800 JavaThread "Cache worker for file content cache (C:\Users\SeongYun\Desktop\github\Chameleon_Tollgate\Android\.gradle\6.5\fileContent)" [_thread_blocked, id=4600, stack(0x000000be44200000,0x000000be44300000)]
  0x00000281db7d6000 JavaThread "Execution worker for ':'" [_thread_blocked, id=5844, stack(0x000000be44300000,0x000000be44400000)]
  0x00000281db7d4800 JavaThread "Execution worker for ':' Thread 2" [_thread_blocked, id=4020, stack(0x000000be44400000,0x000000be44500000)]
  0x00000281db7d0800 JavaThread "Execution worker for ':' Thread 3" [_thread_blocked, id=8368, stack(0x000000be44500000,0x000000be44600000)]
  0x00000281db7d3800 JavaThread "Execution worker for ':' Thread 4" [_thread_blocked, id=8140, stack(0x000000be44600000,0x000000be44700000)]
  0x00000281db7d1000 JavaThread "Execution worker for ':' Thread 5" [_thread_blocked, id=668, stack(0x000000be44700000,0x000000be44800000)]
  0x00000281db7d2000 JavaThread "Execution worker for ':' Thread 6" [_thread_blocked, id=8344, stack(0x000000be4a500000,0x000000be4a600000)]
  0x00000281db5e8800 JavaThread "Execution worker for ':' Thread 7" [_thread_blocked, id=4188, stack(0x000000be4a700000,0x000000be4a800000)]
  0x00000281db5ea000 JavaThread "Execution worker for ':' Thread 8" [_thread_blocked, id=2756, stack(0x000000be4a800000,0x000000be4a900000)]
  0x00000281db5ec800 JavaThread "Execution worker for ':' Thread 9" [_thread_blocked, id=11704, stack(0x000000be4a900000,0x000000be4aa00000)]
  0x00000281db5ee000 JavaThread "Execution worker for ':' Thread 10" [_thread_blocked, id=10876, stack(0x000000be4aa00000,0x000000be4ab00000)]
  0x00000281db5ef000 JavaThread "Execution worker for ':' Thread 11" [_thread_blocked, id=11420, stack(0x000000be4ab00000,0x000000be4ac00000)]
  0x00000281db5e9000 JavaThread "Execution worker for ':' Thread 12" [_thread_blocked, id=1864, stack(0x000000be4ac00000,0x000000be4ad00000)]
  0x00000281db5f2000 JavaThread "Execution worker for ':' Thread 13" [_thread_blocked, id=5376, stack(0x000000be4ad00000,0x000000be4ae00000)]
  0x00000281db5f3800 JavaThread "Execution worker for ':' Thread 14" [_thread_blocked, id=11520, stack(0x000000be4ae00000,0x000000be4af00000)]
  0x00000281db5f0800 JavaThread "Execution worker for ':' Thread 15" [_thread_blocked, id=9564, stack(0x000000be4af00000,0x000000be4b000000)]
  0x00000281db5f4800 JavaThread "Cache worker for execution history cache (C:\Users\SeongYun\Desktop\github\Chameleon_Tollgate\Android\.gradle\6.5\executionHistory)" [_thread_blocked, id=5756, stack(0x000000be4b000000,0x000000be4b100000)]
  0x00000281db5f5800 JavaThread "WorkerExecutor Queue" [_thread_blocked, id=1308, stack(0x000000be4b100000,0x000000be4b200000)]
  0x00000281db5f3000 JavaThread "pool-10-thread-1" [_thread_blocked, id=10416, stack(0x000000be4b200000,0x000000be4b300000)]
  0x00000281db5ef800 JavaThread "stderr" [_thread_in_native, id=8856, stack(0x000000be4b300000,0x000000be4b400000)]
  0x00000281db5f6000 JavaThread "stdout" [_thread_in_native, id=11580, stack(0x000000be4b400000,0x000000be4b500000)]

Other Threads:
  0x00000281d5cac800 VMThread "VM Thread" [stack: 0x000000be40500000,0x000000be40600000] [id=11912]
  0x00000281d5f0d000 WatcherThread [stack: 0x000000be41000000,0x000000be41100000] [id=6744]
  0x00000281b8661800 GCTaskThread "GC Thread#0" [stack: 0x000000be40000000,0x000000be40100000] [id=6132]
  0x00000281d69f2000 GCTaskThread "GC Thread#1" [stack: 0x000000be41200000,0x000000be41300000] [id=7232]
  0x00000281d6a49000 GCTaskThread "GC Thread#2" [stack: 0x000000be41300000,0x000000be41400000] [id=3904]
  0x00000281d6c38800 GCTaskThread "GC Thread#3" [stack: 0x000000be41400000,0x000000be41500000] [id=3848]
  0x00000281d6c65000 GCTaskThread "GC Thread#4" [stack: 0x000000be41500000,0x000000be41600000] [id=7012]
  0x00000281d6c66000 GCTaskThread "GC Thread#5" [stack: 0x000000be41600000,0x000000be41700000] [id=5724]
  0x00000281d7fd7000 GCTaskThread "GC Thread#6" [stack: 0x000000be42800000,0x000000be42900000] [id=11920]
  0x00000281d7837800 GCTaskThread "GC Thread#7" [stack: 0x000000be42900000,0x000000be42a00000] [id=6524]
  0x00000281d8319800 GCTaskThread "GC Thread#8" [stack: 0x000000be42a00000,0x000000be42b00000] [id=6068]
  0x00000281d7d86800 GCTaskThread "GC Thread#9" [stack: 0x000000be42b00000,0x000000be42c00000] [id=11932]
  0x00000281d7f4f800 GCTaskThread "GC Thread#10" [stack: 0x000000be42c00000,0x000000be42d00000] [id=6136]
  0x00000281d7f82800 GCTaskThread "GC Thread#11" [stack: 0x000000be42d00000,0x000000be42e00000] [id=10060]
  0x00000281d7f83800 GCTaskThread "GC Thread#12" [stack: 0x000000be42e00000,0x000000be42f00000] [id=10408]
  0x00000281b8691000 ConcurrentGCThread "G1 Main Marker" [stack: 0x000000be40100000,0x000000be40200000] [id=6316]
  0x00000281b8697800 ConcurrentGCThread "G1 Conc#0" [stack: 0x000000be40200000,0x000000be40300000] [id=3288]
  0x00000281d69a7800 ConcurrentGCThread "G1 Conc#1" [stack: 0x000000be43000000,0x000000be43100000] [id=4900]
  0x00000281d69a8000 ConcurrentGCThread "G1 Conc#2" [stack: 0x000000be43100000,0x000000be43200000] [id=9356]
  0x00000281d52f7800 ConcurrentGCThread "G1 Refine#0" [stack: 0x000000be40300000,0x000000be40400000] [id=11492]
  0x00000281d7ea7000 ConcurrentGCThread "G1 Refine#1" [stack: 0x000000be42f00000,0x000000be43000000] [id=1836]
  0x00000281dad66800 ConcurrentGCThread "G1 Refine#2" [stack: 0x000000be41800000,0x000000be41900000] [id=7784]
  0x00000281d52fa800 ConcurrentGCThread "G1 Young RemSet Sampling" [stack: 0x000000be40400000,0x000000be40500000] [id=6160]

Threads with active compile tasks:
C2 CompilerThread0 170091 16875       4       java.lang.reflect.AccessibleObject::checkAccess (40 bytes)

VM state:not at safepoint (normal execution)

VM Mutex/Monitor currently owned by a thread: None

Heap address: 0x0000000080000000, size: 2048 MB, Compressed Oops mode: 32-bit
Narrow klass base: 0x0000000000000000, Narrow klass shift: 3
Compressed class space size: 1073741824 Address: 0x0000000100000000

Heap:
 garbage-first heap   total 260096K, used 129816K [0x0000000080000000, 0x0000000100000000)
  region size 1024K, 18 young (18432K), 1 survivors (1024K)
 Metaspace       used 99005K, capacity 102101K, committed 102396K, reserved 1138688K
  class space    used 12370K, capacity 13350K, committed 13440K, reserved 1048576K
Heap Regions: E=young(eden), S=young(survivor), O=old, HS=humongous(starts), HC=humongous(continues), CS=collection set, F=free, A=archive, TAMS=top-at-mark-start (previous, next)
|   0|0x0000000080000000, 0x0000000080100000, 0x0000000080100000|100%| O|  |TAMS 0x0000000080100000, 0x0000000080000000| Untracked 
|   1|0x0000000080100000, 0x0000000080200000, 0x0000000080200000|100%| O|  |TAMS 0x0000000080200000, 0x0000000080100000| Untracked 
|   2|0x0000000080200000, 0x0000000080300000, 0x0000000080300000|100%| O|  |TAMS 0x0000000080300000, 0x0000000080200000| Untracked 
|   3|0x0000000080300000, 0x0000000080400000, 0x0000000080400000|100%|HS|  |TAMS 0x0000000080400000, 0x0000000080300000| Complete 
|   4|0x0000000080400000, 0x0000000080500000, 0x0000000080500000|100%|HC|  |TAMS 0x0000000080500000, 0x0000000080400000| Complete 
|   5|0x0000000080500000, 0x0000000080600000, 0x0000000080600000|100%|HC|  |TAMS 0x0000000080600000, 0x0000000080500000| Complete 
|   6|0x0000000080600000, 0x0000000080700000, 0x0000000080700000|100%| O|  |TAMS 0x0000000080700000, 0x0000000080600000| Untracked 
|   7|0x0000000080700000, 0x0000000080800000, 0x0000000080800000|100%| O|  |TAMS 0x0000000080800000, 0x0000000080700000| Untracked 
|   8|0x0000000080800000, 0x0000000080900000, 0x0000000080900000|100%| O|  |TAMS 0x0000000080900000, 0x0000000080800000| Untracked 
|   9|0x0000000080900000, 0x0000000080a00000, 0x0000000080a00000|100%| O|  |TAMS 0x0000000080a00000, 0x0000000080900000| Untracked 
|  10|0x0000000080a00000, 0x0000000080b00000, 0x0000000080b00000|100%| O|  |TAMS 0x0000000080b00000, 0x0000000080a00000| Untracked 
|  11|0x0000000080b00000, 0x0000000080c00000, 0x0000000080c00000|100%| O|  |TAMS 0x0000000080c00000, 0x0000000080b00000| Untracked 
|  12|0x0000000080c00000, 0x0000000080d00000, 0x0000000080d00000|100%| O|  |TAMS 0x0000000080d00000, 0x0000000080c00000| Untracked 
|  13|0x0000000080d00000, 0x0000000080e00000, 0x0000000080e00000|100%| O|  |TAMS 0x0000000080e00000, 0x0000000080d00000| Untracked 
|  14|0x0000000080e00000, 0x0000000080f00000, 0x0000000080f00000|100%| O|  |TAMS 0x0000000080f00000, 0x0000000080e00000| Untracked 
|  15|0x0000000080f00000, 0x0000000081000000, 0x0000000081000000|100%| O|  |TAMS 0x0000000081000000, 0x0000000080f00000| Untracked 
|  16|0x0000000081000000, 0x0000000081100000, 0x0000000081100000|100%|HS|  |TAMS 0x0000000081100000, 0x0000000081000000| Complete 
|  17|0x0000000081100000, 0x0000000081200000, 0x0000000081200000|100%|HS|  |TAMS 0x0000000081200000, 0x0000000081100000| Complete 
|  18|0x0000000081200000, 0x0000000081300000, 0x0000000081300000|100%|HC|  |TAMS 0x0000000081300000, 0x0000000081200000| Complete 
|  19|0x0000000081300000, 0x0000000081400000, 0x0000000081400000|100%| O|  |TAMS 0x0000000081400000, 0x0000000081300000| Untracked 
|  20|0x0000000081400000, 0x0000000081500000, 0x0000000081500000|100%| O|  |TAMS 0x0000000081500000, 0x0000000081400000| Untracked 
|  21|0x0000000081500000, 0x0000000081600000, 0x0000000081600000|100%| O|  |TAMS 0x0000000081600000, 0x0000000081500000| Untracked 
|  22|0x0000000081600000, 0x0000000081700000, 0x0000000081700000|100%| O|  |TAMS 0x0000000081700000, 0x0000000081600000| Untracked 
|  23|0x0000000081700000, 0x0000000081800000, 0x0000000081800000|100%| O|  |TAMS 0x0000000081800000, 0x0000000081700000| Untracked 
|  24|0x0000000081800000, 0x0000000081900000, 0x0000000081900000|100%| O|  |TAMS 0x0000000081900000, 0x0000000081800000| Untracked 
|  25|0x0000000081900000, 0x0000000081a00000, 0x0000000081a00000|100%| O|  |TAMS 0x0000000081a00000, 0x0000000081900000| Untracked 
|  26|0x0000000081a00000, 0x0000000081b00000, 0x0000000081b00000|100%| O|  |TAMS 0x0000000081b00000, 0x0000000081a00000| Untracked 
|  27|0x0000000081b00000, 0x0000000081c00000, 0x0000000081c00000|100%| O|  |TAMS 0x0000000081c00000, 0x0000000081b00000| Untracked 
|  28|0x0000000081c00000, 0x0000000081d00000, 0x0000000081d00000|100%| O|  |TAMS 0x0000000081d00000, 0x0000000081c00000| Untracked 
|  29|0x0000000081d00000, 0x0000000081e00000, 0x0000000081e00000|100%| O|  |TAMS 0x0000000081e00000, 0x0000000081d00000| Untracked 
|  30|0x0000000081e00000, 0x0000000081f00000, 0x0000000081f00000|100%| O|  |TAMS 0x0000000081f00000, 0x0000000081e00000| Untracked 
|  31|0x0000000081f00000, 0x0000000082000000, 0x0000000082000000|100%| O|  |TAMS 0x0000000082000000, 0x0000000081f00000| Untracked 
|  32|0x0000000082000000, 0x0000000082100000, 0x0000000082100000|100%| O|  |TAMS 0x0000000082100000, 0x0000000082000000| Untracked 
|  33|0x0000000082100000, 0x0000000082200000, 0x0000000082200000|100%| O|  |TAMS 0x0000000082200000, 0x0000000082100000| Untracked 
|  34|0x0000000082200000, 0x0000000082300000, 0x0000000082300000|100%| O|  |TAMS 0x0000000082300000, 0x0000000082200000| Untracked 
|  35|0x0000000082300000, 0x0000000082400000, 0x0000000082400000|100%| O|  |TAMS 0x0000000082400000, 0x0000000082300000| Untracked 
|  36|0x0000000082400000, 0x0000000082500000, 0x0000000082500000|100%| O|  |TAMS 0x0000000082500000, 0x0000000082400000| Untracked 
|  37|0x0000000082500000, 0x0000000082600000, 0x0000000082600000|100%| O|  |TAMS 0x0000000082600000, 0x0000000082500000| Untracked 
|  38|0x0000000082600000, 0x0000000082700000, 0x0000000082700000|100%| O|  |TAMS 0x0000000082700000, 0x0000000082600000| Untracked 
|  39|0x0000000082700000, 0x0000000082800000, 0x0000000082800000|100%| O|  |TAMS 0x0000000082800000, 0x0000000082700000| Untracked 
|  40|0x0000000082800000, 0x0000000082900000, 0x0000000082900000|100%| O|  |TAMS 0x0000000082900000, 0x0000000082800000| Untracked 
|  41|0x0000000082900000, 0x0000000082a00000, 0x0000000082a00000|100%| O|  |TAMS 0x0000000082a00000, 0x0000000082900000| Untracked 
|  42|0x0000000082a00000, 0x0000000082b00000, 0x0000000082b00000|100%| O|  |TAMS 0x0000000082b00000, 0x0000000082a00000| Untracked 
|  43|0x0000000082b00000, 0x0000000082c00000, 0x0000000082c00000|100%| O|  |TAMS 0x0000000082c00000, 0x0000000082b00000| Untracked 
|  44|0x0000000082c00000, 0x0000000082d00000, 0x0000000082d00000|100%| O|  |TAMS 0x0000000082d00000, 0x0000000082c00000| Untracked 
|  45|0x0000000082d00000, 0x0000000082e00000, 0x0000000082e00000|100%| O|  |TAMS 0x0000000082e00000, 0x0000000082d00000| Untracked 
|  46|0x0000000082e00000, 0x0000000082f00000, 0x0000000082f00000|100%| O|  |TAMS 0x0000000082f00000, 0x0000000082e00000| Untracked 
|  47|0x0000000082f00000, 0x0000000083000000, 0x0000000083000000|100%| O|  |TAMS 0x0000000083000000, 0x0000000082f00000| Untracked 
|  48|0x0000000083000000, 0x0000000083100000, 0x0000000083100000|100%| O|  |TAMS 0x0000000083100000, 0x0000000083000000| Untracked 
|  49|0x0000000083100000, 0x0000000083200000, 0x0000000083200000|100%| O|  |TAMS 0x0000000083200000, 0x0000000083100000| Untracked 
|  50|0x0000000083200000, 0x0000000083300000, 0x0000000083300000|100%| O|  |TAMS 0x0000000083300000, 0x0000000083200000| Untracked 
|  51|0x0000000083300000, 0x0000000083400000, 0x0000000083400000|100%| O|  |TAMS 0x0000000083400000, 0x0000000083300000| Untracked 
|  52|0x0000000083400000, 0x0000000083500000, 0x0000000083500000|100%|HS|  |TAMS 0x0000000083500000, 0x0000000083400000| Complete 
|  53|0x0000000083500000, 0x0000000083600000, 0x0000000083600000|100%|HC|  |TAMS 0x0000000083600000, 0x0000000083500000| Complete 
|  54|0x0000000083600000, 0x0000000083700000, 0x0000000083700000|100%|HS|  |TAMS 0x0000000083700000, 0x0000000083600000| Complete 
|  55|0x0000000083700000, 0x0000000083800000, 0x0000000083800000|100%|HC|  |TAMS 0x0000000083800000, 0x0000000083700000| Complete 
|  56|0x0000000083800000, 0x0000000083900000, 0x0000000083900000|100%|HC|  |TAMS 0x0000000083900000, 0x0000000083800000| Complete 
|  57|0x0000000083900000, 0x0000000083a00000, 0x0000000083a00000|100%|HS|  |TAMS 0x0000000083a00000, 0x0000000083900000| Complete 
|  58|0x0000000083a00000, 0x0000000083b00000, 0x0000000083b00000|100%|HC|  |TAMS 0x0000000083b00000, 0x0000000083a00000| Complete 
|  59|0x0000000083b00000, 0x0000000083c00000, 0x0000000083c00000|100%|HC|  |TAMS 0x0000000083c00000, 0x0000000083b00000| Complete 
|  60|0x0000000083c00000, 0x0000000083d00000, 0x0000000083d00000|100%|HC|  |TAMS 0x0000000083d00000, 0x0000000083c00000| Complete 
|  61|0x0000000083d00000, 0x0000000083e00000, 0x0000000083e00000|100%| O|  |TAMS 0x0000000083e00000, 0x0000000083d00000| Untracked 
|  62|0x0000000083e00000, 0x0000000083f00000, 0x0000000083f00000|100%| O|  |TAMS 0x0000000083f00000, 0x0000000083e00000| Untracked 
|  63|0x0000000083f00000, 0x0000000084000000, 0x0000000084000000|100%| O|  |TAMS 0x0000000084000000, 0x0000000083f00000| Untracked 
|  64|0x0000000084000000, 0x0000000084100000, 0x0000000084100000|100%| O|  |TAMS 0x0000000084100000, 0x0000000084000000| Untracked 
|  65|0x0000000084100000, 0x0000000084200000, 0x0000000084200000|100%| O|  |TAMS 0x0000000084200000, 0x0000000084100000| Untracked 
|  66|0x0000000084200000, 0x0000000084300000, 0x0000000084300000|100%| O|  |TAMS 0x0000000084300000, 0x0000000084200000| Untracked 
|  67|0x0000000084300000, 0x0000000084400000, 0x0000000084400000|100%| O|  |TAMS 0x0000000084400000, 0x0000000084300000| Untracked 
|  68|0x0000000084400000, 0x0000000084500000, 0x0000000084500000|100%| O|  |TAMS 0x0000000084500000, 0x0000000084400000| Untracked 
|  69|0x0000000084500000, 0x0000000084600000, 0x0000000084600000|100%| O|  |TAMS 0x0000000084600000, 0x0000000084500000| Untracked 
|  70|0x0000000084600000, 0x0000000084700000, 0x0000000084700000|100%| O|  |TAMS 0x0000000084700000, 0x0000000084600000| Untracked 
|  71|0x0000000084700000, 0x0000000084800000, 0x0000000084800000|100%| O|  |TAMS 0x0000000084800000, 0x0000000084700000| Untracked 
|  72|0x0000000084800000, 0x0000000084900000, 0x0000000084900000|100%| O|  |TAMS 0x0000000084900000, 0x0000000084800000| Untracked 
|  73|0x0000000084900000, 0x0000000084a00000, 0x0000000084a00000|100%| O|  |TAMS 0x0000000084a00000, 0x0000000084900000| Untracked 
|  74|0x0000000084a00000, 0x0000000084b00000, 0x0000000084b00000|100%| O|  |TAMS 0x0000000084b00000, 0x0000000084a00000| Untracked 
|  75|0x0000000084b00000, 0x0000000084c00000, 0x0000000084c00000|100%| O|  |TAMS 0x0000000084b00000, 0x0000000084b00000| Untracked 
|  76|0x0000000084c00000, 0x0000000084c00000, 0x0000000084d00000|  0%| F|  |TAMS 0x0000000084c00000, 0x0000000084c00000| Untracked 
|  77|0x0000000084d00000, 0x0000000084e00000, 0x0000000084e00000|100%| O|  |TAMS 0x0000000084d00000, 0x0000000084d00000| Untracked 
|  78|0x0000000084e00000, 0x0000000084f00000, 0x0000000084f00000|100%| O|  |TAMS 0x0000000084f00000, 0x0000000084e00000| Untracked 
|  79|0x0000000084f00000, 0x0000000085000000, 0x0000000085000000|100%| O|  |TAMS 0x0000000085000000, 0x0000000084f00000| Untracked 
|  80|0x0000000085000000, 0x0000000085100000, 0x0000000085100000|100%| O|  |TAMS 0x0000000085100000, 0x0000000085000000| Untracked 
|  81|0x0000000085100000, 0x0000000085200000, 0x0000000085200000|100%| O|  |TAMS 0x0000000085200000, 0x0000000085100000| Untracked 
|  82|0x0000000085200000, 0x0000000085300000, 0x0000000085300000|100%| O|  |TAMS 0x0000000085300000, 0x0000000085200000| Untracked 
|  83|0x0000000085300000, 0x0000000085400000, 0x0000000085400000|100%| O|  |TAMS 0x0000000085400000, 0x0000000085300000| Untracked 
|  84|0x0000000085400000, 0x0000000085500000, 0x0000000085500000|100%| O|  |TAMS 0x0000000085500000, 0x0000000085400000| Untracked 
|  85|0x0000000085500000, 0x0000000085600000, 0x0000000085600000|100%| O|  |TAMS 0x0000000085600000, 0x0000000085500000| Untracked 
|  86|0x0000000085600000, 0x0000000085700000, 0x0000000085700000|100%| O|  |TAMS 0x0000000085700000, 0x0000000085600000| Untracked 
|  87|0x0000000085700000, 0x0000000085800000, 0x0000000085800000|100%| O|  |TAMS 0x0000000085800000, 0x0000000085700000| Untracked 
|  88|0x0000000085800000, 0x0000000085900000, 0x0000000085900000|100%| O|  |TAMS 0x0000000085900000, 0x0000000085800000| Untracked 
|  89|0x0000000085900000, 0x0000000085a00000, 0x0000000085a00000|100%| O|  |TAMS 0x0000000085900000, 0x0000000085900000| Untracked 
|  90|0x0000000085a00000, 0x0000000085a00000, 0x0000000085b00000|  0%| F|  |TAMS 0x0000000085a00000, 0x0000000085a00000| Untracked 
|  91|0x0000000085b00000, 0x0000000085c00000, 0x0000000085c00000|100%| O|  |TAMS 0x0000000085b00000, 0x0000000085b00000| Untracked 
|  92|0x0000000085c00000, 0x0000000085d00000, 0x0000000085d00000|100%| O|  |TAMS 0x0000000085d00000, 0x0000000085c00000| Untracked 
|  93|0x0000000085d00000, 0x0000000085e00000, 0x0000000085e00000|100%| O|  |TAMS 0x0000000085e00000, 0x0000000085d00000| Untracked 
|  94|0x0000000085e00000, 0x0000000085f00000, 0x0000000085f00000|100%| O|  |TAMS 0x0000000085f00000, 0x0000000085e00000| Untracked 
|  95|0x0000000085f00000, 0x0000000086000000, 0x0000000086000000|100%| O|  |TAMS 0x0000000086000000, 0x0000000085f00000| Untracked 
|  96|0x0000000086000000, 0x0000000086000000, 0x0000000086100000|  0%| F|  |TAMS 0x0000000086000000, 0x0000000086000000| Untracked 
|  97|0x0000000086100000, 0x0000000086100000, 0x0000000086200000|  0%| F|  |TAMS 0x0000000086100000, 0x0000000086100000| Untracked 
|  98|0x0000000086200000, 0x0000000086200000, 0x0000000086300000|  0%| F|  |TAMS 0x0000000086200000, 0x0000000086200000| Untracked 
|  99|0x0000000086300000, 0x0000000086300000, 0x0000000086400000|  0%| F|  |TAMS 0x0000000086300000, 0x0000000086300000| Untracked 
| 100|0x0000000086400000, 0x0000000086400000, 0x0000000086500000|  0%| F|  |TAMS 0x0000000086400000, 0x0000000086400000| Untracked 
| 101|0x0000000086500000, 0x0000000086500000, 0x0000000086600000|  0%| F|  |TAMS 0x0000000086500000, 0x0000000086500000| Untracked 
| 102|0x0000000086600000, 0x0000000086600000, 0x0000000086700000|  0%| F|  |TAMS 0x0000000086600000, 0x0000000086600000| Untracked 
| 103|0x0000000086700000, 0x0000000086700000, 0x0000000086800000|  0%| F|  |TAMS 0x0000000086700000, 0x0000000086700000| Untracked 
| 104|0x0000000086800000, 0x0000000086900000, 0x0000000086900000|100%| O|  |TAMS 0x0000000086900000, 0x0000000086800000| Untracked 
| 105|0x0000000086900000, 0x0000000086a00000, 0x0000000086a00000|100%| O|  |TAMS 0x0000000086a00000, 0x0000000086900000| Untracked 
| 106|0x0000000086a00000, 0x0000000086b00000, 0x0000000086b00000|100%| O|  |TAMS 0x0000000086b00000, 0x0000000086a00000| Untracked 
| 107|0x0000000086b00000, 0x0000000086c00000, 0x0000000086c00000|100%| O|  |TAMS 0x0000000086c00000, 0x0000000086b00000| Untracked 
| 108|0x0000000086c00000, 0x0000000086d00000, 0x0000000086d00000|100%| O|  |TAMS 0x0000000086d00000, 0x0000000086c00000| Untracked 
| 109|0x0000000086d00000, 0x0000000086d00000, 0x0000000086e00000|  0%| F|  |TAMS 0x0000000086d00000, 0x0000000086d00000| Untracked 
| 110|0x0000000086e00000, 0x0000000086e00000, 0x0000000086f00000|  0%| F|  |TAMS 0x0000000086e00000, 0x0000000086e00000| Untracked 
| 111|0x0000000086f00000, 0x0000000086f00000, 0x0000000087000000|  0%| F|  |TAMS 0x0000000086f00000, 0x0000000086f00000| Untracked 
| 112|0x0000000087000000, 0x0000000087000000, 0x0000000087100000|  0%| F|  |TAMS 0x0000000087000000, 0x0000000087000000| Untracked 
| 113|0x0000000087100000, 0x0000000087100000, 0x0000000087200000|  0%| F|  |TAMS 0x0000000087100000, 0x0000000087100000| Untracked 
| 114|0x0000000087200000, 0x0000000087300000, 0x0000000087300000|100%| O|  |TAMS 0x0000000087200000, 0x0000000087200000| Untracked 
| 115|0x0000000087300000, 0x0000000087400000, 0x0000000087400000|100%| O|  |TAMS 0x0000000087300000, 0x0000000087300000| Untracked 
| 116|0x0000000087400000, 0x0000000087500000, 0x0000000087500000|100%| O|  |TAMS 0x0000000087500000, 0x0000000087400000| Untracked 
| 117|0x0000000087500000, 0x0000000087600000, 0x0000000087600000|100%| O|  |TAMS 0x0000000087600000, 0x0000000087500000| Untracked 
| 118|0x0000000087600000, 0x0000000087700000, 0x0000000087700000|100%| O|  |TAMS 0x0000000087700000, 0x0000000087600000| Untracked 
| 119|0x0000000087700000, 0x0000000087700000, 0x0000000087800000|  0%| F|  |TAMS 0x0000000087700000, 0x0000000087700000| Untracked 
| 120|0x0000000087800000, 0x0000000087800000, 0x0000000087900000|  0%| F|  |TAMS 0x0000000087800000, 0x0000000087800000| Untracked 
| 121|0x0000000087900000, 0x0000000087900000, 0x0000000087a00000|  0%| F|  |TAMS 0x0000000087900000, 0x0000000087900000| Untracked 
| 122|0x0000000087a00000, 0x0000000087a00000, 0x0000000087b00000|  0%| F|  |TAMS 0x0000000087a00000, 0x0000000087a00000| Untracked 
| 123|0x0000000087b00000, 0x0000000087b00000, 0x0000000087c00000|  0%| F|  |TAMS 0x0000000087b00000, 0x0000000087b00000| Untracked 
| 124|0x0000000087c00000, 0x0000000087d00000, 0x0000000087d00000|100%| O|  |TAMS 0x0000000087d00000, 0x0000000087c00000| Untracked 
| 125|0x0000000087d00000, 0x0000000087d00000, 0x0000000087e00000|  0%| F|  |TAMS 0x0000000087d00000, 0x0000000087d00000| Untracked 
| 126|0x0000000087e00000, 0x0000000087e00000, 0x0000000087f00000|  0%| F|  |TAMS 0x0000000087e00000, 0x0000000087e00000| Untracked 
| 127|0x0000000087f00000, 0x0000000088000000, 0x0000000088000000|100%| O|  |TAMS 0x0000000088000000, 0x0000000087f00000| Untracked 
| 128|0x0000000088000000, 0x0000000088100000, 0x0000000088100000|100%| O|  |TAMS 0x00000000880d8c00, 0x0000000088000000| Untracked 
| 129|0x0000000088100000, 0x0000000088200000, 0x0000000088200000|100%| O|  |TAMS 0x0000000088100000, 0x0000000088100000| Untracked 
| 130|0x0000000088200000, 0x0000000088300000, 0x0000000088300000|100%| O|  |TAMS 0x0000000088200000, 0x0000000088200000| Untracked 
| 131|0x0000000088300000, 0x0000000088300000, 0x0000000088400000|  0%| F|  |TAMS 0x0000000088300000, 0x0000000088300000| Untracked 
| 132|0x0000000088400000, 0x0000000088400000, 0x0000000088500000|  0%| F|  |TAMS 0x0000000088400000, 0x0000000088400000| Untracked 
| 133|0x0000000088500000, 0x0000000088500000, 0x0000000088600000|  0%| F|  |TAMS 0x0000000088500000, 0x0000000088500000| Untracked 
| 134|0x0000000088600000, 0x0000000088700000, 0x0000000088700000|100%| O|  |TAMS 0x0000000088600000, 0x0000000088600000| Untracked 
| 135|0x0000000088700000, 0x0000000088700000, 0x0000000088800000|  0%| F|  |TAMS 0x0000000088700000, 0x0000000088700000| Untracked 
| 136|0x0000000088800000, 0x0000000088800000, 0x0000000088900000|  0%| F|  |TAMS 0x0000000088800000, 0x0000000088800000| Untracked 
| 137|0x0000000088900000, 0x0000000088900000, 0x0000000088a00000|  0%| F|  |TAMS 0x0000000088900000, 0x0000000088900000| Untracked 
| 138|0x0000000088a00000, 0x0000000088a00000, 0x0000000088b00000|  0%| F|  |TAMS 0x0000000088a00000, 0x0000000088a00000| Untracked 
| 139|0x0000000088b00000, 0x0000000088c00000, 0x0000000088c00000|100%| O|  |TAMS 0x0000000088b00000, 0x0000000088b00000| Untracked 
| 140|0x0000000088c00000, 0x0000000088c00000, 0x0000000088d00000|  0%| F|  |TAMS 0x0000000088c00000, 0x0000000088c00000| Untracked 
| 141|0x0000000088d00000, 0x0000000088d00000, 0x0000000088e00000|  0%| F|  |TAMS 0x0000000088d00000, 0x0000000088d00000| Untracked 
| 142|0x0000000088e00000, 0x0000000088e00000, 0x0000000088f00000|  0%| F|  |TAMS 0x0000000088e00000, 0x0000000088e00000| Untracked 
| 143|0x0000000088f00000, 0x0000000088f00000, 0x0000000089000000|  0%| F|  |TAMS 0x0000000088f00000, 0x0000000088f00000| Untracked 
| 144|0x0000000089000000, 0x0000000089000000, 0x0000000089100000|  0%| F|  |TAMS 0x0000000089000000, 0x0000000089000000| Untracked 
| 145|0x0000000089100000, 0x0000000089100000, 0x0000000089200000|  0%| F|  |TAMS 0x0000000089100000, 0x0000000089100000| Untracked 
| 146|0x0000000089200000, 0x0000000089200000, 0x0000000089300000|  0%| F|  |TAMS 0x0000000089200000, 0x0000000089200000| Untracked 
| 147|0x0000000089300000, 0x0000000089300000, 0x0000000089400000|  0%| F|  |TAMS 0x0000000089300000, 0x0000000089300000| Untracked 
| 148|0x0000000089400000, 0x0000000089400000, 0x0000000089500000|  0%| F|  |TAMS 0x0000000089400000, 0x0000000089400000| Untracked 
| 149|0x0000000089500000, 0x0000000089500000, 0x0000000089600000|  0%| F|  |TAMS 0x0000000089500000, 0x0000000089500000| Untracked 
| 150|0x0000000089600000, 0x0000000089600000, 0x0000000089700000|  0%| F|  |TAMS 0x0000000089600000, 0x0000000089600000| Untracked 
| 151|0x0000000089700000, 0x0000000089700000, 0x0000000089800000|  0%| F|  |TAMS 0x0000000089700000, 0x0000000089700000| Untracked 
| 152|0x0000000089800000, 0x0000000089800000, 0x0000000089900000|  0%| F|  |TAMS 0x0000000089800000, 0x0000000089800000| Untracked 
| 153|0x0000000089900000, 0x0000000089900000, 0x0000000089a00000|  0%| F|  |TAMS 0x0000000089900000, 0x0000000089900000| Untracked 
| 154|0x0000000089a00000, 0x0000000089a00000, 0x0000000089b00000|  0%| F|  |TAMS 0x0000000089a00000, 0x0000000089a00000| Untracked 
| 155|0x0000000089b00000, 0x0000000089b00000, 0x0000000089c00000|  0%| F|  |TAMS 0x0000000089b00000, 0x0000000089b00000| Untracked 
| 156|0x0000000089c00000, 0x0000000089c00000, 0x0000000089d00000|  0%| F|  |TAMS 0x0000000089c00000, 0x0000000089c00000| Untracked 
| 157|0x0000000089d00000, 0x0000000089d00000, 0x0000000089e00000|  0%| F|  |TAMS 0x0000000089d00000, 0x0000000089d00000| Untracked 
| 158|0x0000000089e00000, 0x0000000089e00000, 0x0000000089f00000|  0%| F|  |TAMS 0x0000000089e00000, 0x0000000089e00000| Untracked 
| 159|0x0000000089f00000, 0x0000000089f00000, 0x000000008a000000|  0%| F|  |TAMS 0x0000000089f00000, 0x0000000089f00000| Untracked 
| 160|0x000000008a000000, 0x000000008a000000, 0x000000008a100000|  0%| F|  |TAMS 0x000000008a000000, 0x000000008a000000| Untracked 
| 161|0x000000008a100000, 0x000000008a100000, 0x000000008a200000|  0%| F|  |TAMS 0x000000008a100000, 0x000000008a100000| Untracked 
| 162|0x000000008a200000, 0x000000008a200000, 0x000000008a300000|  0%| F|  |TAMS 0x000000008a200000, 0x000000008a200000| Untracked 
| 163|0x000000008a300000, 0x000000008a300000, 0x000000008a400000|  0%| F|  |TAMS 0x000000008a300000, 0x000000008a300000| Untracked 
| 164|0x000000008a400000, 0x000000008a400000, 0x000000008a500000|  0%| F|  |TAMS 0x000000008a400000, 0x000000008a400000| Untracked 
| 165|0x000000008a500000, 0x000000008a500000, 0x000000008a600000|  0%| F|  |TAMS 0x000000008a500000, 0x000000008a500000| Untracked 
| 166|0x000000008a600000, 0x000000008a600000, 0x000000008a700000|  0%| F|  |TAMS 0x000000008a600000, 0x000000008a600000| Untracked 
| 167|0x000000008a700000, 0x000000008a700000, 0x000000008a800000|  0%| F|  |TAMS 0x000000008a700000, 0x000000008a700000| Untracked 
| 168|0x000000008a800000, 0x000000008a800000, 0x000000008a900000|  0%| F|  |TAMS 0x000000008a800000, 0x000000008a800000| Untracked 
| 169|0x000000008a900000, 0x000000008a900000, 0x000000008aa00000|  0%| F|  |TAMS 0x000000008a900000, 0x000000008a900000| Untracked 
| 170|0x000000008aa00000, 0x000000008aa00000, 0x000000008ab00000|  0%| F|  |TAMS 0x000000008aa00000, 0x000000008aa00000| Untracked 
| 171|0x000000008ab00000, 0x000000008ab00000, 0x000000008ac00000|  0%| F|  |TAMS 0x000000008ab00000, 0x000000008ab00000| Untracked 
| 172|0x000000008ac00000, 0x000000008ac00000, 0x000000008ad00000|  0%| F|  |TAMS 0x000000008ac00000, 0x000000008ac00000| Untracked 
| 173|0x000000008ad00000, 0x000000008ad00000, 0x000000008ae00000|  0%| F|  |TAMS 0x000000008ad00000, 0x000000008ad00000| Untracked 
| 174|0x000000008ae00000, 0x000000008ae00000, 0x000000008af00000|  0%| F|  |TAMS 0x000000008ae00000, 0x000000008ae00000| Untracked 
| 175|0x000000008af00000, 0x000000008af00000, 0x000000008b000000|  0%| F|  |TAMS 0x000000008af00000, 0x000000008af00000| Untracked 
| 176|0x000000008b000000, 0x000000008b000000, 0x000000008b100000|  0%| F|  |TAMS 0x000000008b000000, 0x000000008b000000| Untracked 
| 177|0x000000008b100000, 0x000000008b100000, 0x000000008b200000|  0%| F|  |TAMS 0x000000008b100000, 0x000000008b100000| Untracked 
| 178|0x000000008b200000, 0x000000008b200000, 0x000000008b300000|  0%| F|  |TAMS 0x000000008b200000, 0x000000008b200000| Untracked 
| 179|0x000000008b300000, 0x000000008b300000, 0x000000008b400000|  0%| F|  |TAMS 0x000000008b300000, 0x000000008b300000| Untracked 
| 180|0x000000008b400000, 0x000000008b400000, 0x000000008b500000|  0%| F|  |TAMS 0x000000008b400000, 0x000000008b400000| Untracked 
| 181|0x000000008b500000, 0x000000008b500000, 0x000000008b600000|  0%| F|  |TAMS 0x000000008b500000, 0x000000008b500000| Untracked 
| 182|0x000000008b600000, 0x000000008b600000, 0x000000008b700000|  0%| F|  |TAMS 0x000000008b600000, 0x000000008b600000| Untracked 
| 183|0x000000008b700000, 0x000000008b700000, 0x000000008b800000|  0%| F|  |TAMS 0x000000008b700000, 0x000000008b700000| Untracked 
| 184|0x000000008b800000, 0x000000008b800000, 0x000000008b900000|  0%| F|  |TAMS 0x000000008b800000, 0x000000008b800000| Untracked 
| 185|0x000000008b900000, 0x000000008b900000, 0x000000008ba00000|  0%| F|  |TAMS 0x000000008b900000, 0x000000008b900000| Untracked 
| 186|0x000000008ba00000, 0x000000008ba00000, 0x000000008bb00000|  0%| F|  |TAMS 0x000000008ba00000, 0x000000008ba00000| Untracked 
| 187|0x000000008bb00000, 0x000000008bb00000, 0x000000008bc00000|  0%| F|  |TAMS 0x000000008bb00000, 0x000000008bb00000| Untracked 
| 188|0x000000008bc00000, 0x000000008bc00000, 0x000000008bd00000|  0%| F|  |TAMS 0x000000008bc00000, 0x000000008bc00000| Untracked 
| 189|0x000000008bd00000, 0x000000008bd00000, 0x000000008be00000|  0%| F|  |TAMS 0x000000008bd00000, 0x000000008bd00000| Untracked 
| 190|0x000000008be00000, 0x000000008be00000, 0x000000008bf00000|  0%| F|  |TAMS 0x000000008be00000, 0x000000008be00000| Untracked 
| 191|0x000000008bf00000, 0x000000008bf00000, 0x000000008c000000|  0%| F|  |TAMS 0x000000008bf00000, 0x000000008bf00000| Untracked 
| 192|0x000000008c000000, 0x000000008c000000, 0x000000008c100000|  0%| F|  |TAMS 0x000000008c000000, 0x000000008c000000| Untracked 
| 193|0x000000008c100000, 0x000000008c100000, 0x000000008c200000|  0%| F|  |TAMS 0x000000008c100000, 0x000000008c100000| Untracked 
| 194|0x000000008c200000, 0x000000008c200000, 0x000000008c300000|  0%| F|  |TAMS 0x000000008c200000, 0x000000008c200000| Untracked 
| 195|0x000000008c300000, 0x000000008c300000, 0x000000008c400000|  0%| F|  |TAMS 0x000000008c300000, 0x000000008c300000| Untracked 
| 196|0x000000008c400000, 0x000000008c400000, 0x000000008c500000|  0%| F|  |TAMS 0x000000008c400000, 0x000000008c400000| Untracked 
| 197|0x000000008c500000, 0x000000008c500000, 0x000000008c600000|  0%| F|  |TAMS 0x000000008c500000, 0x000000008c500000| Untracked 
| 198|0x000000008c600000, 0x000000008c600000, 0x000000008c700000|  0%| F|  |TAMS 0x000000008c600000, 0x000000008c600000| Untracked 
| 199|0x000000008c700000, 0x000000008c700000, 0x000000008c800000|  0%| F|  |TAMS 0x000000008c700000, 0x000000008c700000| Untracked 
| 200|0x000000008c800000, 0x000000008c800000, 0x000000008c900000|  0%| F|  |TAMS 0x000000008c800000, 0x000000008c800000| Untracked 
| 201|0x000000008c900000, 0x000000008c900000, 0x000000008ca00000|  0%| F|  |TAMS 0x000000008c900000, 0x000000008c900000| Untracked 
| 202|0x000000008ca00000, 0x000000008ca00000, 0x000000008cb00000|  0%| F|  |TAMS 0x000000008ca00000, 0x000000008ca00000| Untracked 
| 203|0x000000008cb00000, 0x000000008cb00000, 0x000000008cc00000|  0%| F|  |TAMS 0x000000008cb00000, 0x000000008cb00000| Untracked 
| 204|0x000000008cc00000, 0x000000008cc00000, 0x000000008cd00000|  0%| F|  |TAMS 0x000000008cc00000, 0x000000008cc00000| Untracked 
| 205|0x000000008cd00000, 0x000000008cd00000, 0x000000008ce00000|  0%| F|  |TAMS 0x000000008cd00000, 0x000000008cd00000| Untracked 
| 206|0x000000008ce00000, 0x000000008ce00000, 0x000000008cf00000|  0%| F|  |TAMS 0x000000008ce00000, 0x000000008ce00000| Untracked 
| 207|0x000000008cf00000, 0x000000008cf00000, 0x000000008d000000|  0%| F|  |TAMS 0x000000008cf00000, 0x000000008cf00000| Untracked 
| 208|0x000000008d000000, 0x000000008d000000, 0x000000008d100000|  0%| F|  |TAMS 0x000000008d000000, 0x000000008d000000| Untracked 
| 209|0x000000008d100000, 0x000000008d100000, 0x000000008d200000|  0%| F|  |TAMS 0x000000008d100000, 0x000000008d100000| Untracked 
| 210|0x000000008d200000, 0x000000008d200000, 0x000000008d300000|  0%| F|  |TAMS 0x000000008d200000, 0x000000008d200000| Untracked 
| 211|0x000000008d300000, 0x000000008d300000, 0x000000008d400000|  0%| F|  |TAMS 0x000000008d300000, 0x000000008d300000| Untracked 
| 212|0x000000008d400000, 0x000000008d400000, 0x000000008d500000|  0%| F|  |TAMS 0x000000008d400000, 0x000000008d400000| Untracked 
| 213|0x000000008d500000, 0x000000008d500000, 0x000000008d600000|  0%| F|  |TAMS 0x000000008d500000, 0x000000008d500000| Untracked 
| 214|0x000000008d600000, 0x000000008d600000, 0x000000008d700000|  0%| F|  |TAMS 0x000000008d600000, 0x000000008d600000| Untracked 
| 215|0x000000008d700000, 0x000000008d700000, 0x000000008d800000|  0%| F|  |TAMS 0x000000008d700000, 0x000000008d700000| Untracked 
| 216|0x000000008d800000, 0x000000008d800000, 0x000000008d900000|  0%| F|  |TAMS 0x000000008d800000, 0x000000008d800000| Untracked 
| 217|0x000000008d900000, 0x000000008d900000, 0x000000008da00000|  0%| F|  |TAMS 0x000000008d900000, 0x000000008d900000| Untracked 
| 218|0x000000008da00000, 0x000000008da00000, 0x000000008db00000|  0%| F|  |TAMS 0x000000008da00000, 0x000000008da00000| Untracked 
| 219|0x000000008db00000, 0x000000008db00000, 0x000000008dc00000|  0%| F|  |TAMS 0x000000008db00000, 0x000000008db00000| Untracked 
| 220|0x000000008dc00000, 0x000000008dc00000, 0x000000008dd00000|  0%| F|  |TAMS 0x000000008dc00000, 0x000000008dc00000| Untracked 
| 221|0x000000008dd00000, 0x000000008dd00000, 0x000000008de00000|  0%| F|  |TAMS 0x000000008dd00000, 0x000000008dd00000| Untracked 
| 222|0x000000008de00000, 0x000000008de00000, 0x000000008df00000|  0%| F|  |TAMS 0x000000008de00000, 0x000000008de00000| Untracked 
| 223|0x000000008df00000, 0x000000008df00000, 0x000000008e000000|  0%| F|  |TAMS 0x000000008df00000, 0x000000008df00000| Untracked 
| 224|0x000000008e000000, 0x000000008e000000, 0x000000008e100000|  0%| F|  |TAMS 0x000000008e000000, 0x000000008e000000| Untracked 
| 225|0x000000008e100000, 0x000000008e100000, 0x000000008e200000|  0%| F|  |TAMS 0x000000008e100000, 0x000000008e100000| Untracked 
| 226|0x000000008e200000, 0x000000008e200000, 0x000000008e300000|  0%| F|  |TAMS 0x000000008e200000, 0x000000008e200000| Untracked 
| 227|0x000000008e300000, 0x000000008e300000, 0x000000008e400000|  0%| F|  |TAMS 0x000000008e300000, 0x000000008e300000| Untracked 
| 228|0x000000008e400000, 0x000000008e400000, 0x000000008e500000|  0%| F|  |TAMS 0x000000008e400000, 0x000000008e400000| Untracked 
| 229|0x000000008e500000, 0x000000008e500000, 0x000000008e600000|  0%| F|  |TAMS 0x000000008e500000, 0x000000008e500000| Untracked 
| 230|0x000000008e600000, 0x000000008e600000, 0x000000008e700000|  0%| F|  |TAMS 0x000000008e600000, 0x000000008e600000| Untracked 
| 231|0x000000008e700000, 0x000000008e700000, 0x000000008e800000|  0%| F|  |TAMS 0x000000008e700000, 0x000000008e700000| Untracked 
| 232|0x000000008e800000, 0x000000008e800000, 0x000000008e900000|  0%| F|  |TAMS 0x000000008e800000, 0x000000008e800000| Untracked 
| 233|0x000000008e900000, 0x000000008e900000, 0x000000008ea00000|  0%| F|  |TAMS 0x000000008e900000, 0x000000008e900000| Untracked 
| 234|0x000000008ea00000, 0x000000008ea00000, 0x000000008eb00000|  0%| F|  |TAMS 0x000000008ea00000, 0x000000008ea00000| Untracked 
| 235|0x000000008eb00000, 0x000000008eb00000, 0x000000008ec00000|  0%| F|  |TAMS 0x000000008eb00000, 0x000000008eb00000| Untracked 
| 236|0x000000008ec00000, 0x000000008ece2a68, 0x000000008ed00000| 88%| E|  |TAMS 0x000000008ec00000, 0x000000008ec00000| Complete 
| 237|0x000000008ed00000, 0x000000008ee00000, 0x000000008ee00000|100%| E|CS|TAMS 0x000000008ed00000, 0x000000008ed00000| Complete 
| 238|0x000000008ee00000, 0x000000008ef00000, 0x000000008ef00000|100%| E|CS|TAMS 0x000000008ee00000, 0x000000008ee00000| Complete 
| 239|0x000000008ef00000, 0x000000008f000000, 0x000000008f000000|100%| E|CS|TAMS 0x000000008ef00000, 0x000000008ef00000| Complete 
| 240|0x000000008f000000, 0x000000008f100000, 0x000000008f100000|100%| E|CS|TAMS 0x000000008f000000, 0x000000008f000000| Complete 
| 241|0x000000008f100000, 0x000000008f200000, 0x000000008f200000|100%| E|CS|TAMS 0x000000008f100000, 0x000000008f100000| Complete 
| 242|0x000000008f200000, 0x000000008f300000, 0x000000008f300000|100%| E|CS|TAMS 0x000000008f200000, 0x000000008f200000| Complete 
| 243|0x000000008f300000, 0x000000008f3c60c0, 0x000000008f400000| 77%| S|CS|TAMS 0x000000008f300000, 0x000000008f300000| Complete 
| 244|0x000000008f400000, 0x000000008f500000, 0x000000008f500000|100%| E|CS|TAMS 0x000000008f400000, 0x000000008f400000| Complete 
| 245|0x000000008f500000, 0x000000008f600000, 0x000000008f600000|100%| E|CS|TAMS 0x000000008f500000, 0x000000008f500000| Complete 
| 246|0x000000008f600000, 0x000000008f700000, 0x000000008f700000|100%| E|CS|TAMS 0x000000008f600000, 0x000000008f600000| Complete 
| 247|0x000000008f700000, 0x000000008f800000, 0x000000008f800000|100%| E|  |TAMS 0x000000008f700000, 0x000000008f700000| Complete 
| 248|0x000000008f800000, 0x000000008f900000, 0x000000008f900000|100%| E|CS|TAMS 0x000000008f800000, 0x000000008f800000| Complete 
| 249|0x000000008f900000, 0x000000008fa00000, 0x000000008fa00000|100%| E|CS|TAMS 0x000000008f900000, 0x000000008f900000| Complete 
| 250|0x000000008fa00000, 0x000000008fb00000, 0x000000008fb00000|100%| E|CS|TAMS 0x000000008fa00000, 0x000000008fa00000| Complete 
| 251|0x000000008fb00000, 0x000000008fc00000, 0x000000008fc00000|100%| E|CS|TAMS 0x000000008fb00000, 0x000000008fb00000| Complete 
| 252|0x000000008fc00000, 0x000000008fd00000, 0x000000008fd00000|100%| E|CS|TAMS 0x000000008fc00000, 0x000000008fc00000| Complete 
| 253|0x000000008fd00000, 0x000000008fe00000, 0x000000008fe00000|100%| E|CS|TAMS 0x000000008fd00000, 0x000000008fd00000| Complete 

Card table byte_map: [0x00000281cdbc0000,0x00000281cdfc0000] _byte_map_base: 0x00000281cd7c0000

Marking Bits (Prev, Next): (CMBitMap*) 0x00000281b86885d8, (CMBitMap*) 0x00000281b8688610
 Prev Bits: [0x00000281ce3c0000, 0x00000281d03c0000)
 Next Bits: [0x00000281d03c0000, 0x00000281d23c0000)

Polling page: 0x00000281b84b0000

Metaspace:

Usage:
  Non-class:     86.67 MB capacity,    84.60 MB ( 98%) used,     1.79 MB (  2%) free+waste,   287.19 KB ( <1%) overhead. 
      Class:     13.04 MB capacity,    12.08 MB ( 93%) used,   851.09 KB (  6%) free+waste,   128.81 KB ( <1%) overhead. 
       Both:     99.71 MB capacity,    96.68 MB ( 97%) used,     2.62 MB (  3%) free+waste,   416.00 KB ( <1%) overhead. 

Virtual space:
  Non-class space:       88.00 MB reserved,      86.87 MB ( 99%) committed 
      Class space:        1.00 GB reserved,      13.13 MB (  1%) committed 
             Both:        1.09 GB reserved,     100.00 MB (  9%) committed 

Chunk freelists:
   Non-Class:  13.00 KB
       Class:  0 bytes
        Both:  13.00 KB

MaxMetaspaceSize: 17179869184.00 GB
CompressedClassSpaceSize: 1.00 GB

CodeHeap 'non-profiled nmethods': size=119168Kb used=6746Kb max_used=6746Kb free=112422Kb
 bounds [0x00000281c53a0000, 0x00000281c5a40000, 0x00000281cc800000]
CodeHeap 'profiled nmethods': size=119168Kb used=28953Kb max_used=28953Kb free=90214Kb
 bounds [0x00000281bdf40000, 0x00000281bfba0000, 0x00000281c53a0000]
CodeHeap 'non-nmethods': size=7424Kb used=2285Kb max_used=4003Kb free=5138Kb
 bounds [0x00000281bd800000, 0x00000281bdc80000, 0x00000281bdf40000]
 total_blobs=15412 nmethods=14526 adapters=796
 compilation: enabled
              stopped_count=0, restarted_count=0
 full_count=0

Compilation events (20 events):
Event: 169.911 Thread 0x00000281d5d37800 17294       2       com.android.build.gradle.internal.cxx.configure.AbiConfigurator$1$1$selectedAbis$1::invoke (12 bytes)
Event: 169.911 Thread 0x00000281d5d37800 nmethod 17294 0x00000281bfb9b510 code [0x00000281bfb9b6e0, 0x00000281bfb9b918]
Event: 169.911 Thread 0x00000281d5d37800 17295       2       com.android.build.gradle.internal.cxx.configure.AbiConfigurator$1$1$selectedAbis$1::invoke (28 bytes)
Event: 169.911 Thread 0x00000281d5d37800 nmethod 17295 0x00000281bfb9ba90 code [0x00000281bfb9bc60, 0x00000281bfb9be18]
Event: 169.911 Thread 0x00000281d5d37800 17296       2       com.google.gson.internal.bind.ObjectTypeAdapter::write (47 bytes)
Event: 169.912 Thread 0x00000281d5d37800 nmethod 17296 0x00000281bfb9bf10 code [0x00000281bfb9c120, 0x00000281bfb9c3f8]
Event: 169.918 Thread 0x00000281d5d37800 17297       2       java.lang.Enum::compareTo (9 bytes)
Event: 169.918 Thread 0x00000281d5d37800 nmethod 17297 0x00000281bfb9c610 code [0x00000281bfb9c7c0, 0x00000281bfb9c908]
Event: 169.920 Thread 0x00000281d5d37800 17298       2       com.android.build.gradle.internal.cxx.settings.CxxAbiModelCMakeSettingsRewriterKt::rewriteCxxAbiModelWithCMakeSettings (279 bytes)
Event: 169.921 Thread 0x00000281d5d37800 nmethod 17298 0x00000281bfb9ca10 code [0x00000281bfb9cda0, 0x00000281bfb9e448]
Event: 169.921 Thread 0x00000281d5d37800 17299   !   2       com.google.common.cache.LocalCache$LocalLoadingCache::getUnchecked (19 bytes)
Event: 169.922 Thread 0x00000281d5d37800 nmethod 17299 0x00000281bfb9ec10 code [0x00000281bfb9ee20, 0x00000281bfb9f1d8]
Event: 169.942 Thread 0x00000281d5d37800 17300       2       java.lang.ProcessEnvironment::addToEnv (20 bytes)
Event: 169.942 Thread 0x00000281d5d37800 nmethod 17300 0x00000281bfb9f610 code [0x00000281bfb9f7e0, 0x00000281bfb9f958]
Event: 170.004 Thread 0x00000281d5d2a000 nmethod 17178% 0x00000281c5a2b510 code [0x00000281c5a2ba80, 0x00000281c5a33418]
Event: 170.005 Thread 0x00000281d5d2a000 17281       4       com.google.gson.internal.Excluder::excludeField (226 bytes)
Event: 170.007 Thread 0x00000281d5d2a000 nmethod 17281 0x00000281c5a37b10 code [0x00000281c5a37d20, 0x00000281c5a38040]
Event: 170.007 Thread 0x00000281d5d2a000 17234       4       org.gradle.api.internal.collections.AbstractIterationOrderRetainingElementSource$RealizedElementCollectionIterator::hasNext (13 bytes)
Event: 170.008 Thread 0x00000281d5d2a000 nmethod 17234 0x00000281c5a38390 code [0x00000281c5a38520, 0x00000281c5a38598]
Event: 170.008 Thread 0x00000281d5d2a000 16875       4       java.lang.reflect.AccessibleObject::checkAccess (40 bytes)

GC Heap History (20 events):
Event: 64.155 GC heap before
{Heap before GC invocations=16 (full 0):
 garbage-first heap   total 260096K, used 201237K [0x0000000080000000, 0x0000000100000000)
  region size 1024K, 123 young (125952K), 16 survivors (16384K)
 Metaspace       used 96360K, capacity 99155K, committed 99452K, reserved 1136640K
  class space    used 12130K, capacity 12999K, committed 13056K, reserved 1048576K
}
Event: 64.165 GC heap after
{Heap after GC invocations=17 (full 0):
 garbage-first heap   total 260096K, used 101835K [0x0000000080000000, 0x0000000100000000)
  region size 1024K, 11 young (11264K), 11 survivors (11264K)
 Metaspace       used 96360K, capacity 99155K, committed 99452K, reserved 1136640K
  class space    used 12130K, capacity 12999K, committed 13056K, reserved 1048576K
}
Event: 65.996 GC heap before
{Heap before GC invocations=17 (full 0):
 garbage-first heap   total 260096K, used 220619K [0x0000000080000000, 0x0000000100000000)
  region size 1024K, 111 young (113664K), 11 survivors (11264K)
 Metaspace       used 96572K, capacity 99363K, committed 99452K, reserved 1136640K
  class space    used 12132K, capacity 13003K, committed 13056K, reserved 1048576K
}
Event: 66.002 GC heap after
{Heap after GC invocations=18 (full 0):
 garbage-first heap   total 260096K, used 105274K [0x0000000080000000, 0x0000000100000000)
  region size 1024K, 4 young (4096K), 4 survivors (4096K)
 Metaspace       used 96572K, capacity 99363K, committed 99452K, reserved 1136640K
  class space    used 12132K, capacity 13003K, committed 13056K, reserved 1048576K
}
Event: 68.126 GC heap before
{Heap before GC invocations=18 (full 0):
 garbage-first heap   total 260096K, used 208698K [0x0000000080000000, 0x0000000100000000)
  region size 1024K, 106 young (108544K), 4 survivors (4096K)
 Metaspace       used 97930K, capacity 100951K, committed 101116K, reserved 1136640K
  class space    used 12281K, capacity 13175K, committed 13184K, reserved 1048576K
}
Event: 68.131 GC heap after
{Heap after GC invocations=19 (full 0):
 garbage-first heap   total 260096K, used 109749K [0x0000000080000000, 0x0000000100000000)
  region size 1024K, 9 young (9216K), 9 survivors (9216K)
 Metaspace       used 97930K, capacity 100951K, committed 101116K, reserved 1136640K
  class space    used 12281K, capacity 13175K, committed 13184K, reserved 1048576K
}
Event: 112.365 GC heap before
{Heap before GC invocations=19 (full 0):
 garbage-first heap   total 260096K, used 209077K [0x0000000080000000, 0x0000000100000000)
  region size 1024K, 107 young (109568K), 9 survivors (9216K)
 Metaspace       used 98327K, capacity 101282K, committed 101500K, reserved 1138688K
  class space    used 12303K, capacity 13229K, committed 13312K, reserved 1048576K
}
Event: 112.370 GC heap after
{Heap after GC invocations=20 (full 0):
 garbage-first heap   total 260096K, used 114121K [0x0000000080000000, 0x0000000100000000)
  region size 1024K, 11 young (11264K), 11 survivors (11264K)
 Metaspace       used 98327K, capacity 101282K, committed 101500K, reserved 1138688K
  class space    used 12303K, capacity 13229K, committed 13312K, reserved 1048576K
}
Event: 112.572 GC heap before
{Heap before GC invocations=20 (full 0):
 garbage-first heap   total 260096K, used 177609K [0x0000000080000000, 0x0000000100000000)
  region size 1024K, 64 young (65536K), 11 survivors (11264K)
 Metaspace       used 98395K, capacity 101331K, committed 101500K, reserved 1138688K
  class space    used 12311K, capacity 13243K, committed 13312K, reserved 1048576K
}
Event: 112.614 GC heap after
{Heap after GC invocations=21 (full 0):
 garbage-first heap   total 260096K, used 135636K [0x0000000080000000, 0x0000000100000000)
  region size 1024K, 13 young (13312K), 13 survivors (13312K)
 Metaspace       used 98395K, capacity 101331K, committed 101500K, reserved 1138688K
  class space    used 12311K, capacity 13243K, committed 13312K, reserved 1048576K
}
Event: 113.588 GC heap before
{Heap before GC invocations=22 (full 0):
 garbage-first heap   total 260096K, used 208340K [0x0000000080000000, 0x0000000100000000)
  region size 1024K, 79 young (80896K), 13 survivors (13312K)
 Metaspace       used 98481K, capacity 101547K, committed 101756K, reserved 1138688K
  class space    used 12313K, capacity 13248K, committed 13312K, reserved 1048576K
}
Event: 113.594 GC heap after
{Heap after GC invocations=23 (full 0):
 garbage-first heap   total 260096K, used 136923K [0x0000000080000000, 0x0000000100000000)
  region size 1024K, 4 young (4096K), 4 survivors (4096K)
 Metaspace       used 98481K, capacity 101547K, committed 101756K, reserved 1138688K
  class space    used 12313K, capacity 13248K, committed 13312K, reserved 1048576K
}
Event: 113.609 GC heap before
{Heap before GC invocations=23 (full 0):
 garbage-first heap   total 260096K, used 144091K [0x0000000080000000, 0x0000000100000000)
  region size 1024K, 12 young (12288K), 4 survivors (4096K)
 Metaspace       used 98482K, capacity 101547K, committed 101756K, reserved 1138688K
  class space    used 12313K, capacity 13248K, committed 13312K, reserved 1048576K
}
Event: 113.612 GC heap after
{Heap after GC invocations=24 (full 0):
 garbage-first heap   total 260096K, used 127816K [0x0000000080000000, 0x0000000100000000)
  region size 1024K, 1 young (1024K), 1 survivors (1024K)
 Metaspace       used 98482K, capacity 101547K, committed 101756K, reserved 1138688K
  class space    used 12313K, capacity 13248K, committed 13312K, reserved 1048576K
}
Event: 169.359 GC heap before
{Heap before GC invocations=24 (full 0):
 garbage-first heap   total 260096K, used 201544K [0x0000000080000000, 0x0000000100000000)
  region size 1024K, 74 young (75776K), 1 survivors (1024K)
 Metaspace       used 98848K, capacity 101861K, committed 102140K, reserved 1138688K
  class space    used 12350K, capacity 13314K, committed 13440K, reserved 1048576K
}
Event: 169.365 GC heap after
{Heap after GC invocations=25 (full 0):
 garbage-first heap   total 260096K, used 134644K [0x0000000080000000, 0x0000000100000000)
  region size 1024K, 8 young (8192K), 8 survivors (8192K)
 Metaspace       used 98848K, capacity 101861K, committed 102140K, reserved 1138688K
  class space    used 12350K, capacity 13314K, committed 13440K, reserved 1048576K
}
Event: 169.623 GC heap before
{Heap before GC invocations=26 (full 0):
 garbage-first heap   total 260096K, used 212468K [0x0000000080000000, 0x0000000100000000)
  region size 1024K, 77 young (78848K), 8 survivors (8192K)
 Metaspace       used 98905K, capacity 101918K, committed 102140K, reserved 1138688K
  class space    used 12360K, capacity 13333K, committed 13440K, reserved 1048576K
}
Event: 169.628 GC heap after
{Heap after GC invocations=27 (full 0):
 garbage-first heap   total 260096K, used 126828K [0x0000000080000000, 0x0000000100000000)
  region size 1024K, 2 young (2048K), 2 survivors (2048K)
 Metaspace       used 98905K, capacity 101918K, committed 102140K, reserved 1138688K
  class space    used 12360K, capacity 13333K, committed 13440K, reserved 1048576K
}
Event: 169.741 GC heap before
{Heap before GC invocations=27 (full 0):
 garbage-first heap   total 260096K, used 137068K [0x0000000080000000, 0x0000000100000000)
  region size 1024K, 12 young (12288K), 2 survivors (2048K)
 Metaspace       used 98951K, capacity 102021K, committed 102140K, reserved 1138688K
  class space    used 12367K, capacity 13346K, committed 13440K, reserved 1048576K
}
Event: 169.744 GC heap after
{Heap after GC invocations=28 (full 0):
 garbage-first heap   total 260096K, used 114456K [0x0000000080000000, 0x0000000100000000)
  region size 1024K, 1 young (1024K), 1 survivors (1024K)
 Metaspace       used 98951K, capacity 102021K, committed 102140K, reserved 1138688K
  class space    used 12367K, capacity 13346K, committed 13440K, reserved 1048576K
}

Deoptimization events (20 events):
Event: 169.243 Thread 0x00000281d789a800 DEOPT PACKING pc=0x00000281bf22b3ee sp=0x000000be421fa360
Event: 169.243 Thread 0x00000281d789a800 DEOPT UNPACKING pc=0x00000281bd8272ce sp=0x000000be421f9880 mode 0
Event: 169.344 Thread 0x00000281db7d4800 DEOPT PACKING pc=0x00000281bf22b3cd sp=0x000000be444fb2c0
Event: 169.344 Thread 0x00000281db7d4800 DEOPT UNPACKING pc=0x00000281bd8272ce sp=0x000000be444fa7e0 mode 0
Event: 169.418 Thread 0x00000281dc248000 Uncommon trap: trap_request=0xffffff4d fr.pc=0x00000281c59f1944 relative=0x00000000000004a4
Event: 169.418 Thread 0x00000281dc248000 Uncommon trap: reason=unstable_if action=reinterpret pc=0x00000281c59f1944 method=java.util.concurrent.ConcurrentLinkedQueue.poll()Ljava/lang/Object; @ 73 c2
Event: 169.418 Thread 0x00000281dc248000 DEOPT PACKING pc=0x00000281c59f1944 sp=0x000000be422fd130
Event: 169.418 Thread 0x00000281dc248000 DEOPT UNPACKING pc=0x00000281bd8274af sp=0x000000be422fd0e0 mode 2
Event: 169.475 Thread 0x00000281db7d4800 Uncommon trap: trap_request=0xffffff7e fr.pc=0x00000281c59e77e0 relative=0x0000000000000520
Event: 169.475 Thread 0x00000281db7d4800 Uncommon trap: reason=predicate action=maybe_recompile pc=0x00000281c59e77e0 method=java.util.TimSort.reverseRange([Ljava/lang/Object;II)V @ 5 c2
Event: 169.475 Thread 0x00000281db7d4800 DEOPT PACKING pc=0x00000281c59e77e0 sp=0x000000be444fad90
Event: 169.475 Thread 0x00000281db7d4800 DEOPT UNPACKING pc=0x00000281bd8274af sp=0x000000be444facc8 mode 2
Event: 169.493 Thread 0x00000281db7d4800 DEOPT PACKING pc=0x00000281bf2674db sp=0x000000be444fadf0
Event: 169.493 Thread 0x00000281db7d4800 DEOPT UNPACKING pc=0x00000281bd8272ce sp=0x000000be444fa2f0 mode 0
Event: 169.496 Thread 0x00000281db7d4800 DEOPT PACKING pc=0x00000281bf26932b sp=0x000000be444fab10
Event: 169.496 Thread 0x00000281db7d4800 DEOPT UNPACKING pc=0x00000281bd8272ce sp=0x000000be444f9fc8 mode 0
Event: 169.499 Thread 0x00000281db7d4800 DEOPT PACKING pc=0x00000281bf2648b0 sp=0x000000be444fab80
Event: 169.499 Thread 0x00000281db7d4800 DEOPT UNPACKING pc=0x00000281bd8272ce sp=0x000000be444fa260 mode 0
Event: 169.536 Thread 0x00000281db7d4800 DEOPT PACKING pc=0x00000281bf0e2a74 sp=0x000000be444faf20
Event: 169.536 Thread 0x00000281db7d4800 DEOPT UNPACKING pc=0x00000281bd8272ce sp=0x000000be444fa478 mode 0

Classes redefined (0 events):
No events

Internal exceptions (20 events):
Event: 112.809 Thread 0x00000281dc24e000 Exception <a 'sun/nio/fs/WindowsException'{0x000000008f3e3838}> (0x000000008f3e3838) thrown at [./src/hotspot/share/prims/jni.cpp, line 615]
Event: 112.810 Thread 0x00000281dc24e000 Exception <a 'sun/nio/fs/WindowsException'{0x000000008f3ec9d8}> (0x000000008f3ec9d8) thrown at [./src/hotspot/share/prims/jni.cpp, line 615]
Event: 112.810 Thread 0x00000281dc24e000 Exception <a 'sun/nio/fs/WindowsException'{0x000000008f3ed3e8}> (0x000000008f3ed3e8) thrown at [./src/hotspot/share/prims/jni.cpp, line 615]
Event: 113.680 Thread 0x00000281db5f1800 Exception <a 'sun/nio/fs/WindowsException'{0x000000008e3643b8}> (0x000000008e3643b8) thrown at [./src/hotspot/share/prims/jni.cpp, line 615]
Event: 113.680 Thread 0x00000281db5f1800 Exception <a 'sun/nio/fs/WindowsException'{0x000000008e364fe8}> (0x000000008e364fe8) thrown at [./src/hotspot/share/prims/jni.cpp, line 615]
Event: 113.682 Thread 0x00000281db5f1800 Exception <a 'sun/nio/fs/WindowsException'{0x000000008e366310}> (0x000000008e366310) thrown at [./src/hotspot/share/prims/jni.cpp, line 615]
Event: 113.682 Thread 0x00000281db5f1800 Exception <a 'sun/nio/fs/WindowsException'{0x000000008e366f38}> (0x000000008e366f38) thrown at [./src/hotspot/share/prims/jni.cpp, line 615]
Event: 113.682 Thread 0x00000281db5f1800 Exception <a 'sun/nio/fs/WindowsException'{0x000000008e367248}> (0x000000008e367248) thrown at [./src/hotspot/share/prims/jni.cpp, line 615]
Event: 113.682 Thread 0x00000281db5f1800 Exception <a 'sun/nio/fs/WindowsException'{0x000000008e367e40}> (0x000000008e367e40) thrown at [./src/hotspot/share/prims/jni.cpp, line 615]
Event: 113.683 Thread 0x00000281db5f1800 Implicit null exception at 0x00000281c587cb31 to 0x00000281c587ccc8
Event: 114.817 Thread 0x00000281dc24f800 Exception <a 'sun/nio/fs/WindowsException'{0x000000008e102050}> (0x000000008e102050) thrown at [./src/hotspot/share/prims/jni.cpp, line 615]
Event: 114.817 Thread 0x00000281dc24f800 Exception <a 'sun/nio/fs/WindowsException'{0x000000008e102360}> (0x000000008e102360) thrown at [./src/hotspot/share/prims/jni.cpp, line 615]
Event: 114.862 Thread 0x00000281db5f1800 Exception <a 'java/lang/reflect/InvocationTargetException'{0x000000008e238960}> (0x000000008e238960) thrown at [./src/hotspot/share/runtime/reflection.cpp, line 1247]
Event: 169.110 Thread 0x00000281d789a800 Exception <a 'sun/nio/fs/WindowsException'{0x000000008cde8810}> (0x000000008cde8810) thrown at [./src/hotspot/share/prims/jni.cpp, line 615]
Event: 169.267 Thread 0x00000281db7d4800 Exception <a 'sun/nio/fs/WindowsException'{0x000000008bd6a6f0}> (0x000000008bd6a6f0) thrown at [./src/hotspot/share/prims/jni.cpp, line 615]
Event: 169.267 Thread 0x00000281db7d4800 Exception <a 'sun/nio/fs/WindowsException'{0x000000008bd6b0b0}> (0x000000008bd6b0b0) thrown at [./src/hotspot/share/prims/jni.cpp, line 615]
Event: 169.687 Thread 0x00000281db7d2000 Exception <a 'sun/nio/fs/WindowsException'{0x000000008f9bdd08}> (0x000000008f9bdd08) thrown at [./src/hotspot/share/prims/jni.cpp, line 615]
Event: 169.687 Thread 0x00000281db7d2000 Exception <a 'sun/nio/fs/WindowsException'{0x000000008f9be908}> (0x000000008f9be908) thrown at [./src/hotspot/share/prims/jni.cpp, line 615]
Event: 169.688 Thread 0x00000281db7d2000 Exception <a 'sun/nio/fs/WindowsException'{0x000000008f9c8cd0}> (0x000000008f9c8cd0) thrown at [./src/hotspot/share/prims/jni.cpp, line 615]
Event: 169.688 Thread 0x00000281db7d2000 Exception <a 'sun/nio/fs/WindowsException'{0x000000008f9c9920}> (0x000000008f9c9920) thrown at [./src/hotspot/share/prims/jni.cpp, line 615]

Events (20 events):
Event: 169.729 Executing VM operation: RevokeBias
Event: 169.729 Executing VM operation: RevokeBias done
Event: 169.729 Executing VM operation: RevokeBias
Event: 169.729 Executing VM operation: RevokeBias done
Event: 169.729 Executing VM operation: RevokeBias
Event: 169.729 Executing VM operation: RevokeBias done
Event: 169.729 Executing VM operation: RevokeBias
Event: 169.729 Executing VM operation: RevokeBias done
Event: 169.729 Executing VM operation: RevokeBias
Event: 169.730 Executing VM operation: RevokeBias done
Event: 169.730 Executing VM operation: RevokeBias
Event: 169.730 Executing VM operation: RevokeBias done
Event: 169.730 Executing VM operation: BulkRevokeBias
Event: 169.732 Executing VM operation: BulkRevokeBias done
Event: 169.741 Executing VM operation: G1CollectForAllocation
Event: 169.744 Executing VM operation: G1CollectForAllocation done
Event: 169.884 Executing VM operation: RevokeBias
Event: 169.884 Executing coalesced safepoint VM operation: BulkRevokeBias
Event: 169.885 Executing coalesced safepoint VM operation: BulkRevokeBias done
Event: 169.885 Executing VM operation: RevokeBias done


Dynamic libraries:
0x00007ff723f20000 - 0x00007ff723f2a000 	D:\Android\Android Studio\jre\bin\java.exe
0x00007ffb0ec10000 - 0x00007ffb0ee05000 	C:\Windows\SYSTEM32\ntdll.dll
0x00007ffb0cfd0000 - 0x00007ffb0d08d000 	C:\Windows\System32\KERNEL32.DLL
0x00007ffb0c460000 - 0x00007ffb0c729000 	C:\Windows\System32\KERNELBASE.dll
0x00007ffb0ca40000 - 0x00007ffb0cb40000 	C:\Windows\System32\ucrtbase.dll
0x00007ffaf42d0000 - 0x00007ffaf42e9000 	D:\Android\Android Studio\jre\bin\jli.dll
0x00007ffae77d0000 - 0x00007ffae77e7000 	D:\Android\Android Studio\jre\bin\VCRUNTIME140.dll
0x00007ffb0d090000 - 0x00007ffb0d230000 	C:\Windows\System32\USER32.dll
0x00007ffb0c7c0000 - 0x00007ffb0c7e2000 	C:\Windows\System32\win32u.dll
0x00007ffb0eba0000 - 0x00007ffb0ebca000 	C:\Windows\System32\GDI32.dll
0x00007ffb0c350000 - 0x00007ffb0c45b000 	C:\Windows\System32\gdi32full.dll
0x00007ffb0c840000 - 0x00007ffb0c8dd000 	C:\Windows\System32\msvcp_win.dll
0x00007ffaf92d0000 - 0x00007ffaf956a000 	C:\Windows\WinSxS\amd64_microsoft.windows.common-controls_6595b64144ccf1df_6.0.19041.1110_none_60b5254171f9507e\COMCTL32.dll
0x00007ffb0dd60000 - 0x00007ffb0ddfe000 	C:\Windows\System32\msvcrt.dll
0x00007ffb0e010000 - 0x00007ffb0e040000 	C:\Windows\System32\IMM32.DLL
0x00007ffac7e70000 - 0x00007ffac7f0d000 	D:\Android\Android Studio\jre\bin\msvcp140.dll
0x00007ffacdb30000 - 0x00007fface5ec000 	D:\Android\Android Studio\jre\bin\server\jvm.dll
0x00007ffb0cdf0000 - 0x00007ffb0ce9c000 	C:\Windows\System32\ADVAPI32.dll
0x00007ffb0cc80000 - 0x00007ffb0cd1b000 	C:\Windows\System32\sechost.dll
0x00007ffb0cea0000 - 0x00007ffb0cfca000 	C:\Windows\System32\RPCRT4.dll
0x00007ffb0e1c0000 - 0x00007ffb0e1c8000 	C:\Windows\System32\PSAPI.DLL
0x00007ffaf5390000 - 0x00007ffaf5399000 	C:\Windows\SYSTEM32\WSOCK32.dll
0x00007ffb04f60000 - 0x00007ffb04f6a000 	C:\Windows\SYSTEM32\VERSION.dll
0x00007ffafc2d0000 - 0x00007ffafc2f7000 	C:\Windows\SYSTEM32\WINMM.dll
0x00007ffb0de00000 - 0x00007ffb0de6b000 	C:\Windows\System32\WS2_32.dll
0x00007ffb0ac10000 - 0x00007ffb0ac22000 	C:\Windows\SYSTEM32\kernel.appcore.dll
0x00007ffaf3f10000 - 0x00007ffaf3f21000 	D:\Android\Android Studio\jre\bin\verify.dll
0x00007ffb0aa00000 - 0x00007ffb0abe4000 	C:\Windows\SYSTEM32\DBGHELP.DLL
0x00007ffaf5670000 - 0x00007ffaf569c000 	C:\Windows\SYSTEM32\dbgcore.DLL
0x00007ffb0c730000 - 0x00007ffb0c7b3000 	C:\Windows\System32\bcryptPrimitives.dll
0x00007ffaecf70000 - 0x00007ffaecf99000 	D:\Android\Android Studio\jre\bin\java.dll
0x00007ffaf5380000 - 0x00007ffaf538b000 	D:\Android\Android Studio\jre\bin\jimage.dll
0x00007ffaee4a0000 - 0x00007ffaee4b8000 	D:\Android\Android Studio\jre\bin\zip.dll
0x00007ffb0d290000 - 0x00007ffb0d9cf000 	C:\Windows\System32\SHELL32.dll
0x00007ffb0a190000 - 0x00007ffb0a921000 	C:\Windows\SYSTEM32\windows.storage.dll
0x00007ffb0e840000 - 0x00007ffb0eb95000 	C:\Windows\System32\combase.dll
0x00007ffb0bdc0000 - 0x00007ffb0bdec000 	C:\Windows\SYSTEM32\Wldp.dll
0x00007ffb0e1d0000 - 0x00007ffb0e27e000 	C:\Windows\System32\SHCORE.dll
0x00007ffb0d230000 - 0x00007ffb0d285000 	C:\Windows\System32\shlwapi.dll
0x00007ffb0c290000 - 0x00007ffb0c2af000 	C:\Windows\SYSTEM32\profapi.dll
0x00007ffaee200000 - 0x00007ffaee21a000 	D:\Android\Android Studio\jre\bin\net.dll
0x00007ffafbf80000 - 0x00007ffafc08a000 	C:\Windows\SYSTEM32\WINHTTP.dll
0x00007ffb0bb20000 - 0x00007ffb0bb8a000 	C:\Windows\system32\mswsock.dll
0x00007ffadc300000 - 0x00007ffadc314000 	D:\Android\Android Studio\jre\bin\nio.dll
0x00007ffaecbc0000 - 0x00007ffaecbe7000 	C:\Users\SeongYun\.gradle\native\f6784746aeab05261644944871eae4fe03e0ef1612fff0a4a95f87b438bc6780\windows-amd64\native-platform.dll
0x00007ffaf3480000 - 0x00007ffaf348a000 	D:\Android\Android Studio\jre\bin\management.dll
0x00007ffaed8e0000 - 0x00007ffaed8ec000 	D:\Android\Android Studio\jre\bin\management_ext.dll
0x00007ffb0bd00000 - 0x00007ffb0bd18000 	C:\Windows\SYSTEM32\CRYPTSP.dll
0x00007ffb0b450000 - 0x00007ffb0b484000 	C:\Windows\system32\rsaenh.dll
0x00007ffb0cba0000 - 0x00007ffb0cbc7000 	C:\Windows\System32\bcrypt.dll
0x00007ffb0c210000 - 0x00007ffb0c23e000 	C:\Windows\SYSTEM32\USERENV.dll
0x00007ffb0bd20000 - 0x00007ffb0bd2c000 	C:\Windows\SYSTEM32\CRYPTBASE.dll
0x00007ffb0b7c0000 - 0x00007ffb0b7fb000 	C:\Windows\SYSTEM32\IPHLPAPI.DLL
0x00007ffb0e340000 - 0x00007ffb0e348000 	C:\Windows\System32\NSI.dll
0x00007ffb03e40000 - 0x00007ffb03e57000 	C:\Windows\SYSTEM32\dhcpcsvc6.DLL
0x00007ffb04f70000 - 0x00007ffb04f8d000 	C:\Windows\SYSTEM32\dhcpcsvc.DLL
0x00007ffb0b800000 - 0x00007ffb0b8cc000 	C:\Windows\SYSTEM32\DNSAPI.dll
0x00007ffb051b0000 - 0x00007ffb051bb000 	C:\Windows\SYSTEM32\WINNSI.DLL

dbghelp: loaded successfully - version: 4.0.5 - missing functions: none
symbol engine: initialized successfully - sym options: 0x614 - pdb path: .;D:\Android\Android Studio\jre\bin;C:\Windows\SYSTEM32;C:\Windows\WinSxS\amd64_microsoft.windows.common-controls_6595b64144ccf1df_6.0.19041.1110_none_60b5254171f9507e;D:\Android\Android Studio\jre\bin\server;C:\Users\SeongYun\.gradle\native\f6784746aeab05261644944871eae4fe03e0ef1612fff0a4a95f87b438bc6780\windows-amd64

VM Arguments:
jvm_args: --add-opens=java.base/java.util=ALL-UNNAMED --add-opens=java.base/java.lang=ALL-UNNAMED --add-opens=java.base/java.lang.invoke=ALL-UNNAMED --add-opens=java.prefs/java.util.prefs=ALL-UNNAMED -Xmx2048m -Dfile.encoding=UTF-8 -Duser.country=KR -Duser.language=ko -Duser.variant 
java_command: org.gradle.launcher.daemon.bootstrap.GradleDaemon 6.5
java_class_path (initial): C:\Users\SeongYun\.gradle\wrapper\dists\gradle-6.5-bin\6nifqtx7604sqp1q6g8wikw7p\gradle-6.5\lib\gradle-launcher-6.5.jar
Launcher Type: SUN_STANDARD

[Global flags]
     intx CICompilerCount                          = 12                                        {product} {ergonomic}
     uint ConcGCThreads                            = 3                                         {product} {ergonomic}
     uint G1ConcRefinementThreads                  = 13                                        {product} {ergonomic}
   size_t G1HeapRegionSize                         = 1048576                                   {product} {ergonomic}
    uintx GCDrainStackTargetSize                   = 64                                        {product} {ergonomic}
   size_t InitialHeapSize                          = 266338304                                 {product} {ergonomic}
   size_t MarkStackSize                            = 4194304                                   {product} {ergonomic}
   size_t MaxHeapSize                              = 2147483648                                {product} {command line}
   size_t MaxNewSize                               = 1287651328                                {product} {ergonomic}
   size_t MinHeapDeltaBytes                        = 1048576                                   {product} {ergonomic}
    uintx NonNMethodCodeHeapSize                   = 7594288                                {pd product} {ergonomic}
    uintx NonProfiledCodeHeapSize                  = 122031976                              {pd product} {ergonomic}
    uintx ProfiledCodeHeapSize                     = 122031976                              {pd product} {ergonomic}
    uintx ReservedCodeCacheSize                    = 251658240                              {pd product} {ergonomic}
     bool SegmentedCodeCache                       = true                                      {product} {ergonomic}
     bool UseCompressedClassPointers               = true                                 {lp64_product} {ergonomic}
     bool UseCompressedOops                        = true                                 {lp64_product} {ergonomic}
     bool UseG1GC                                  = true                                      {product} {ergonomic}
     bool UseLargePagesIndividualAllocation        = false                                  {pd product} {ergonomic}

Logging:
Log output configuration:
 #0: stdout all=warning uptime,level,tags
 #1: stderr all=off uptime,level,tags

Environment Variables:
PATH=C:\Program Files\Common Files\Oracle\Java\javapath;C:\Windows\system32;C:\Windows;C:\Windows\System32\Wbem;C:\Windows\System32\WindowsPowerShell\v1.0\;C:\Windows\System32\OpenSSH\;D:\Git\cmd;C:\Program Files\dotnet\;C:\Users\SeongYun\AppData\Local\Programs\Python\Python39\Scripts\;C:\Users\SeongYun\AppData\Local\Programs\Python\Python39\;C:\Users\SeongYun\AppData\Local\Microsoft\WindowsApps;C:\Program Files\Bandizip\;C:\Users\SeongYun\.dotnet\tools
USERNAME=SeongYun
OS=Windows_NT
PROCESSOR_IDENTIFIER=AMD64 Family 23 Model 96 Stepping 1, AuthenticAMD



---------------  S Y S T E M  ---------------

OS: Windows 10 , 64 bit Build 19041 (10.0.19041.1023)
OS uptime: 0 days 6:26 hours

CPU:total 16 (initial active 16) (16 cores per cpu, 2 threads per core) family 23 model 96 stepping 1, cmov, cx8, fxsr, mmx, sse, sse2, sse3, ssse3, sse4.1, sse4.2, popcnt, avx, avx2, aes, clmul, mmxext, 3dnowpref, lzcnt, sse4a, ht, tsc, tscinvbit, tscinv, bmi1, bmi2, adx, sha, fma

Memory: 4k page, system-wide physical 16253M (140M free)
TotalPageFile size 46696M (AvailPageFile size 7M)
current process WorkingSet (physical memory assigned to process): 463M, peak: 515M
current process commit charge ("private bytes"): 578M, peak: 584M

vm_info: OpenJDK 64-Bit Server VM (11.0.8+10-b944.6842174) for windows-amd64 JRE (11.0.8+10-b944.6842174), built on Sep 19 2020 01:11:42 by "builder" with MS VC++ 14.0 (VS2015)

END.
